{"meta": {"format": 3, "version": "7.6.8", "timestamp": "2026-04-12T10:38:50.511798", "branch_coverage": false, "show_contexts": false}, "files": {"custom_components/carmabox/__init__.py": {"executed_lines": [1, 8, 10, 11, 13, 14, 19, 20, 22, 29, 31, 34, 36, 38, 39, 41, 44, 45, 51, 54, 55, 56, 58, 60, 61, 62, 63, 64, 65, 66, 67, 68, 69, 70, 75, 76, 82, 83, 86, 88, 89, 92, 94, 95], "summary": {"covered_lines": 42, "num_statements": 46, "percent_covered": 91.30434782608695, "percent_covered_display": "91", "missing_lines": 4, "excluded_lines": 2}, "missing_lines": [46, 47, 48, 50], "excluded_lines": [22, 23], "functions": {"async_setup_entry": {"executed_lines": [36, 38, 39, 41, 44, 45, 51, 54, 55, 56, 58, 60, 61, 75, 76, 82, 83], "summary": {"covered_lines": 17, "num_statements": 21, "percent_covered": 80.95238095238095, "percent_covered_display": "81", "missing_lines": 4, "excluded_lines": 0}, "missing_lines": [46, 47, 48, 50], "excluded_lines": []}, "async_setup_entry._on_cable_change": {"executed_lines": [62, 63, 64, 65, 66, 67, 68, 69, 70], "summary": {"covered_lines": 9, "num_statements": 9, "percent_covered": 100.0, "percent_covered_display": "100", "missing_lines": 0, "excluded_lines": 0}, "missing_lines": [], "excluded_lines": []}, "async_unload_entry": {"executed_lines": [88, 89], "summary": {"covered_lines": 2, "num_statements": 2, "percent_covered": 100.0, "percent_covered_display": "100", "missing_lines": 0, "excluded_lines": 0}, "missing_lines": [], "excluded_lines": []}, "_async_options_updated": {"executed_lines": [94, 95], "summary": {"covered_lines": 2, "num_statements": 2, "percent_covered": 100.0, "percent_covered_display": "100", "missing_lines": 0, "excluded_lines": 0}, "missing_lines": [], "excluded_lines": []}, "": {"executed_lines": [1, 8, 10, 11, 13, 14, 19, 20, 22, 29, 31, 34, 86, 92], "summary": {"covered_lines": 12, "num_statements": 12, "percent_covered": 100.0, "percent_covered_display": "100", "missing_lines": 0, "excluded_lines": 2}, "missing_lines": [], "excluded_lines": [22, 23]}}, "classes": {"": {"executed_lines": [1, 8, 10, 11, 13, 14, 19, 20, 22, 29, 31, 34, 36, 38, 39, 41, 44, 45, 51, 54, 55, 56, 58, 60, 61, 62, 63, 64, 65, 66, 67, 68, 69, 70, 75, 76, 82, 83, 86, 88, 89, 92, 94, 95], "summary": {"covered_lines": 42, "num_statements": 46, "percent_covered": 91.30434782608695, "percent_covered_display": "91", "missing_lines": 4, "excluded_lines": 2}, "missing_lines": [46, 47, 48, 50], "excluded_lines": [22, 23]}}}, "custom_components/carmabox/adapters/__init__.py": {"executed_lines": [1, 8, 10, 13, 14, 16, 18, 19, 20, 23, 24, 25, 28, 29, 30, 33, 34, 35, 38, 39, 42, 43, 46, 47, 51, 52, 56, 66, 67, 72, 73, 75, 77, 78, 79, 82, 83, 84, 87, 88, 89, 92, 93, 94, 97, 98, 100, 102, 103, 106, 107, 110, 111, 114, 116, 118, 121, 122, 126, 127, 131, 135, 136, 140, 145, 146, 148, 149, 150, 153, 154, 155, 158, 159, 160, 164, 165, 167, 168, 169, 172, 173, 174, 177, 178, 179, 182, 183, 184, 187, 188, 189, 193, 194, 196, 197, 198, 201, 202, 203, 206, 207, 208, 211, 212, 213, 216, 217, 221, 222], "summary": {"covered_lines": 104, "num_statements": 115, "percent_covered": 90.43478260869566, "percent_covered_display": "90", "missing_lines": 11, "excluded_lines": 0}, "missing_lines": [49, 54, 64, 69, 124, 129, 133, 138, 142, 219, 224], "excluded_lines": [], "functions": {"InverterAdapter.soc": {"executed_lines": [], "summary": {"covered_lines": 0, "num_statements": 0, "percent_covered": 100.0, "percent_covered_display": "100", "missing_lines": 0, "excluded_lines": 0}, "missing_lines": [], "excluded_lines": []}, "InverterAdapter.power_w": {"executed_lines": [], "summary": {"covered_lines": 0, "num_statements": 0, "percent_covered": 100.0, "percent_covered_display": "100", "missing_lines": 0, "excluded_lines": 0}, "missing_lines": [], "excluded_lines": []}, "InverterAdapter.ems_mode": {"executed_lines": [], "summary": {"covered_lines": 0, "num_statements": 0, "percent_covered": 100.0, "percent_covered_display": "100", "missing_lines": 0, "excluded_lines": 0}, "missing_lines": [], "excluded_lines": []}, "InverterAdapter.temperature_c": {"executed_lines": [], "summary": {"covered_lines": 0, "num_statements": 0, "percent_covered": 100.0, "percent_covered_display": "100", "missing_lines": 0, "excluded_lines": 0}, "missing_lines": [], "excluded_lines": []}, "InverterAdapter.set_ems_mode": {"executed_lines": [], "summary": {"covered_lines": 0, "num_statements": 0, "percent_covered": 100.0, "percent_covered_display": "100", "missing_lines": 0, "excluded_lines": 0}, "missing_lines": [], "excluded_lines": []}, "InverterAdapter.set_discharge_limit": {"executed_lines": [], "summary": {"covered_lines": 0, "num_statements": 0, "percent_covered": 100.0, "percent_covered_display": "100", "missing_lines": 0, "excluded_lines": 0}, "missing_lines": [], "excluded_lines": []}, "InverterAdapter.max_discharge_w": {"executed_lines": [], "summary": {"covered_lines": 0, "num_statements": 1, "percent_covered": 0.0, "percent_covered_display": "0", "missing_lines": 1, "excluded_lines": 0}, "missing_lines": [49], "excluded_lines": []}, "InverterAdapter.max_charge_w": {"executed_lines": [], "summary": {"covered_lines": 0, "num_statements": 1, "percent_covered": 0.0, "percent_covered_display": "0", "missing_lines": 1, "excluded_lines": 0}, "missing_lines": [54], "excluded_lines": []}, "InverterAdapter.set_fast_charging": {"executed_lines": [], "summary": {"covered_lines": 0, "num_statements": 1, "percent_covered": 0.0, "percent_covered_display": "0", "missing_lines": 1, "excluded_lines": 0}, "missing_lines": [64], "excluded_lines": []}, "InverterAdapter.fast_charging_on": {"executed_lines": [], "summary": {"covered_lines": 0, "num_statements": 1, "percent_covered": 0.0, "percent_covered_display": "0", "missing_lines": 1, "excluded_lines": 0}, "missing_lines": [69], "excluded_lines": []}, "EVAdapter.status": {"executed_lines": [], "summary": {"covered_lines": 0, "num_statements": 0, "percent_covered": 100.0, "percent_covered_display": "100", "missing_lines": 0, "excluded_lines": 0}, "missing_lines": [], "excluded_lines": []}, "EVAdapter.current_a": {"executed_lines": [], "summary": {"covered_lines": 0, "num_statements": 0, "percent_covered": 100.0, "percent_covered_display": "100", "missing_lines": 0, "excluded_lines": 0}, "missing_lines": [], "excluded_lines": []}, "EVAdapter.power_w": {"executed_lines": [], "summary": {"covered_lines": 0, "num_statements": 0, "percent_covered": 100.0, "percent_covered_display": "100", "missing_lines": 0, "excluded_lines": 0}, "missing_lines": [], "excluded_lines": []}, "EVAdapter.is_charging": {"executed_lines": [], "summary": {"covered_lines": 0, "num_statements": 0, "percent_covered": 100.0, "percent_covered_display": "100", "missing_lines": 0, "excluded_lines": 0}, "missing_lines": [], "excluded_lines": []}, "EVAdapter.cable_locked": {"executed_lines": [100], "summary": {"covered_lines": 1, "num_statements": 1, "percent_covered": 100.0, "percent_covered_display": "100", "missing_lines": 0, "excluded_lines": 0}, "missing_lines": [], "excluded_lines": []}, "EVAdapter.enable": {"executed_lines": [], "summary": {"covered_lines": 0, "num_statements": 0, "percent_covered": 100.0, "percent_covered_display": "100", "missing_lines": 0, "excluded_lines": 0}, "missing_lines": [], "excluded_lines": []}, "EVAdapter.disable": {"executed_lines": [], "summary": {"covered_lines": 0, "num_statements": 0, "percent_covered": 100.0, "percent_covered_display": "100", "missing_lines": 0, "excluded_lines": 0}, "missing_lines": [], "excluded_lines": []}, "EVAdapter.set_current": {"executed_lines": [], "summary": {"covered_lines": 0, "num_statements": 0, "percent_covered": 100.0, "percent_covered_display": "100", "missing_lines": 0, "excluded_lines": 0}, "missing_lines": [], "excluded_lines": []}, "EVAdapter.reset_to_default": {"executed_lines": [116], "summary": {"covered_lines": 1, "num_statements": 1, "percent_covered": 100.0, "percent_covered_display": "100", "missing_lines": 0, "excluded_lines": 0}, "missing_lines": [], "excluded_lines": []}, "EVAdapter.ensure_initialized": {"executed_lines": [], "summary": {"covered_lines": 0, "num_statements": 0, "percent_covered": 100.0, "percent_covered_display": "100", "missing_lines": 0, "excluded_lines": 0}, "missing_lines": [], "excluded_lines": []}, "EVAdapter.charging_power_at_amps": {"executed_lines": [], "summary": {"covered_lines": 0, "num_statements": 1, "percent_covered": 0.0, "percent_covered_display": "0", "missing_lines": 1, "excluded_lines": 0}, "missing_lines": [124], "excluded_lines": []}, "EVAdapter.plug_connected": {"executed_lines": [], "summary": {"covered_lines": 0, "num_statements": 1, "percent_covered": 0.0, "percent_covered_display": "0", "missing_lines": 1, "excluded_lines": 0}, "missing_lines": [129], "excluded_lines": []}, "EVAdapter.check_unexpected_disconnect": {"executed_lines": [], "summary": {"covered_lines": 0, "num_statements": 1, "percent_covered": 0.0, "percent_covered_display": "0", "missing_lines": 1, "excluded_lines": 0}, "missing_lines": [133], "excluded_lines": []}, "EVAdapter.needs_recovery": {"executed_lines": [], "summary": {"covered_lines": 0, "num_statements": 1, "percent_covered": 0.0, "percent_covered_display": "0", "missing_lines": 1, "excluded_lines": 0}, "missing_lines": [138], "excluded_lines": []}, "EVAdapter.try_recover": {"executed_lines": [], "summary": {"covered_lines": 0, "num_statements": 1, "percent_covered": 0.0, "percent_covered_display": "0", "missing_lines": 1, "excluded_lines": 0}, "missing_lines": [142], "excluded_lines": []}, "PriceAdapter.current_price": {"executed_lines": [], "summary": {"covered_lines": 0, "num_statements": 0, "percent_covered": 100.0, "percent_covered_display": "100", "missing_lines": 0, "excluded_lines": 0}, "missing_lines": [], "excluded_lines": []}, "PriceAdapter.today_prices": {"executed_lines": [], "summary": {"covered_lines": 0, "num_statements": 0, "percent_covered": 100.0, "percent_covered_display": "100", "missing_lines": 0, "excluded_lines": 0}, "missing_lines": [], "excluded_lines": []}, "PriceAdapter.tomorrow_prices": {"executed_lines": [], "summary": {"covered_lines": 0, "num_statements": 0, "percent_covered": 100.0, "percent_covered_display": "100", "missing_lines": 0, "excluded_lines": 0}, "missing_lines": [], "excluded_lines": []}, "PVAdapter.today_kwh": {"executed_lines": [], "summary": {"covered_lines": 0, "num_statements": 0, "percent_covered": 100.0, "percent_covered_display": "100", "missing_lines": 0, "excluded_lines": 0}, "missing_lines": [], "excluded_lines": []}, "PVAdapter.tomorrow_kwh": {"executed_lines": [], "summary": {"covered_lines": 0, "num_statements": 0, "percent_covered": 100.0, "percent_covered_display": "100", "missing_lines": 0, "excluded_lines": 0}, "missing_lines": [], "excluded_lines": []}, "PVAdapter.forecast_daily_3d": {"executed_lines": [], "summary": {"covered_lines": 0, "num_statements": 0, "percent_covered": 100.0, "percent_covered_display": "100", "missing_lines": 0, "excluded_lines": 0}, "missing_lines": [], "excluded_lines": []}, "PVAdapter.today_hourly_kw": {"executed_lines": [], "summary": {"covered_lines": 0, "num_statements": 0, "percent_covered": 100.0, "percent_covered_display": "100", "missing_lines": 0, "excluded_lines": 0}, "missing_lines": [], "excluded_lines": []}, "PVAdapter.tomorrow_hourly_kw": {"executed_lines": [], "summary": {"covered_lines": 0, "num_statements": 0, "percent_covered": 100.0, "percent_covered_display": "100", "missing_lines": 0, "excluded_lines": 0}, "missing_lines": [], "excluded_lines": []}, "WeatherAdapter.temperature_c": {"executed_lines": [], "summary": {"covered_lines": 0, "num_statements": 0, "percent_covered": 100.0, "percent_covered_display": "100", "missing_lines": 0, "excluded_lines": 0}, "missing_lines": [], "excluded_lines": []}, "WeatherAdapter.illuminance_lux": {"executed_lines": [], "summary": {"covered_lines": 0, "num_statements": 0, "percent_covered": 100.0, "percent_covered_display": "100", "missing_lines": 0, "excluded_lines": 0}, "missing_lines": [], "excluded_lines": []}, "WeatherAdapter.wind_speed_ms": {"executed_lines": [], "summary": {"covered_lines": 0, "num_statements": 0, "percent_covered": 100.0, "percent_covered_display": "100", "missing_lines": 0, "excluded_lines": 0}, "missing_lines": [], "excluded_lines": []}, "WeatherAdapter.wind_gust_ms": {"executed_lines": [], "summary": {"covered_lines": 0, "num_statements": 0, "percent_covered": 100.0, "percent_covered_display": "100", "missing_lines": 0, "excluded_lines": 0}, "missing_lines": [], "excluded_lines": []}, "WeatherAdapter.pressure_mbar": {"executed_lines": [], "summary": {"covered_lines": 0, "num_statements": 1, "percent_covered": 0.0, "percent_covered_display": "0", "missing_lines": 1, "excluded_lines": 0}, "missing_lines": [219], "excluded_lines": []}, "WeatherAdapter.solar_radiation_wm2": {"executed_lines": [], "summary": {"covered_lines": 0, "num_statements": 1, "percent_covered": 0.0, "percent_covered_display": "0", "missing_lines": 1, "excluded_lines": 0}, "missing_lines": [224], "excluded_lines": []}, "": {"executed_lines": [1, 8, 10, 13, 14, 16, 18, 19, 20, 23, 24, 25, 28, 29, 30, 33, 34, 35, 38, 39, 42, 43, 46, 47, 51, 52, 56, 66, 67, 72, 73, 75, 77, 78, 79, 82, 83, 84, 87, 88, 89, 92, 93, 94, 97, 98, 102, 103, 106, 107, 110, 111, 114, 118, 121, 122, 126, 127, 131, 135, 136, 140, 145, 146, 148, 149, 150, 153, 154, 155, 158, 159, 160, 164, 165, 167, 168, 169, 172, 173, 174, 177, 178, 179, 182, 183, 184, 187, 188, 189, 193, 194, 196, 197, 198, 201, 202, 203, 206, 207, 208, 211, 212, 213, 216, 217, 221, 222], "summary": {"covered_lines": 102, "num_statements": 102, "percent_covered": 100.0, "percent_covered_display": "100", "missing_lines": 0, "excluded_lines": 0}, "missing_lines": [], "excluded_lines": []}}, "classes": {"InverterAdapter": {"executed_lines": [], "summary": {"covered_lines": 0, "num_statements": 4, "percent_covered": 0.0, "percent_covered_display": "0", "missing_lines": 4, "excluded_lines": 0}, "missing_lines": [49, 54, 64, 69], "excluded_lines": []}, "EVAdapter": {"executed_lines": [100, 116], "summary": {"covered_lines": 2, "num_statements": 7, "percent_covered": 28.571428571428573, "percent_covered_display": "29", "missing_lines": 5, "excluded_lines": 0}, "missing_lines": [124, 129, 133, 138, 142], "excluded_lines": []}, "PriceAdapter": {"executed_lines": [], "summary": {"covered_lines": 0, "num_statements": 0, "percent_covered": 100.0, "percent_covered_display": "100", "missing_lines": 0, "excluded_lines": 0}, "missing_lines": [], "excluded_lines": []}, "PVAdapter": {"executed_lines": [], "summary": {"covered_lines": 0, "num_statements": 0, "percent_covered": 100.0, "percent_covered_display": "100", "missing_lines": 0, "excluded_lines": 0}, "missing_lines": [], "excluded_lines": []}, "WeatherAdapter": {"executed_lines": [], "summary": {"covered_lines": 0, "num_statements": 2, "percent_covered": 0.0, "percent_covered_display": "0", "missing_lines": 2, "excluded_lines": 0}, "missing_lines": [219, 224], "excluded_lines": []}, "": {"executed_lines": [1, 8, 10, 13, 14, 16, 18, 19, 20, 23, 24, 25, 28, 29, 30, 33, 34, 35, 38, 39, 42, 43, 46, 47, 51, 52, 56, 66, 67, 72, 73, 75, 77, 78, 79, 82, 83, 84, 87, 88, 89, 92, 93, 94, 97, 98, 102, 103, 106, 107, 110, 111, 114, 118, 121, 122, 126, 127, 131, 135, 136, 140, 145, 146, 148, 149, 150, 153, 154, 155, 158, 159, 160, 164, 165, 167, 168, 169, 172, 173, 174, 177, 178, 179, 182, 183, 184, 187, 188, 189, 193, 194, 196, 197, 198, 201, 202, 203, 206, 207, 208, 211, 212, 213, 216, 217, 221, 222], "summary": {"covered_lines": 102, "num_statements": 102, "percent_covered": 100.0, "percent_covered_display": "100", "missing_lines": 0, "excluded_lines": 0}, "missing_lines": [], "excluded_lines": []}}}, "custom_components/carmabox/adapters/easee.py": {"executed_lines": [1, 13, 15, 16, 17, 18, 20, 22, 23, 25, 28, 30, 31, 32, 35, 36, 38, 46, 47, 48, 49, 50, 51, 53, 55, 56, 57, 58, 64, 65, 70, 76, 77, 83, 89, 90, 91, 92, 93, 94, 95, 96, 97, 99, 100, 101, 102, 103, 105, 106, 107, 108, 109, 110, 111, 112, 113, 114, 115, 116, 117, 118, 125, 126, 127, 131, 132, 133, 135, 136, 137, 139, 140, 147, 148, 149, 150, 152, 153, 159, 160, 161, 162, 163, 164, 165, 168, 169, 171, 173, 174, 175, 176, 177, 178, 179, 181, 182, 188, 189, 190, 192, 193, 194, 198, 200, 201, 202, 204, 205, 206, 208, 209, 210, 212, 213, 215, 216, 217, 218, 220, 221, 222, 224, 225, 230, 231, 232, 233, 234, 235, 236, 237, 239, 245, 246, 250, 252, 253, 254, 256, 257, 258, 260, 261, 263, 265, 266, 272, 273, 274, 276, 278, 284, 287, 288, 293, 294, 297, 298, 299, 300, 303, 304, 305, 306, 307, 312, 314, 316, 317, 318, 319, 321, 322, 324, 328, 330, 331, 333, 334, 339, 344, 346, 352, 353, 354, 355, 356, 357, 358, 360, 361, 362, 368, 374, 376, 378, 384, 386, 387, 393, 399, 404, 405, 406, 408, 409, 410, 411, 412, 420, 422], "summary": {"covered_lines": 210, "num_statements": 213, "percent_covered": 98.59154929577464, "percent_covered_display": "99", "missing_lines": 3, "excluded_lines": 2}, "missing_lines": [379, 413, 414], "excluded_lines": [25, 26], "functions": {"EaseeAdapter.__init__": {"executed_lines": [46, 47, 48, 49, 50, 51], "summary": {"covered_lines": 6, "num_statements": 6, "percent_covered": 100.0, "percent_covered_display": "100", "missing_lines": 0, "excluded_lines": 0}, "missing_lines": [], "excluded_lines": []}, "EaseeAdapter.ensure_initialized": {"executed_lines": [55, 56, 57, 58, 64, 65, 70, 76, 77, 83], "summary": {"covered_lines": 10, "num_statements": 10, "percent_covered": 100.0, "percent_covered_display": "100", "missing_lines": 0, "excluded_lines": 0}, "missing_lines": [], "excluded_lines": []}, "EaseeAdapter._state": {"executed_lines": [90, 91, 92, 93, 94, 95, 96, 97], "summary": {"covered_lines": 8, "num_statements": 8, "percent_covered": 100.0, "percent_covered_display": "100", "missing_lines": 0, "excluded_lines": 0}, "missing_lines": [], "excluded_lines": []}, "EaseeAdapter._str_state": {"executed_lines": [100, 101, 102, 103], "summary": {"covered_lines": 4, "num_statements": 4, "percent_covered": 100.0, "percent_covered_display": "100", "missing_lines": 0, "excluded_lines": 0}, "missing_lines": [], "excluded_lines": []}, "EaseeAdapter._safe_call": {"executed_lines": [106, 107, 108, 109, 110, 111, 112, 113, 114, 115, 116, 117, 118, 125, 126, 127], "summary": {"covered_lines": 16, "num_statements": 16, "percent_covered": 100.0, "percent_covered_display": "100", "missing_lines": 0, "excluded_lines": 0}, "missing_lines": [], "excluded_lines": []}, "EaseeAdapter.status": {"executed_lines": [133], "summary": {"covered_lines": 1, "num_statements": 1, "percent_covered": 100.0, "percent_covered_display": "100", "missing_lines": 0, "excluded_lines": 0}, "missing_lines": [], "excluded_lines": []}, "EaseeAdapter.current_a": {"executed_lines": [137], "summary": {"covered_lines": 1, "num_statements": 1, "percent_covered": 100.0, "percent_covered_display": "100", "missing_lines": 0, "excluded_lines": 0}, "missing_lines": [], "excluded_lines": []}, "EaseeAdapter.shelly_power_w": {"executed_lines": [147, 148, 149, 150], "summary": {"covered_lines": 4, "num_statements": 4, "percent_covered": 100.0, "percent_covered_display": "100", "missing_lines": 0, "excluded_lines": 0}, "missing_lines": [], "excluded_lines": []}, "EaseeAdapter.shelly_phase_powers_w": {"executed_lines": [159, 160, 161, 162, 163, 164, 165, 168, 169], "summary": {"covered_lines": 9, "num_statements": 9, "percent_covered": 100.0, "percent_covered_display": "100", "missing_lines": 0, "excluded_lines": 0}, "missing_lines": [], "excluded_lines": []}, "EaseeAdapter._state_by_id": {"executed_lines": [173, 174, 175, 176, 177, 178, 179], "summary": {"covered_lines": 7, "num_statements": 7, "percent_covered": 100.0, "percent_covered_display": "100", "missing_lines": 0, "excluded_lines": 0}, "missing_lines": [], "excluded_lines": []}, "EaseeAdapter.power_w": {"executed_lines": [188, 189, 190, 192, 193, 194, 198], "summary": {"covered_lines": 7, "num_statements": 7, "percent_covered": 100.0, "percent_covered_display": "100", "missing_lines": 0, "excluded_lines": 0}, "missing_lines": [], "excluded_lines": []}, "EaseeAdapter.power_kw": {"executed_lines": [202], "summary": {"covered_lines": 1, "num_statements": 1, "percent_covered": 100.0, "percent_covered_display": "100", "missing_lines": 0, "excluded_lines": 0}, "missing_lines": [], "excluded_lines": []}, "EaseeAdapter.is_enabled": {"executed_lines": [206], "summary": {"covered_lines": 1, "num_statements": 1, "percent_covered": 100.0, "percent_covered_display": "100", "missing_lines": 0, "excluded_lines": 0}, "missing_lines": [], "excluded_lines": []}, "EaseeAdapter.is_charging": {"executed_lines": [210], "summary": {"covered_lines": 1, "num_statements": 1, "percent_covered": 100.0, "percent_covered_display": "100", "missing_lines": 0, "excluded_lines": 0}, "missing_lines": [], "excluded_lines": []}, "EaseeAdapter.cable_locked": {"executed_lines": [215, 216, 217, 218], "summary": {"covered_lines": 4, "num_statements": 4, "percent_covered": 100.0, "percent_covered_display": "100", "missing_lines": 0, "excluded_lines": 0}, "missing_lines": [], "excluded_lines": []}, "EaseeAdapter.plug_connected": {"executed_lines": [222], "summary": {"covered_lines": 1, "num_statements": 1, "percent_covered": 100.0, "percent_covered_display": "100", "missing_lines": 0, "excluded_lines": 0}, "missing_lines": [], "excluded_lines": []}, "EaseeAdapter.connection_state": {"executed_lines": [230, 231, 232, 233, 234, 235, 236, 237], "summary": {"covered_lines": 8, "num_statements": 8, "percent_covered": 100.0, "percent_covered_display": "100", "missing_lines": 0, "excluded_lines": 0}, "missing_lines": [], "excluded_lines": []}, "EaseeAdapter.check_unexpected_disconnect": {"executed_lines": [245, 246, 250], "summary": {"covered_lines": 3, "num_statements": 3, "percent_covered": 100.0, "percent_covered_display": "100", "missing_lines": 0, "excluded_lines": 0}, "missing_lines": [], "excluded_lines": []}, "EaseeAdapter.dynamic_limit_a": {"executed_lines": [254], "summary": {"covered_lines": 1, "num_statements": 1, "percent_covered": 100.0, "percent_covered_display": "100", "missing_lines": 0, "excluded_lines": 0}, "missing_lines": [], "excluded_lines": []}, "EaseeAdapter.reason_for_no_current": {"executed_lines": [258], "summary": {"covered_lines": 1, "num_statements": 1, "percent_covered": 100.0, "percent_covered_display": "100", "missing_lines": 0, "excluded_lines": 0}, "missing_lines": [], "excluded_lines": []}, "EaseeAdapter.max_charger_limit_a": {"executed_lines": [263], "summary": {"covered_lines": 1, "num_statements": 1, "percent_covered": 100.0, "percent_covered_display": "100", "missing_lines": 0, "excluded_lines": 0}, "missing_lines": [], "excluded_lines": []}, "EaseeAdapter.needs_recovery": {"executed_lines": [272, 273, 274, 276], "summary": {"covered_lines": 4, "num_statements": 4, "percent_covered": 100.0, "percent_covered_display": "100", "missing_lines": 0, "excluded_lines": 0}, "missing_lines": [], "excluded_lines": []}, "EaseeAdapter.try_recover": {"executed_lines": [284, 287, 288, 293, 294, 297, 298, 299, 300, 303, 304, 305, 306, 307, 312, 314], "summary": {"covered_lines": 16, "num_statements": 16, "percent_covered": 100.0, "percent_covered_display": "100", "missing_lines": 0, "excluded_lines": 0}, "missing_lines": [], "excluded_lines": []}, "EaseeAdapter.phase_count": {"executed_lines": [318, 319], "summary": {"covered_lines": 2, "num_statements": 2, "percent_covered": 100.0, "percent_covered_display": "100", "missing_lines": 0, "excluded_lines": 0}, "missing_lines": [], "excluded_lines": []}, "EaseeAdapter.charging_power_at_amps": {"executed_lines": [324], "summary": {"covered_lines": 1, "num_statements": 1, "percent_covered": 100.0, "percent_covered_display": "100", "missing_lines": 0, "excluded_lines": 0}, "missing_lines": [], "excluded_lines": []}, "EaseeAdapter.enable": {"executed_lines": [330, 331, 333, 334, 339, 344, 346, 352, 353, 354, 355, 356, 357, 358], "summary": {"covered_lines": 14, "num_statements": 14, "percent_covered": 100.0, "percent_covered_display": "100", "missing_lines": 0, "excluded_lines": 0}, "missing_lines": [], "excluded_lines": []}, "EaseeAdapter.disable": {"executed_lines": [361, 362], "summary": {"covered_lines": 2, "num_statements": 2, "percent_covered": 100.0, "percent_covered_display": "100", "missing_lines": 0, "excluded_lines": 0}, "missing_lines": [], "excluded_lines": []}, "EaseeAdapter.set_current": {"executed_lines": [374, 376, 378, 384, 386, 387, 393], "summary": {"covered_lines": 7, "num_statements": 8, "percent_covered": 87.5, "percent_covered_display": "88", "missing_lines": 1, "excluded_lines": 0}, "missing_lines": [379], "excluded_lines": []}, "EaseeAdapter.set_charger_phase_mode": {"executed_lines": [404, 405, 406, 408, 409, 410, 411, 412], "summary": {"covered_lines": 8, "num_statements": 10, "percent_covered": 80.0, "percent_covered_display": "80", "missing_lines": 2, "excluded_lines": 0}, "missing_lines": [413, 414], "excluded_lines": []}, "EaseeAdapter.reset_to_default": {"executed_lines": [422], "summary": {"covered_lines": 1, "num_statements": 1, "percent_covered": 100.0, "percent_covered_display": "100", "missing_lines": 0, "excluded_lines": 0}, "missing_lines": [], "excluded_lines": []}, "": {"executed_lines": [1, 13, 15, 16, 17, 18, 20, 22, 23, 25, 28, 30, 31, 32, 35, 36, 38, 53, 89, 99, 105, 131, 132, 135, 136, 139, 140, 152, 153, 171, 181, 182, 200, 201, 204, 205, 208, 209, 212, 213, 220, 221, 224, 225, 239, 252, 253, 256, 257, 260, 261, 265, 266, 278, 316, 317, 321, 322, 328, 360, 368, 399, 420], "summary": {"covered_lines": 60, "num_statements": 60, "percent_covered": 100.0, "percent_covered_display": "100", "missing_lines": 0, "excluded_lines": 2}, "missing_lines": [], "excluded_lines": [25, 26]}}, "classes": {"EaseeAdapter": {"executed_lines": [46, 47, 48, 49, 50, 51, 55, 56, 57, 58, 64, 65, 70, 76, 77, 83, 90, 91, 92, 93, 94, 95, 96, 97, 100, 101, 102, 103, 106, 107, 108, 109, 110, 111, 112, 113, 114, 115, 116, 117, 118, 125, 126, 127, 133, 137, 147, 148, 149, 150, 159, 160, 161, 162, 163, 164, 165, 168, 169, 173, 174, 175, 176, 177, 178, 179, 188, 189, 190, 192, 193, 194, 198, 202, 206, 210, 215, 216, 217, 218, 222, 230, 231, 232, 233, 234, 235, 236, 237, 245, 246, 250, 254, 258, 263, 272, 273, 274, 276, 284, 287, 288, 293, 294, 297, 298, 299, 300, 303, 304, 305, 306, 307, 312, 314, 318, 319, 324, 330, 331, 333, 334, 339, 344, 346, 352, 353, 354, 355, 356, 357, 358, 361, 362, 374, 376, 378, 384, 386, 387, 393, 404, 405, 406, 408, 409, 410, 411, 412, 422], "summary": {"covered_lines": 150, "num_statements": 153, "percent_covered": 98.03921568627452, "percent_covered_display": "98", "missing_lines": 3, "excluded_lines": 0}, "missing_lines": [379, 413, 414], "excluded_lines": []}, "": {"executed_lines": [1, 13, 15, 16, 17, 18, 20, 22, 23, 25, 28, 30, 31, 32, 35, 36, 38, 53, 89, 99, 105, 131, 132, 135, 136, 139, 140, 152, 153, 171, 181, 182, 200, 201, 204, 205, 208, 209, 212, 213, 220, 221, 224, 225, 239, 252, 253, 256, 257, 260, 261, 265, 266, 278, 316, 317, 321, 322, 328, 360, 368, 399, 420], "summary": {"covered_lines": 60, "num_statements": 60, "percent_covered": 100.0, "percent_covered_display": "100", "missing_lines": 0, "excluded_lines": 2}, "missing_lines": [], "excluded_lines": [25, 26]}}}, "custom_components/carmabox/adapters/goodwe.py": {"executed_lines": [1, 9, 11, 12, 13, 14, 15, 17, 19, 21, 24, 26, 27, 28, 29, 30, 33, 34, 43, 45, 46, 48, 49, 50, 52, 65, 66, 67, 68, 70, 72, 73, 74, 75, 76, 77, 78, 80, 82, 83, 84, 85, 87, 96, 98, 99, 100, 102, 103, 105, 106, 107, 108, 110, 111, 112, 113, 114, 116, 117, 118, 119, 126, 127, 128, 137, 138, 147, 148, 149, 150, 154, 155, 157, 158, 159, 160, 162, 163, 165, 167, 168, 170, 172, 173, 175, 177, 178, 180, 181, 183, 184, 190, 192, 193, 199, 201, 202, 204, 206, 207, 213, 214, 215, 216, 218, 219, 224, 225, 226, 227, 229, 230, 232, 237, 249, 258, 267, 268, 269, 270, 273, 274, 275, 284, 292, 293, 295, 296, 297, 298, 299, 306, 314, 315, 316, 317, 318, 324, 328, 329, 330, 338, 340, 353, 354, 359, 361, 362, 363, 368, 369, 370, 371, 379, 380, 381, 389, 391, 393, 395, 396, 405, 420, 421, 422], "summary": {"covered_lines": 163, "num_statements": 164, "percent_covered": 99.39024390243902, "percent_covered_display": "99", "missing_lines": 1, "excluded_lines": 2}, "missing_lines": [390], "excluded_lines": [21, 22], "functions": {"GoodWeAdapter._get_modbus_lock": {"executed_lines": [48, 49, 50], "summary": {"covered_lines": 3, "num_statements": 3, "percent_covered": 100.0, "percent_covered_display": "100", "missing_lines": 0, "excluded_lines": 0}, "missing_lines": [], "excluded_lines": []}, "GoodWeAdapter.__init__": {"executed_lines": [65, 66, 67, 68], "summary": {"covered_lines": 4, "num_statements": 4, "percent_covered": 100.0, "percent_covered_display": "100", "missing_lines": 0, "excluded_lines": 0}, "missing_lines": [], "excluded_lines": []}, "GoodWeAdapter._state": {"executed_lines": [72, 73, 74, 75, 76, 77, 78], "summary": {"covered_lines": 7, "num_statements": 7, "percent_covered": 100.0, "percent_covered_display": "100", "missing_lines": 0, "excluded_lines": 0}, "missing_lines": [], "excluded_lines": []}, "GoodWeAdapter._str_state": {"executed_lines": [82, 83, 84, 85], "summary": {"covered_lines": 4, "num_statements": 4, "percent_covered": 100.0, "percent_covered_display": "100", "missing_lines": 0, "excluded_lines": 0}, "missing_lines": [], "excluded_lines": []}, "GoodWeAdapter._safe_call": {"executed_lines": [96, 98, 99, 100, 102, 103, 105, 106, 107, 108, 110, 111, 112, 113, 114, 116, 117, 118, 119, 126, 127, 128, 137, 138, 147, 148, 149, 150], "summary": {"covered_lines": 28, "num_statements": 28, "percent_covered": 100.0, "percent_covered_display": "100", "missing_lines": 0, "excluded_lines": 0}, "missing_lines": [], "excluded_lines": []}, "GoodWeAdapter.soc": {"executed_lines": [157, 158, 159, 160], "summary": {"covered_lines": 4, "num_statements": 4, "percent_covered": 100.0, "percent_covered_display": "100", "missing_lines": 0, "excluded_lines": 0}, "missing_lines": [], "excluded_lines": []}, "GoodWeAdapter.power_w": {"executed_lines": [165], "summary": {"covered_lines": 1, "num_statements": 1, "percent_covered": 100.0, "percent_covered_display": "100", "missing_lines": 0, "excluded_lines": 0}, "missing_lines": [], "excluded_lines": []}, "GoodWeAdapter.ems_mode": {"executed_lines": [170], "summary": {"covered_lines": 1, "num_statements": 1, "percent_covered": 100.0, "percent_covered_display": "100", "missing_lines": 0, "excluded_lines": 0}, "missing_lines": [], "excluded_lines": []}, "GoodWeAdapter.fast_charging_on": {"executed_lines": [175], "summary": {"covered_lines": 1, "num_statements": 1, "percent_covered": 100.0, "percent_covered_display": "100", "missing_lines": 0, "excluded_lines": 0}, "missing_lines": [], "excluded_lines": []}, "GoodWeAdapter.temperature_c": {"executed_lines": [180, 181], "summary": {"covered_lines": 2, "num_statements": 2, "percent_covered": 100.0, "percent_covered_display": "100", "missing_lines": 0, "excluded_lines": 0}, "missing_lines": [], "excluded_lines": []}, "GoodWeAdapter.bms_charge_limit_a": {"executed_lines": [190], "summary": {"covered_lines": 1, "num_statements": 1, "percent_covered": 100.0, "percent_covered_display": "100", "missing_lines": 0, "excluded_lines": 0}, "missing_lines": [], "excluded_lines": []}, "GoodWeAdapter.bms_discharge_limit_a": {"executed_lines": [199], "summary": {"covered_lines": 1, "num_statements": 1, "percent_covered": 100.0, "percent_covered_display": "100", "missing_lines": 0, "excluded_lines": 0}, "missing_lines": [], "excluded_lines": []}, "GoodWeAdapter.voltage": {"executed_lines": [204], "summary": {"covered_lines": 1, "num_statements": 1, "percent_covered": 100.0, "percent_covered_display": "100", "missing_lines": 0, "excluded_lines": 0}, "missing_lines": [], "excluded_lines": []}, "GoodWeAdapter.max_discharge_w": {"executed_lines": [213, 214, 215, 216], "summary": {"covered_lines": 4, "num_statements": 4, "percent_covered": 100.0, "percent_covered_display": "100", "missing_lines": 0, "excluded_lines": 0}, "missing_lines": [], "excluded_lines": []}, "GoodWeAdapter.max_charge_w": {"executed_lines": [224, 225, 226, 227], "summary": {"covered_lines": 4, "num_statements": 4, "percent_covered": 100.0, "percent_covered_display": "100", "missing_lines": 0, "excluded_lines": 0}, "missing_lines": [], "excluded_lines": []}, "GoodWeAdapter.soh_pct": {"executed_lines": [232], "summary": {"covered_lines": 1, "num_statements": 1, "percent_covered": 100.0, "percent_covered_display": "100", "missing_lines": 0, "excluded_lines": 0}, "missing_lines": [], "excluded_lines": []}, "GoodWeAdapter.set_ems_mode": {"executed_lines": [267, 268, 269, 270, 273, 274, 275, 284, 292, 293, 295, 296, 297, 298, 299, 306, 314, 315, 316, 317, 318, 324, 328, 329, 330, 338], "summary": {"covered_lines": 26, "num_statements": 26, "percent_covered": 100.0, "percent_covered_display": "100", "missing_lines": 0, "excluded_lines": 0}, "missing_lines": [], "excluded_lines": []}, "GoodWeAdapter.set_fast_charging": {"executed_lines": [353, 354, 359, 361, 362, 363, 368, 369, 370, 371, 379, 380, 381, 389, 391], "summary": {"covered_lines": 15, "num_statements": 16, "percent_covered": 93.75, "percent_covered_display": "94", "missing_lines": 1, "excluded_lines": 0}, "missing_lines": [390], "excluded_lines": []}, "GoodWeAdapter.set_discharge_limit": {"executed_lines": [395, 396], "summary": {"covered_lines": 2, "num_statements": 2, "percent_covered": 100.0, "percent_covered_display": "100", "missing_lines": 0, "excluded_lines": 0}, "missing_lines": [], "excluded_lines": []}, "GoodWeAdapter.set_peak_shaving_limit": {"executed_lines": [420, 421, 422], "summary": {"covered_lines": 3, "num_statements": 3, "percent_covered": 100.0, "percent_covered_display": "100", "missing_lines": 0, "excluded_lines": 0}, "missing_lines": [], "excluded_lines": []}, "": {"executed_lines": [1, 9, 11, 12, 13, 14, 15, 17, 19, 21, 24, 26, 27, 28, 29, 30, 33, 34, 43, 45, 46, 52, 70, 80, 87, 154, 155, 162, 163, 167, 168, 172, 173, 177, 178, 183, 184, 192, 193, 201, 202, 206, 207, 218, 219, 229, 230, 237, 249, 258, 340, 393, 405], "summary": {"covered_lines": 50, "num_statements": 50, "percent_covered": 100.0, "percent_covered_display": "100", "missing_lines": 0, "excluded_lines": 2}, "missing_lines": [], "excluded_lines": [21, 22]}}, "classes": {"GoodWeAdapter": {"executed_lines": [48, 49, 50, 65, 66, 67, 68, 72, 73, 74, 75, 76, 77, 78, 82, 83, 84, 85, 96, 98, 99, 100, 102, 103, 105, 106, 107, 108, 110, 111, 112, 113, 114, 116, 117, 118, 119, 126, 127, 128, 137, 138, 147, 148, 149, 150, 157, 158, 159, 160, 165, 170, 175, 180, 181, 190, 199, 204, 213, 214, 215, 216, 224, 225, 226, 227, 232, 267, 268, 269, 270, 273, 274, 275, 284, 292, 293, 295, 296, 297, 298, 299, 306, 314, 315, 316, 317, 318, 324, 328, 329, 330, 338, 353, 354, 359, 361, 362, 363, 368, 369, 370, 371, 379, 380, 381, 389, 391, 395, 396, 420, 421, 422], "summary": {"covered_lines": 113, "num_statements": 114, "percent_covered": 99.12280701754386, "percent_covered_display": "99", "missing_lines": 1, "excluded_lines": 0}, "missing_lines": [390], "excluded_lines": []}, "": {"executed_lines": [1, 9, 11, 12, 13, 14, 15, 17, 19, 21, 24, 26, 27, 28, 29, 30, 33, 34, 43, 45, 46, 52, 70, 80, 87, 154, 155, 162, 163, 167, 168, 172, 173, 177, 178, 183, 184, 192, 193, 201, 202, 206, 207, 218, 219, 229, 230, 237, 249, 258, 340, 393, 405], "summary": {"covered_lines": 50, "num_statements": 50, "percent_covered": 100.0, "percent_covered_display": "100", "missing_lines": 0, "excluded_lines": 2}, "missing_lines": [], "excluded_lines": [21, 22]}}}, "custom_components/carmabox/adapters/huawei.py": {"executed_lines": [1, 15, 17, 18, 19, 21, 23, 25, 28, 30, 31, 34, 43, 50, 51, 60, 73, 74, 75, 76, 78, 80, 81, 82, 84, 86, 87, 88, 89, 90, 94, 96, 97, 99, 101, 103, 105, 109, 111, 112, 113, 116, 117, 118, 119, 120, 121, 158, 159, 161, 162, 163, 164, 166, 167, 173, 174, 176, 177, 179, 180, 182, 183, 185, 186, 190, 192, 193, 194, 195, 196, 197, 206, 208, 209, 210], "summary": {"covered_lines": 73, "num_statements": 90, "percent_covered": 81.11111111111111, "percent_covered_display": "81", "missing_lines": 17, "excluded_lines": 2}, "missing_lines": [91, 92, 98, 106, 107, 114, 122, 123, 130, 131, 132, 141, 142, 151, 152, 153, 154], "excluded_lines": [25, 26], "functions": {"HuaweiAdapter.__init__": {"executed_lines": [73, 74, 75, 76], "summary": {"covered_lines": 4, "num_statements": 4, "percent_covered": 100.0, "percent_covered_display": "100", "missing_lines": 0, "excluded_lines": 0}, "missing_lines": [], "excluded_lines": []}, "HuaweiAdapter._entity": {"executed_lines": [80, 81, 82], "summary": {"covered_lines": 3, "num_statements": 3, "percent_covered": 100.0, "percent_covered_display": "100", "missing_lines": 0, "excluded_lines": 0}, "missing_lines": [], "excluded_lines": []}, "HuaweiAdapter._state": {"executed_lines": [86, 87, 88, 89, 90], "summary": {"covered_lines": 5, "num_statements": 7, "percent_covered": 71.42857142857143, "percent_covered_display": "71", "missing_lines": 2, "excluded_lines": 0}, "missing_lines": [91, 92], "excluded_lines": []}, "HuaweiAdapter._str_state": {"executed_lines": [96, 97, 99], "summary": {"covered_lines": 3, "num_statements": 4, "percent_covered": 75.0, "percent_covered_display": "75", "missing_lines": 1, "excluded_lines": 0}, "missing_lines": [98], "excluded_lines": []}, "HuaweiAdapter._safe_call": {"executed_lines": [103, 105, 109, 111, 112, 113, 116, 117, 118, 119, 120, 121], "summary": {"covered_lines": 12, "num_statements": 26, "percent_covered": 46.15384615384615, "percent_covered_display": "46", "missing_lines": 14, "excluded_lines": 0}, "missing_lines": [106, 107, 114, 122, 123, 130, 131, 132, 141, 142, 151, 152, 153, 154], "excluded_lines": []}, "HuaweiAdapter.soc": {"executed_lines": [161, 162, 163, 164], "summary": {"covered_lines": 4, "num_statements": 4, "percent_covered": 100.0, "percent_covered_display": "100", "missing_lines": 0, "excluded_lines": 0}, "missing_lines": [], "excluded_lines": []}, "HuaweiAdapter.power_w": {"executed_lines": [173, 174], "summary": {"covered_lines": 2, "num_statements": 2, "percent_covered": 100.0, "percent_covered_display": "100", "missing_lines": 0, "excluded_lines": 0}, "missing_lines": [], "excluded_lines": []}, "HuaweiAdapter.ems_mode": {"executed_lines": [179, 180], "summary": {"covered_lines": 2, "num_statements": 2, "percent_covered": 100.0, "percent_covered_display": "100", "missing_lines": 0, "excluded_lines": 0}, "missing_lines": [], "excluded_lines": []}, "HuaweiAdapter.temperature_c": {"executed_lines": [185, 186], "summary": {"covered_lines": 2, "num_statements": 2, "percent_covered": 100.0, "percent_covered_display": "100", "missing_lines": 0, "excluded_lines": 0}, "missing_lines": [], "excluded_lines": []}, "HuaweiAdapter.set_ems_mode": {"executed_lines": [192, 193, 194, 195, 196, 197], "summary": {"covered_lines": 6, "num_statements": 6, "percent_covered": 100.0, "percent_covered_display": "100", "missing_lines": 0, "excluded_lines": 0}, "missing_lines": [], "excluded_lines": []}, "HuaweiAdapter.set_discharge_limit": {"executed_lines": [208, 209, 210], "summary": {"covered_lines": 3, "num_statements": 3, "percent_covered": 100.0, "percent_covered_display": "100", "missing_lines": 0, "excluded_lines": 0}, "missing_lines": [], "excluded_lines": []}, "": {"executed_lines": [1, 15, 17, 18, 19, 21, 23, 25, 28, 30, 31, 34, 43, 50, 51, 60, 78, 84, 94, 101, 158, 159, 166, 167, 176, 177, 182, 183, 190, 206], "summary": {"covered_lines": 27, "num_statements": 27, "percent_covered": 100.0, "percent_covered_display": "100", "missing_lines": 0, "excluded_lines": 2}, "missing_lines": [], "excluded_lines": [25, 26]}}, "classes": {"HuaweiAdapter": {"executed_lines": [73, 74, 75, 76, 80, 81, 82, 86, 87, 88, 89, 90, 96, 97, 99, 103, 105, 109, 111, 112, 113, 116, 117, 118, 119, 120, 121, 161, 162, 163, 164, 173, 174, 179, 180, 185, 186, 192, 193, 194, 195, 196, 197, 208, 209, 210], "summary": {"covered_lines": 46, "num_statements": 63, "percent_covered": 73.01587301587301, "percent_covered_display": "73", "missing_lines": 17, "excluded_lines": 0}, "missing_lines": [91, 92, 98, 106, 107, 114, 122, 123, 130, 131, 132, 141, 142, 151, 152, 153, 154], "excluded_lines": []}, "": {"executed_lines": [1, 15, 17, 18, 19, 21, 23, 25, 28, 30, 31, 34, 43, 50, 51, 60, 78, 84, 94, 101, 158, 159, 166, 167, 176, 177, 182, 183, 190, 206], "summary": {"covered_lines": 27, "num_statements": 27, "percent_covered": 100.0, "percent_covered_display": "100", "missing_lines": 0, "excluded_lines": 2}, "missing_lines": [], "excluded_lines": [25, 26]}}}, "custom_components/carmabox/adapters/nordpool.py": {"executed_lines": [1, 6, 8, 9, 11, 13, 16, 19, 20, 27, 35, 36, 37, 39, 41, 42, 43, 44, 46, 47, 49, 50, 51, 52, 54, 55, 56, 57, 58, 59, 60, 62, 63, 65, 66, 67, 68, 69, 70, 71, 73, 74, 79, 80, 81, 82, 83, 84, 85, 87, 88, 90, 91, 92, 93, 94, 95, 96, 97], "summary": {"covered_lines": 56, "num_statements": 56, "percent_covered": 100.0, "percent_covered_display": "100", "missing_lines": 0, "excluded_lines": 2}, "missing_lines": [], "excluded_lines": [13, 14], "functions": {"NordpoolAdapter.__init__": {"executed_lines": [35, 36, 37], "summary": {"covered_lines": 3, "num_statements": 3, "percent_covered": 100.0, "percent_covered_display": "100", "missing_lines": 0, "excluded_lines": 0}, "missing_lines": [], "excluded_lines": []}, "NordpoolAdapter._attrs": {"executed_lines": [41, 42, 43, 44], "summary": {"covered_lines": 4, "num_statements": 4, "percent_covered": 100.0, "percent_covered_display": "100", "missing_lines": 0, "excluded_lines": 0}, "missing_lines": [], "excluded_lines": []}, "NordpoolAdapter._to_hourly": {"executed_lines": [49, 50, 51, 52, 54, 55, 56, 57, 58, 59, 60], "summary": {"covered_lines": 11, "num_statements": 11, "percent_covered": 100.0, "percent_covered_display": "100", "missing_lines": 0, "excluded_lines": 0}, "missing_lines": [], "excluded_lines": []}, "NordpoolAdapter.current_price": {"executed_lines": [65, 66, 67, 68, 69, 70, 71], "summary": {"covered_lines": 7, "num_statements": 7, "percent_covered": 100.0, "percent_covered_display": "100", "missing_lines": 0, "excluded_lines": 0}, "missing_lines": [], "excluded_lines": []}, "NordpoolAdapter.today_prices": {"executed_lines": [79, 80, 81, 82, 83, 84, 85], "summary": {"covered_lines": 7, "num_statements": 7, "percent_covered": 100.0, "percent_covered_display": "100", "missing_lines": 0, "excluded_lines": 0}, "missing_lines": [], "excluded_lines": []}, "NordpoolAdapter.tomorrow_prices": {"executed_lines": [90, 91, 92, 93, 94, 95, 96, 97], "summary": {"covered_lines": 8, "num_statements": 8, "percent_covered": 100.0, "percent_covered_display": "100", "missing_lines": 0, "excluded_lines": 0}, "missing_lines": [], "excluded_lines": []}, "": {"executed_lines": [1, 6, 8, 9, 11, 13, 16, 19, 20, 27, 39, 46, 47, 62, 63, 73, 74, 87, 88], "summary": {"covered_lines": 16, "num_statements": 16, "percent_covered": 100.0, "percent_covered_display": "100", "missing_lines": 0, "excluded_lines": 2}, "missing_lines": [], "excluded_lines": [13, 14]}}, "classes": {"NordpoolAdapter": {"executed_lines": [35, 36, 37, 41, 42, 43, 44, 49, 50, 51, 52, 54, 55, 56, 57, 58, 59, 60, 65, 66, 67, 68, 69, 70, 71, 79, 80, 81, 82, 83, 84, 85, 90, 91, 92, 93, 94, 95, 96, 97], "summary": {"covered_lines": 40, "num_statements": 40, "percent_covered": 100.0, "percent_covered_display": "100", "missing_lines": 0, "excluded_lines": 0}, "missing_lines": [], "excluded_lines": []}, "": {"executed_lines": [1, 6, 8, 9, 11, 13, 16, 19, 20, 27, 39, 46, 47, 62, 63, 73, 74, 87, 88], "summary": {"covered_lines": 16, "num_statements": 16, "percent_covered": 100.0, "percent_covered_display": "100", "missing_lines": 0, "excluded_lines": 2}, "missing_lines": [], "excluded_lines": [13, 14]}}}, "custom_components/carmabox/adapters/solcast.py": {"executed_lines": [1, 6, 8, 9, 10, 12, 14, 17, 20, 21, 22, 25, 26, 32, 34, 36, 38, 39, 40, 41, 42, 43, 44, 46, 47, 49, 51, 52, 54, 56, 57, 59, 64, 65, 66, 67, 69, 71, 73, 75, 76, 77, 79, 80, 81, 83, 84, 85, 86, 87, 88, 92, 93, 95, 97, 98, 100, 102, 103, 105], "summary": {"covered_lines": 57, "num_statements": 57, "percent_covered": 100.0, "percent_covered_display": "100", "missing_lines": 0, "excluded_lines": 2}, "missing_lines": [], "excluded_lines": [14, 15], "functions": {"SolcastAdapter.__init__": {"executed_lines": [34], "summary": {"covered_lines": 1, "num_statements": 1, "percent_covered": 100.0, "percent_covered_display": "100", "missing_lines": 0, "excluded_lines": 0}, "missing_lines": [], "excluded_lines": []}, "SolcastAdapter._float_state": {"executed_lines": [38, 39, 40, 41, 42, 43, 44], "summary": {"covered_lines": 7, "num_statements": 7, "percent_covered": 100.0, "percent_covered_display": "100", "missing_lines": 0, "excluded_lines": 0}, "missing_lines": [], "excluded_lines": []}, "SolcastAdapter.today_kwh": {"executed_lines": [49], "summary": {"covered_lines": 1, "num_statements": 1, "percent_covered": 100.0, "percent_covered_display": "100", "missing_lines": 0, "excluded_lines": 0}, "missing_lines": [], "excluded_lines": []}, "SolcastAdapter.tomorrow_kwh": {"executed_lines": [54], "summary": {"covered_lines": 1, "num_statements": 1, "percent_covered": 100.0, "percent_covered_display": "100", "missing_lines": 0, "excluded_lines": 0}, "missing_lines": [], "excluded_lines": []}, "SolcastAdapter.forecast_daily_3d": {"executed_lines": [59, 64, 65, 66, 67, 69], "summary": {"covered_lines": 6, "num_statements": 6, "percent_covered": 100.0, "percent_covered_display": "100", "missing_lines": 0, "excluded_lines": 0}, "missing_lines": [], "excluded_lines": []}, "SolcastAdapter._parse_hourly": {"executed_lines": [73, 75, 76, 77, 79, 80, 81, 83, 84, 85, 86, 87, 88, 92, 93, 95], "summary": {"covered_lines": 16, "num_statements": 16, "percent_covered": 100.0, "percent_covered_display": "100", "missing_lines": 0, "excluded_lines": 0}, "missing_lines": [], "excluded_lines": []}, "SolcastAdapter.today_hourly_kw": {"executed_lines": [100], "summary": {"covered_lines": 1, "num_statements": 1, "percent_covered": 100.0, "percent_covered_display": "100", "missing_lines": 0, "excluded_lines": 0}, "missing_lines": [], "excluded_lines": []}, "SolcastAdapter.tomorrow_hourly_kw": {"executed_lines": [105], "summary": {"covered_lines": 1, "num_statements": 1, "percent_covered": 100.0, "percent_covered_display": "100", "missing_lines": 0, "excluded_lines": 0}, "missing_lines": [], "excluded_lines": []}, "": {"executed_lines": [1, 6, 8, 9, 10, 12, 14, 17, 20, 21, 22, 25, 26, 32, 36, 46, 47, 51, 52, 56, 57, 71, 97, 98, 102, 103], "summary": {"covered_lines": 23, "num_statements": 23, "percent_covered": 100.0, "percent_covered_display": "100", "missing_lines": 0, "excluded_lines": 2}, "missing_lines": [], "excluded_lines": [14, 15]}}, "classes": {"SolcastAdapter": {"executed_lines": [34, 38, 39, 40, 41, 42, 43, 44, 49, 54, 59, 64, 65, 66, 67, 69, 73, 75, 76, 77, 79, 80, 81, 83, 84, 85, 86, 87, 88, 92, 93, 95, 100, 105], "summary": {"covered_lines": 34, "num_statements": 34, "percent_covered": 100.0, "percent_covered_display": "100", "missing_lines": 0, "excluded_lines": 0}, "missing_lines": [], "excluded_lines": []}, "": {"executed_lines": [1, 6, 8, 9, 10, 12, 14, 17, 20, 21, 22, 25, 26, 32, 36, 46, 47, 51, 52, 56, 57, 71, 97, 98, 102, 103], "summary": {"covered_lines": 23, "num_statements": 23, "percent_covered": 100.0, "percent_covered_display": "100", "missing_lines": 0, "excluded_lines": 2}, "missing_lines": [], "excluded_lines": [14, 15]}}}, "custom_components/carmabox/adapters/tempest.py": {"executed_lines": [1, 7, 9, 10, 12, 14, 17, 20, 21, 22, 23, 24, 25, 28, 29, 35, 37, 39, 41, 42, 43, 44, 45, 46, 47, 49, 50, 55, 57, 58, 63, 65, 66, 71, 73, 74, 79, 81, 82, 87, 89, 90, 96], "summary": {"covered_lines": 40, "num_statements": 40, "percent_covered": 100.0, "percent_covered_display": "100", "missing_lines": 0, "excluded_lines": 2}, "missing_lines": [], "excluded_lines": [14, 15], "functions": {"TempestAdapter.__init__": {"executed_lines": [37], "summary": {"covered_lines": 1, "num_statements": 1, "percent_covered": 100.0, "percent_covered_display": "100", "missing_lines": 0, "excluded_lines": 0}, "missing_lines": [], "excluded_lines": []}, "TempestAdapter._float_state": {"executed_lines": [41, 42, 43, 44, 45, 46, 47], "summary": {"covered_lines": 7, "num_statements": 7, "percent_covered": 100.0, "percent_covered_display": "100", "missing_lines": 0, "excluded_lines": 0}, "missing_lines": [], "excluded_lines": []}, "TempestAdapter.temperature_c": {"executed_lines": [55], "summary": {"covered_lines": 1, "num_statements": 1, "percent_covered": 100.0, "percent_covered_display": "100", "missing_lines": 0, "excluded_lines": 0}, "missing_lines": [], "excluded_lines": []}, "TempestAdapter.illuminance_lux": {"executed_lines": [63], "summary": {"covered_lines": 1, "num_statements": 1, "percent_covered": 100.0, "percent_covered_display": "100", "missing_lines": 0, "excluded_lines": 0}, "missing_lines": [], "excluded_lines": []}, "TempestAdapter.wind_speed_ms": {"executed_lines": [71], "summary": {"covered_lines": 1, "num_statements": 1, "percent_covered": 100.0, "percent_covered_display": "100", "missing_lines": 0, "excluded_lines": 0}, "missing_lines": [], "excluded_lines": []}, "TempestAdapter.wind_gust_ms": {"executed_lines": [79], "summary": {"covered_lines": 1, "num_statements": 1, "percent_covered": 100.0, "percent_covered_display": "100", "missing_lines": 0, "excluded_lines": 0}, "missing_lines": [], "excluded_lines": []}, "TempestAdapter.pressure_mbar": {"executed_lines": [87], "summary": {"covered_lines": 1, "num_statements": 1, "percent_covered": 100.0, "percent_covered_display": "100", "missing_lines": 0, "excluded_lines": 0}, "missing_lines": [], "excluded_lines": []}, "TempestAdapter.solar_radiation_wm2": {"executed_lines": [96], "summary": {"covered_lines": 1, "num_statements": 1, "percent_covered": 100.0, "percent_covered_display": "100", "missing_lines": 0, "excluded_lines": 0}, "missing_lines": [], "excluded_lines": []}, "": {"executed_lines": [1, 7, 9, 10, 12, 14, 17, 20, 21, 22, 23, 24, 25, 28, 29, 35, 39, 49, 50, 57, 58, 65, 66, 73, 74, 81, 82, 89, 90], "summary": {"covered_lines": 26, "num_statements": 26, "percent_covered": 100.0, "percent_covered_display": "100", "missing_lines": 0, "excluded_lines": 2}, "missing_lines": [], "excluded_lines": [14, 15]}}, "classes": {"TempestAdapter": {"executed_lines": [37, 41, 42, 43, 44, 45, 46, 47, 55, 63, 71, 79, 87, 96], "summary": {"covered_lines": 14, "num_statements": 14, "percent_covered": 100.0, "percent_covered_display": "100", "missing_lines": 0, "excluded_lines": 0}, "missing_lines": [], "excluded_lines": []}, "": {"executed_lines": [1, 7, 9, 10, 12, 14, 17, 20, 21, 22, 23, 24, 25, 28, 29, 35, 39, 49, 50, 57, 58, 65, 66, 73, 74, 81, 82, 89, 90], "summary": {"covered_lines": 26, "num_statements": 26, "percent_covered": 100.0, "percent_covered_display": "100", "missing_lines": 0, "excluded_lines": 2}, "missing_lines": [], "excluded_lines": [14, 15]}}}, "custom_components/carmabox/adapters/tibber.py": {"executed_lines": [1, 12, 14, 15, 17, 19, 22, 24, 27, 28, 36, 44, 45, 46, 48, 50, 51, 53, 55, 56, 62, 63, 64, 65, 66, 67, 68, 71, 73, 74, 76, 77, 78, 79, 80, 84, 85, 87, 88, 89, 90, 91, 92, 93, 95, 96, 101, 102, 103, 104, 105, 106], "summary": {"covered_lines": 49, "num_statements": 54, "percent_covered": 90.74074074074075, "percent_covered_display": "91", "missing_lines": 5, "excluded_lines": 2}, "missing_lines": [52, 69, 70, 81, 82], "excluded_lines": [19, 20], "functions": {"TibberAdapter.__init__": {"executed_lines": [44, 45, 46], "summary": {"covered_lines": 3, "num_statements": 3, "percent_covered": 100.0, "percent_covered_display": "100", "missing_lines": 0, "excluded_lines": 0}, "missing_lines": [], "excluded_lines": []}, "TibberAdapter._attrs": {"executed_lines": [50, 51, 53], "summary": {"covered_lines": 3, "num_statements": 4, "percent_covered": 75.0, "percent_covered_display": "75", "missing_lines": 1, "excluded_lines": 0}, "missing_lines": [52], "excluded_lines": []}, "TibberAdapter._extract_hourly": {"executed_lines": [62, 63, 64, 65, 66, 67, 68, 71], "summary": {"covered_lines": 8, "num_statements": 10, "percent_covered": 80.0, "percent_covered_display": "80", "missing_lines": 2, "excluded_lines": 0}, "missing_lines": [69, 70], "excluded_lines": []}, "TibberAdapter.current_price": {"executed_lines": [76, 77, 78, 79, 80], "summary": {"covered_lines": 5, "num_statements": 7, "percent_covered": 71.42857142857143, "percent_covered_display": "71", "missing_lines": 2, "excluded_lines": 0}, "missing_lines": [81, 82], "excluded_lines": []}, "TibberAdapter.today_prices": {"executed_lines": [87, 88, 89, 90, 91, 92, 93], "summary": {"covered_lines": 7, "num_statements": 7, "percent_covered": 100.0, "percent_covered_display": "100", "missing_lines": 0, "excluded_lines": 0}, "missing_lines": [], "excluded_lines": []}, "TibberAdapter.tomorrow_prices": {"executed_lines": [101, 102, 103, 104, 105, 106], "summary": {"covered_lines": 6, "num_statements": 6, "percent_covered": 100.0, "percent_covered_display": "100", "missing_lines": 0, "excluded_lines": 0}, "missing_lines": [], "excluded_lines": []}, "": {"executed_lines": [1, 12, 14, 15, 17, 19, 22, 24, 27, 28, 36, 48, 55, 56, 73, 74, 84, 85, 95, 96], "summary": {"covered_lines": 17, "num_statements": 17, "percent_covered": 100.0, "percent_covered_display": "100", "missing_lines": 0, "excluded_lines": 2}, "missing_lines": [], "excluded_lines": [19, 20]}}, "classes": {"TibberAdapter": {"executed_lines": [44, 45, 46, 50, 51, 53, 62, 63, 64, 65, 66, 67, 68, 71, 76, 77, 78, 79, 80, 87, 88, 89, 90, 91, 92, 93, 101, 102, 103, 104, 105, 106], "summary": {"covered_lines": 32, "num_statements": 37, "percent_covered": 86.48648648648648, "percent_covered_display": "86", "missing_lines": 5, "excluded_lines": 0}, "missing_lines": [52, 69, 70, 81, 82], "excluded_lines": []}, "": {"executed_lines": [1, 12, 14, 15, 17, 19, 22, 24, 27, 28, 36, 48, 55, 56, 73, 74, 84, 85, 95, 96], "summary": {"covered_lines": 17, "num_statements": 17, "percent_covered": 100.0, "percent_covered_display": "100", "missing_lines": 0, "excluded_lines": 2}, "missing_lines": [], "excluded_lines": [19, 20]}}}, "custom_components/carmabox/adapters/zaptec.py": {"executed_lines": [1, 18, 20, 21, 22, 23, 25, 27, 28, 30, 33, 35, 36, 37, 40, 49, 50, 60, 75, 76, 77, 78, 79, 81, 83, 84, 85, 87, 88, 92, 94, 95, 97, 99, 101, 102, 105, 106, 107, 108, 126, 127, 129, 130, 132, 133, 135, 137, 138, 141, 142, 143, 144, 145, 147, 148, 150, 152, 153, 157, 158, 160, 161, 163, 165, 166, 167, 168, 169, 173, 174, 176, 180, 181, 182, 183, 184, 186, 187, 198, 199, 205, 207, 208, 213, 215, 220, 222, 224, 225, 231, 237, 240, 241, 242, 243, 248, 250, 251, 259, 260, 261, 263, 265], "summary": {"covered_lines": 101, "num_statements": 127, "percent_covered": 79.5275590551181, "percent_covered_display": "80", "missing_lines": 26, "excluded_lines": 2}, "missing_lines": [86, 89, 90, 96, 103, 104, 109, 110, 111, 112, 113, 120, 121, 122, 155, 170, 171, 189, 190, 191, 192, 193, 194, 195, 196, 201], "excluded_lines": [30, 31], "functions": {"ZaptecAdapter.__init__": {"executed_lines": [75, 76, 77, 78, 79], "summary": {"covered_lines": 5, "num_statements": 5, "percent_covered": 100.0, "percent_covered_display": "100", "missing_lines": 0, "excluded_lines": 0}, "missing_lines": [], "excluded_lines": []}, "ZaptecAdapter._state": {"executed_lines": [83, 84, 85, 87, 88], "summary": {"covered_lines": 5, "num_statements": 8, "percent_covered": 62.5, "percent_covered_display": "62", "missing_lines": 3, "excluded_lines": 0}, "missing_lines": [86, 89, 90], "excluded_lines": []}, "ZaptecAdapter._str_state": {"executed_lines": [94, 95, 97], "summary": {"covered_lines": 3, "num_statements": 4, "percent_covered": 75.0, "percent_covered_display": "75", "missing_lines": 1, "excluded_lines": 0}, "missing_lines": [96], "excluded_lines": []}, "ZaptecAdapter._safe_call": {"executed_lines": [101, 102, 105, 106, 107, 108], "summary": {"covered_lines": 6, "num_statements": 16, "percent_covered": 37.5, "percent_covered_display": "38", "missing_lines": 10, "excluded_lines": 0}, "missing_lines": [103, 104, 109, 110, 111, 112, 113, 120, 121, 122], "excluded_lines": []}, "ZaptecAdapter.status": {"executed_lines": [129, 130], "summary": {"covered_lines": 2, "num_statements": 2, "percent_covered": 100.0, "percent_covered_display": "100", "missing_lines": 0, "excluded_lines": 0}, "missing_lines": [], "excluded_lines": []}, "ZaptecAdapter.current_a": {"executed_lines": [135], "summary": {"covered_lines": 1, "num_statements": 1, "percent_covered": 100.0, "percent_covered_display": "100", "missing_lines": 0, "excluded_lines": 0}, "missing_lines": [], "excluded_lines": []}, "ZaptecAdapter.power_w": {"executed_lines": [141, 142, 143, 144, 145], "summary": {"covered_lines": 5, "num_statements": 5, "percent_covered": 100.0, "percent_covered_display": "100", "missing_lines": 0, "excluded_lines": 0}, "missing_lines": [], "excluded_lines": []}, "ZaptecAdapter.is_charging": {"executed_lines": [150], "summary": {"covered_lines": 1, "num_statements": 1, "percent_covered": 100.0, "percent_covered_display": "100", "missing_lines": 0, "excluded_lines": 0}, "missing_lines": [], "excluded_lines": []}, "ZaptecAdapter.cable_locked": {"executed_lines": [], "summary": {"covered_lines": 0, "num_statements": 1, "percent_covered": 0.0, "percent_covered_display": "0", "missing_lines": 1, "excluded_lines": 0}, "missing_lines": [155], "excluded_lines": []}, "ZaptecAdapter.plug_connected": {"executed_lines": [160, 161], "summary": {"covered_lines": 2, "num_statements": 2, "percent_covered": 100.0, "percent_covered_display": "100", "missing_lines": 0, "excluded_lines": 0}, "missing_lines": [], "excluded_lines": []}, "ZaptecAdapter._state_by_id": {"executed_lines": [165, 166, 167, 168, 169], "summary": {"covered_lines": 5, "num_statements": 7, "percent_covered": 71.42857142857143, "percent_covered_display": "71", "missing_lines": 2, "excluded_lines": 0}, "missing_lines": [170, 171], "excluded_lines": []}, "ZaptecAdapter.phase_count": {"executed_lines": [176, 180, 181, 182, 183, 184], "summary": {"covered_lines": 6, "num_statements": 6, "percent_covered": 100.0, "percent_covered_display": "100", "missing_lines": 0, "excluded_lines": 0}, "missing_lines": [], "excluded_lines": []}, "ZaptecAdapter.available_current_a": {"executed_lines": [], "summary": {"covered_lines": 0, "num_statements": 8, "percent_covered": 0.0, "percent_covered_display": "0", "missing_lines": 8, "excluded_lines": 0}, "missing_lines": [189, 190, 191, 192, 193, 194, 195, 196], "excluded_lines": []}, "ZaptecAdapter.charging_power_at_amps": {"executed_lines": [], "summary": {"covered_lines": 0, "num_statements": 1, "percent_covered": 0.0, "percent_covered_display": "0", "missing_lines": 1, "excluded_lines": 0}, "missing_lines": [201], "excluded_lines": []}, "ZaptecAdapter.enable": {"executed_lines": [207, 208, 213, 215, 220], "summary": {"covered_lines": 5, "num_statements": 5, "percent_covered": 100.0, "percent_covered_display": "100", "missing_lines": 0, "excluded_lines": 0}, "missing_lines": [], "excluded_lines": []}, "ZaptecAdapter.disable": {"executed_lines": [224, 225], "summary": {"covered_lines": 2, "num_statements": 2, "percent_covered": 100.0, "percent_covered_display": "100", "missing_lines": 0, "excluded_lines": 0}, "missing_lines": [], "excluded_lines": []}, "ZaptecAdapter.set_current": {"executed_lines": [237, 240, 241, 242, 243, 248, 250, 251, 259, 260, 261], "summary": {"covered_lines": 11, "num_statements": 11, "percent_covered": 100.0, "percent_covered_display": "100", "missing_lines": 0, "excluded_lines": 0}, "missing_lines": [], "excluded_lines": []}, "ZaptecAdapter.reset_to_default": {"executed_lines": [265], "summary": {"covered_lines": 1, "num_statements": 1, "percent_covered": 100.0, "percent_covered_display": "100", "missing_lines": 0, "excluded_lines": 0}, "missing_lines": [], "excluded_lines": []}, "": {"executed_lines": [1, 18, 20, 21, 22, 23, 25, 27, 28, 30, 33, 35, 36, 37, 40, 49, 50, 60, 81, 92, 99, 126, 127, 132, 133, 137, 138, 147, 148, 152, 153, 157, 158, 163, 173, 174, 186, 187, 198, 199, 205, 222, 231, 263], "summary": {"covered_lines": 41, "num_statements": 41, "percent_covered": 100.0, "percent_covered_display": "100", "missing_lines": 0, "excluded_lines": 2}, "missing_lines": [], "excluded_lines": [30, 31]}}, "classes": {"ZaptecAdapter": {"executed_lines": [75, 76, 77, 78, 79, 83, 84, 85, 87, 88, 94, 95, 97, 101, 102, 105, 106, 107, 108, 129, 130, 135, 141, 142, 143, 144, 145, 150, 160, 161, 165, 166, 167, 168, 169, 176, 180, 181, 182, 183, 184, 207, 208, 213, 215, 220, 224, 225, 237, 240, 241, 242, 243, 248, 250, 251, 259, 260, 261, 265], "summary": {"covered_lines": 60, "num_statements": 86, "percent_covered": 69.76744186046511, "percent_covered_display": "70", "missing_lines": 26, "excluded_lines": 0}, "missing_lines": [86, 89, 90, 96, 103, 104, 109, 110, 111, 112, 113, 120, 121, 122, 155, 170, 171, 189, 190, 191, 192, 193, 194, 195, 196, 201], "excluded_lines": []}, "": {"executed_lines": [1, 18, 20, 21, 22, 23, 25, 27, 28, 30, 33, 35, 36, 37, 40, 49, 50, 60, 81, 92, 99, 126, 127, 132, 133, 137, 138, 147, 148, 152, 153, 157, 158, 163, 173, 174, 186, 187, 198, 199, 205, 222, 231, 263], "summary": {"covered_lines": 41, "num_statements": 41, "percent_covered": 100.0, "percent_covered_display": "100", "missing_lines": 0, "excluded_lines": 2}, "missing_lines": [], "excluded_lines": [30, 31]}}}, "custom_components/carmabox/appliances.py": {"executed_lines": [1, 7, 9, 10, 11, 13, 20, 23, 26, 27, 28, 30, 31, 32, 33, 34, 35, 36, 37, 39, 40, 42, 44, 46, 53, 54, 56, 64, 70, 72, 73, 74, 75, 76, 79, 80, 81, 84, 85, 88, 91, 92, 93, 94, 95, 97, 105, 106, 109, 115, 116, 117, 118, 119, 120, 122, 123, 124, 125, 126, 127, 129, 130, 133, 134, 137, 138, 140, 141, 142, 145, 147, 149, 150, 151, 152, 159, 160, 161, 162, 163, 165], "summary": {"covered_lines": 79, "num_statements": 79, "percent_covered": 100.0, "percent_covered_display": "100", "missing_lines": 0, "excluded_lines": 2}, "missing_lines": [], "excluded_lines": [20, 21], "functions": {"Appliance.category_name": {"executed_lines": [42], "summary": {"covered_lines": 1, "num_statements": 1, "percent_covered": 100.0, "percent_covered_display": "100", "missing_lines": 0, "excluded_lines": 0}, "missing_lines": [], "excluded_lines": []}, "Appliance.to_dict": {"executed_lines": [46], "summary": {"covered_lines": 1, "num_statements": 1, "percent_covered": 100.0, "percent_covered_display": "100", "missing_lines": 0, "excluded_lines": 0}, "missing_lines": [], "excluded_lines": []}, "Appliance.from_dict": {"executed_lines": [56], "summary": {"covered_lines": 1, "num_statements": 1, "percent_covered": 100.0, "percent_covered_display": "100", "missing_lines": 0, "excluded_lines": 0}, "missing_lines": [], "excluded_lines": []}, "detect_appliances": {"executed_lines": [70, 72, 73, 74, 75, 76, 79, 80, 81, 84, 85, 88, 91, 92, 93, 94, 95, 97, 105, 106], "summary": {"covered_lines": 20, "num_statements": 20, "percent_covered": 100.0, "percent_covered_display": "100", "missing_lines": 0, "excluded_lines": 0}, "missing_lines": [], "excluded_lines": []}, "update_appliance_states": {"executed_lines": [115, 116, 117, 118, 119, 120, 122, 123, 124, 125, 126, 127, 129, 130, 133, 134, 137, 138, 140, 141, 142], "summary": {"covered_lines": 21, "num_statements": 21, "percent_covered": 100.0, "percent_covered_display": "100", "missing_lines": 0, "excluded_lines": 0}, "missing_lines": [], "excluded_lines": []}, "appliance_summary": {"executed_lines": [147, 149, 150, 151, 152, 159, 160, 161, 162, 163, 165], "summary": {"covered_lines": 11, "num_statements": 11, "percent_covered": 100.0, "percent_covered_display": "100", "missing_lines": 0, "excluded_lines": 0}, "missing_lines": [], "excluded_lines": []}, "": {"executed_lines": [1, 7, 9, 10, 11, 13, 20, 23, 26, 27, 28, 30, 31, 32, 33, 34, 35, 36, 37, 39, 40, 44, 53, 54, 64, 109, 145], "summary": {"covered_lines": 24, "num_statements": 24, "percent_covered": 100.0, "percent_covered_display": "100", "missing_lines": 0, "excluded_lines": 2}, "missing_lines": [], "excluded_lines": [20, 21]}}, "classes": {"Appliance": {"executed_lines": [42, 46, 56], "summary": {"covered_lines": 3, "num_statements": 3, "percent_covered": 100.0, "percent_covered_display": "100", "missing_lines": 0, "excluded_lines": 0}, "missing_lines": [], "excluded_lines": []}, "": {"executed_lines": [1, 7, 9, 10, 11, 13, 20, 23, 26, 27, 28, 30, 31, 32, 33, 34, 35, 36, 37, 39, 40, 44, 53, 54, 64, 70, 72, 73, 74, 75, 76, 79, 80, 81, 84, 85, 88, 91, 92, 93, 94, 95, 97, 105, 106, 109, 115, 116, 117, 118, 119, 120, 122, 123, 124, 125, 126, 127, 129, 130, 133, 134, 137, 138, 140, 141, 142, 145, 147, 149, 150, 151, 152, 159, 160, 161, 162, 163, 165], "summary": {"covered_lines": 76, "num_statements": 76, "percent_covered": 100.0, "percent_covered_display": "100", "missing_lines": 0, "excluded_lines": 2}, "missing_lines": [], "excluded_lines": [20, 21]}}}, "custom_components/carmabox/config_flow.py": {"executed_lines": [1, 8, 10, 11, 13, 14, 20, 22, 48, 51, 58, 65, 72, 78, 97, 120, 123, 124, 126, 128, 130, 131, 132, 134, 137, 138, 141, 143, 144, 151, 153, 157, 159, 163, 164, 166, 167, 168, 169, 170, 171, 172, 173, 174, 176, 183, 185, 186, 187, 189, 191, 208, 210, 211, 212, 215, 216, 217, 218, 219, 220, 221, 222, 223, 225, 227, 245, 249, 250, 251, 253, 271, 275, 276, 277, 280, 281, 282, 283, 284, 285, 288, 290, 325, 353, 389, 393, 394, 395, 397, 429, 433, 435, 436, 437, 438, 439, 440, 448, 449, 452, 454, 456, 457, 460, 461, 462, 464, 466, 470, 483, 491, 492, 493, 494, 495, 497, 498, 501, 502, 505, 510, 511, 512, 513, 514, 515, 517, 519, 521, 525, 526, 529, 530, 531, 532, 533, 534, 535, 537, 538, 539, 541, 542, 543, 545, 546, 549, 550, 551, 552, 554, 555, 556, 557, 558, 561, 562, 563, 564, 565, 566, 568, 569, 571, 579, 581, 582, 583, 584, 585, 586, 587, 588, 589, 590, 592, 594, 595, 596, 597, 598, 599, 600, 602, 604, 605, 606, 607, 608, 609, 612, 613, 614, 615, 617, 623, 691, 696, 697, 698, 699, 701, 703, 708, 711, 713, 722, 727, 732, 733, 735, 737, 738, 739, 740, 745, 748, 755, 756, 757, 758, 759, 760, 761, 762, 765, 766, 767, 768, 770, 771, 772, 773, 774, 775, 777, 778, 779, 782, 783, 784, 787, 792, 797, 798, 799, 800, 801, 802, 803, 804, 806, 807, 808, 810, 811, 812, 815, 816, 817, 820, 822, 823, 824, 826, 827, 828, 829, 831, 833, 839, 840, 841, 842, 843, 844, 846, 848, 849, 850, 851, 852, 853, 854, 855, 857, 859, 860, 861, 862, 863, 864, 865, 866, 867, 868, 869, 870, 872, 873, 874, 875, 877, 878, 880, 881, 882, 883, 885, 896, 897, 899, 900, 901, 902, 903, 904, 905, 908, 909, 910, 915, 916, 917, 918, 921, 922, 923, 924, 926, 928, 934, 935, 936, 938, 939, 941, 942, 943, 944, 945, 946, 948, 953, 954, 955, 957, 958, 959, 960, 964, 965, 966, 967, 969, 971, 977, 978, 980, 981, 986, 987, 988, 990, 992, 1000, 1002, 1003, 1005, 1006, 1007, 1019, 1020, 1022, 1023, 1033, 1035, 1036, 1037, 1038, 1039, 1040, 1048, 1049, 1056, 1064, 1066, 1067, 1068, 1070, 1073, 1074, 1079, 1081, 1083, 1085, 1087, 1088, 1089, 1090, 1091, 1093, 1094, 1095, 1097, 1099, 1101], "summary": {"covered_lines": 405, "num_statements": 425, "percent_covered": 95.29411764705883, "percent_covered_display": "95", "missing_lines": 20, "excluded_lines": 0}, "missing_lines": [329, 330, 331, 334, 335, 336, 338, 356, 357, 358, 359, 365, 366, 367, 368, 374, 375, 376, 377, 383], "excluded_lines": [], "functions": {"CarmaboxConfigFlow.__init__": {"executed_lines": [130, 131, 132], "summary": {"covered_lines": 3, "num_statements": 3, "percent_covered": 100.0, "percent_covered_display": "100", "missing_lines": 0, "excluded_lines": 0}, "missing_lines": [], "excluded_lines": []}, "CarmaboxConfigFlow.async_step_user": {"executed_lines": [137, 138, 141, 143, 144, 151], "summary": {"covered_lines": 6, "num_statements": 6, "percent_covered": 100.0, "percent_covered_display": "100", "missing_lines": 0, "excluded_lines": 0}, "missing_lines": [], "excluded_lines": []}, "CarmaboxConfigFlow.async_step_no_inverter": {"executed_lines": [157], "summary": {"covered_lines": 1, "num_statements": 1, "percent_covered": 100.0, "percent_covered_display": "100", "missing_lines": 0, "excluded_lines": 0}, "missing_lines": [], "excluded_lines": []}, "CarmaboxConfigFlow.async_step_confirm": {"executed_lines": [163, 164, 166, 167, 168, 169, 170, 171, 172, 173, 174, 176], "summary": {"covered_lines": 12, "num_statements": 12, "percent_covered": 100.0, "percent_covered_display": "100", "missing_lines": 0, "excluded_lines": 0}, "missing_lines": [], "excluded_lines": []}, "CarmaboxConfigFlow.async_step_ev": {"executed_lines": [185, 186, 187, 189, 191], "summary": {"covered_lines": 5, "num_statements": 5, "percent_covered": 100.0, "percent_covered_display": "100", "missing_lines": 0, "excluded_lines": 0}, "missing_lines": [], "excluded_lines": []}, "CarmaboxConfigFlow.async_step_grid": {"executed_lines": [210, 211, 212, 215, 216, 217, 218, 219, 220, 221, 222, 223, 225, 227], "summary": {"covered_lines": 14, "num_statements": 14, "percent_covered": 100.0, "percent_covered_display": "100", "missing_lines": 0, "excluded_lines": 0}, "missing_lines": [], "excluded_lines": []}, "CarmaboxConfigFlow.async_step_household": {"executed_lines": [249, 250, 251, 253], "summary": {"covered_lines": 4, "num_statements": 4, "percent_covered": 100.0, "percent_covered_display": "100", "missing_lines": 0, "excluded_lines": 0}, "missing_lines": [], "excluded_lines": []}, "CarmaboxConfigFlow.async_step_household_profile": {"executed_lines": [275, 276, 277, 280, 281, 282, 283, 284, 285, 288, 290], "summary": {"covered_lines": 11, "num_statements": 11, "percent_covered": 100.0, "percent_covered_display": "100", "missing_lines": 0, "excluded_lines": 0}, "missing_lines": [], "excluded_lines": []}, "CarmaboxConfigFlow.async_step_weather": {"executed_lines": [], "summary": {"covered_lines": 0, "num_statements": 7, "percent_covered": 0.0, "percent_covered_display": "0", "missing_lines": 7, "excluded_lines": 0}, "missing_lines": [329, 330, 331, 334, 335, 336, 338], "excluded_lines": []}, "CarmaboxConfigFlow._detect_weather": {"executed_lines": [], "summary": {"covered_lines": 0, "num_statements": 13, "percent_covered": 0.0, "percent_covered_display": "0", "missing_lines": 13, "excluded_lines": 0}, "missing_lines": [356, 357, 358, 359, 365, 366, 367, 368, 374, 375, 376, 377, 383], "excluded_lines": []}, "CarmaboxConfigFlow.async_step_consumers": {"executed_lines": [393, 394, 395, 397], "summary": {"covered_lines": 4, "num_statements": 4, "percent_covered": 100.0, "percent_covered_display": "100", "missing_lines": 0, "excluded_lines": 0}, "missing_lines": [], "excluded_lines": []}, "CarmaboxConfigFlow.async_step_appliances": {"executed_lines": [433, 435, 436, 437, 438, 439, 440, 448, 449, 452, 454, 456, 457, 460, 461, 462, 464, 466, 470], "summary": {"covered_lines": 19, "num_statements": 19, "percent_covered": 100.0, "percent_covered_display": "100", "missing_lines": 0, "excluded_lines": 0}, "missing_lines": [], "excluded_lines": []}, "CarmaboxConfigFlow._detect_appliances": {"executed_lines": [491, 492, 493, 494, 495, 497, 498, 501, 502, 505, 510, 511, 512, 513, 514, 515, 517, 519], "summary": {"covered_lines": 18, "num_statements": 18, "percent_covered": 100.0, "percent_covered_display": "100", "missing_lines": 0, "excluded_lines": 0}, "missing_lines": [], "excluded_lines": []}, "CarmaboxConfigFlow.async_step_summary": {"executed_lines": [525, 526, 529, 530, 531, 532, 533, 534, 535, 537, 538, 539, 541, 542, 543, 545, 546, 549, 550, 551, 552, 554, 555, 556, 557, 558, 561, 562, 563, 564, 565, 566, 568, 569, 571], "summary": {"covered_lines": 35, "num_statements": 35, "percent_covered": 100.0, "percent_covered_display": "100", "missing_lines": 0, "excluded_lines": 0}, "missing_lines": [], "excluded_lines": []}, "CarmaboxConfigFlow._read_soc": {"executed_lines": [581, 582, 583, 584, 585, 586, 587, 588, 589, 590], "summary": {"covered_lines": 10, "num_statements": 10, "percent_covered": 100.0, "percent_covered_display": "100", "missing_lines": 0, "excluded_lines": 0}, "missing_lines": [], "excluded_lines": []}, "CarmaboxConfigFlow._read_ev_status": {"executed_lines": [594, 595, 596, 597, 598, 599, 600], "summary": {"covered_lines": 7, "num_statements": 7, "percent_covered": 100.0, "percent_covered_display": "100", "missing_lines": 0, "excluded_lines": 0}, "missing_lines": [], "excluded_lines": []}, "CarmaboxConfigFlow._read_current_price": {"executed_lines": [604, 605, 606, 607, 608, 609, 612, 613, 614, 615], "summary": {"covered_lines": 10, "num_statements": 10, "percent_covered": 100.0, "percent_covered_display": "100", "missing_lines": 0, "excluded_lines": 0}, "missing_lines": [], "excluded_lines": []}, "CarmaboxConfigFlow._create_entry": {"executed_lines": [623, 691, 696, 697, 698, 699, 701], "summary": {"covered_lines": 7, "num_statements": 7, "percent_covered": 100.0, "percent_covered_display": "100", "missing_lines": 0, "excluded_lines": 0}, "missing_lines": [], "excluded_lines": []}, "CarmaboxConfigFlow._build_entity_mappings": {"executed_lines": [708, 711, 713, 722, 727, 732, 733, 735, 737, 738, 739, 740, 745, 748, 755, 756, 757, 758, 759, 760, 761, 762, 765, 766, 767, 768, 770, 771, 772, 773, 774, 775, 777, 778, 779, 782, 783, 784, 787, 792, 797, 798, 799, 800, 801, 802, 803, 804, 806, 807, 808, 810, 811, 812, 815, 816, 817, 820, 822, 823, 824, 826, 827, 828, 829, 831], "summary": {"covered_lines": 66, "num_statements": 66, "percent_covered": 100.0, "percent_covered_display": "100", "missing_lines": 0, "excluded_lines": 0}, "missing_lines": [], "excluded_lines": []}, "CarmaboxConfigFlow._find_entities": {"executed_lines": [839, 840, 841, 842, 843, 844], "summary": {"covered_lines": 6, "num_statements": 6, "percent_covered": 100.0, "percent_covered_display": "100", "missing_lines": 0, "excluded_lines": 0}, "missing_lines": [], "excluded_lines": []}, "CarmaboxConfigFlow._find_first_entity": {"executed_lines": [848, 849, 850, 851, 852, 853, 854, 855], "summary": {"covered_lines": 8, "num_statements": 8, "percent_covered": 100.0, "percent_covered_display": "100", "missing_lines": 0, "excluded_lines": 0}, "missing_lines": [], "excluded_lines": []}, "CarmaboxConfigFlow._find_ev_soc_entity": {"executed_lines": [859, 860, 861, 862, 863, 864, 865, 866, 867, 868, 869, 870, 872, 873, 874, 875], "summary": {"covered_lines": 16, "num_statements": 16, "percent_covered": 100.0, "percent_covered_display": "100", "missing_lines": 0, "excluded_lines": 0}, "missing_lines": [], "excluded_lines": []}, "CarmaboxConfigFlow._find_by_suffix": {"executed_lines": [880, 881, 882, 883], "summary": {"covered_lines": 4, "num_statements": 4, "percent_covered": 100.0, "percent_covered_display": "100", "missing_lines": 0, "excluded_lines": 0}, "missing_lines": [], "excluded_lines": []}, "CarmaboxConfigFlow._resolve_inverter_device_id": {"executed_lines": [896, 897, 899, 900, 901, 902, 903, 904, 905, 908, 909, 910, 915, 916, 917, 918, 921, 922, 923, 924, 926], "summary": {"covered_lines": 21, "num_statements": 21, "percent_covered": 100.0, "percent_covered_display": "100", "missing_lines": 0, "excluded_lines": 0}, "missing_lines": [], "excluded_lines": []}, "CarmaboxConfigFlow._detect_ev_prefix": {"executed_lines": [934, 935, 936, 938, 939, 941, 942, 943, 944, 945, 946], "summary": {"covered_lines": 11, "num_statements": 11, "percent_covered": 100.0, "percent_covered_display": "100", "missing_lines": 0, "excluded_lines": 0}, "missing_lines": [], "excluded_lines": []}, "CarmaboxConfigFlow._detect_easee_charger_id": {"executed_lines": [953, 954, 955, 957, 958, 959, 960, 964, 965, 966, 967, 969], "summary": {"covered_lines": 12, "num_statements": 12, "percent_covered": 100.0, "percent_covered_display": "100", "missing_lines": 0, "excluded_lines": 0}, "missing_lines": [], "excluded_lines": []}, "CarmaboxConfigFlow._resolve_device_ids": {"executed_lines": [977, 978, 980, 981, 986, 987, 988], "summary": {"covered_lines": 7, "num_statements": 7, "percent_covered": 100.0, "percent_covered_display": "100", "missing_lines": 0, "excluded_lines": 0}, "missing_lines": [], "excluded_lines": []}, "CarmaboxConfigFlow._auto_detect": {"executed_lines": [992, 1000, 1002, 1003, 1005, 1006, 1007, 1019, 1020, 1022, 1023, 1033, 1035, 1036, 1037, 1038, 1039, 1040, 1048, 1049, 1056, 1064], "summary": {"covered_lines": 22, "num_statements": 22, "percent_covered": 100.0, "percent_covered_display": "100", "missing_lines": 0, "excluded_lines": 0}, "missing_lines": [], "excluded_lines": []}, "CarmaboxConfigFlow.async_get_options_flow": {"executed_lines": [1070], "summary": {"covered_lines": 1, "num_statements": 1, "percent_covered": 100.0, "percent_covered_display": "100", "missing_lines": 0, "excluded_lines": 0}, "missing_lines": [], "excluded_lines": []}, "CarmaboxOptionsFlow.__init__": {"executed_lines": [1081], "summary": {"covered_lines": 1, "num_statements": 1, "percent_covered": 100.0, "percent_covered_display": "100", "missing_lines": 0, "excluded_lines": 0}, "missing_lines": [], "excluded_lines": []}, "CarmaboxOptionsFlow.async_step_init": {"executed_lines": [1085, 1087, 1088, 1089, 1090, 1091, 1093, 1094, 1095, 1097, 1099, 1101], "summary": {"covered_lines": 12, "num_statements": 12, "percent_covered": 100.0, "percent_covered_display": "100", "missing_lines": 0, "excluded_lines": 0}, "missing_lines": [], "excluded_lines": []}, "": {"executed_lines": [1, 8, 10, 11, 13, 14, 20, 22, 48, 51, 58, 65, 72, 78, 97, 120, 123, 124, 126, 128, 134, 153, 159, 183, 208, 245, 271, 325, 353, 389, 429, 483, 521, 579, 592, 602, 617, 703, 833, 846, 857, 877, 878, 885, 928, 948, 971, 990, 1066, 1067, 1068, 1073, 1074, 1079, 1083], "summary": {"covered_lines": 52, "num_statements": 52, "percent_covered": 100.0, "percent_covered_display": "100", "missing_lines": 0, "excluded_lines": 0}, "missing_lines": [], "excluded_lines": []}}, "classes": {"CarmaboxConfigFlow": {"executed_lines": [130, 131, 132, 137, 138, 141, 143, 144, 151, 157, 163, 164, 166, 167, 168, 169, 170, 171, 172, 173, 174, 176, 185, 186, 187, 189, 191, 210, 211, 212, 215, 216, 217, 218, 219, 220, 221, 222, 223, 225, 227, 249, 250, 251, 253, 275, 276, 277, 280, 281, 282, 283, 284, 285, 288, 290, 393, 394, 395, 397, 433, 435, 436, 437, 438, 439, 440, 448, 449, 452, 454, 456, 457, 460, 461, 462, 464, 466, 470, 491, 492, 493, 494, 495, 497, 498, 501, 502, 505, 510, 511, 512, 513, 514, 515, 517, 519, 525, 526, 529, 530, 531, 532, 533, 534, 535, 537, 538, 539, 541, 542, 543, 545, 546, 549, 550, 551, 552, 554, 555, 556, 557, 558, 561, 562, 563, 564, 565, 566, 568, 569, 571, 581, 582, 583, 584, 585, 586, 587, 588, 589, 590, 594, 595, 596, 597, 598, 599, 600, 604, 605, 606, 607, 608, 609, 612, 613, 614, 615, 623, 691, 696, 697, 698, 699, 701, 708, 711, 713, 722, 727, 732, 733, 735, 737, 738, 739, 740, 745, 748, 755, 756, 757, 758, 759, 760, 761, 762, 765, 766, 767, 768, 770, 771, 772, 773, 774, 775, 777, 778, 779, 782, 783, 784, 787, 792, 797, 798, 799, 800, 801, 802, 803, 804, 806, 807, 808, 810, 811, 812, 815, 816, 817, 820, 822, 823, 824, 826, 827, 828, 829, 831, 839, 840, 841, 842, 843, 844, 848, 849, 850, 851, 852, 853, 854, 855, 859, 860, 861, 862, 863, 864, 865, 866, 867, 868, 869, 870, 872, 873, 874, 875, 880, 881, 882, 883, 896, 897, 899, 900, 901, 902, 903, 904, 905, 908, 909, 910, 915, 916, 917, 918, 921, 922, 923, 924, 926, 934, 935, 936, 938, 939, 941, 94
[...]
100, 101], "excluded_lines": [17, 18, 19]}}, "classes": {"SafetyGuardRepairFlow": {"executed_lines": [39, 46, 47, 48, 49, 50, 52, 69, 70, 71, 72, 73, 74, 75, 76, 77, 81, 82, 83, 84, 85], "summary": {"covered_lines": 21, "num_statements": 21, "percent_covered": 100.0, "percent_covered_display": "100", "missing_lines": 0, "excluded_lines": 0}, "missing_lines": [], "excluded_lines": []}, "HubOfflineRepairFlow": {"executed_lines": [], "summary": {"covered_lines": 0, "num_statements": 0, "percent_covered": 100.0, "percent_covered_display": "100", "missing_lines": 0, "excluded_lines": 0}, "missing_lines": [], "excluded_lines": []}, "": {"executed_lines": [1, 8, 10, 11, 13, 15, 17, 21, 24, 25, 27, 28, 29, 31, 32, 34, 41, 67, 79, 87, 88, 90, 96, 97, 98, 104, 106, 118, 120, 132, 134], "summary": {"covered_lines": 27, "num_statements": 29, "percent_covered": 93.10344827586206, "percent_covered_display": "93", "missing_lines": 2, "excluded_lines": 3}, "missing_lines": [100, 101], "excluded_lines": [17, 18, 19]}}}, "custom_components/carmabox/sensor.py": {"executed_lines": [1, 7, 9, 10, 12, 18, 19, 20, 21, 23, 24, 25, 26, 34, 42, 43, 44, 46, 47, 50, 52, 53, 54, 55, 56, 57, 58, 59, 60, 61, 62, 63, 64, 65, 66, 67, 68, 71, 73, 74, 75, 77, 78, 79, 90, 102, 104, 105, 108, 110, 111, 112, 113, 114, 115, 118, 120, 121, 124, 126, 127, 157, 158, 161, 176, 179, 186, 187, 188, 189, 190, 191, 192, 193, 194, 195, 197, 198, 199, 200, 202, 205, 207, 208, 209, 226, 234, 236, 237, 238, 239, 240, 241, 244, 246, 247, 252, 257, 258, 272, 274, 275, 276, 277, 278, 279, 280, 281, 282, 283, 286, 288, 289, 290, 291, 292, 293, 294, 303, 305, 306, 307, 308, 309, 310, 311, 312, 315, 317, 318, 323, 324, 325, 339, 341, 342, 343, 344, 345, 346, 349, 351, 352, 353, 354, 355, 366, 368, 369, 370, 371, 372, 373, 376, 378, 379, 380, 381, 382, 384, 409, 411, 414, 416, 419, 421, 422, 425, 427, 430, 432, 434, 435, 436, 437, 438, 439, 442, 444, 446, 447, 450, 452, 453, 454, 455, 456, 457, 458, 461, 463, 466, 468, 469, 470, 471, 472, 473, 474, 475, 476, 479, 481, 482, 483, 487, 504, 506, 507, 508, 511, 520, 523, 526, 527, 530, 601, 602, 604, 605, 606, 607, 608, 610, 620, 622, 623, 624, 625, 628, 630, 631, 632, 633, 634, 651, 653, 656, 658, 659, 660, 661, 662, 663, 664, 667, 669, 670, 671, 672, 691, 703, 705, 708, 716, 731, 733, 734, 735, 736, 739, 741, 742, 743, 744, 752, 1011, 1014, 1015, 1017, 1020, 1025, 1026, 1028, 1029, 1034, 1037, 1041, 1042, 1043, 1044, 1046, 1047, 1048, 1049, 1063, 1066, 1083, 1084, 1090, 1091, 1093, 1100, 1101, 1102, 1103, 1104, 1106, 1108, 1109, 1112, 1114, 1115, 1117, 1125, 1126, 1128, 1129, 1130, 1132, 1133, 1135, 1136, 1137], "summary": {"covered_lines": 310, "num_statements": 325, "percent_covered": 95.38461538461539, "percent_covered_display": "95", "missing_lines": 15, "excluded_lines": 5}, "missing_lines": [201, 710, 711, 712, 713, 718, 719, 720, 721, 1072, 1073, 1076, 1077, 1078, 1080], "excluded_lines": [34, 35, 37, 38, 39], "functions": {"_plan_status_value": {"executed_lines": [52, 53, 54, 55, 56, 57, 58, 59, 60, 61, 62, 63, 64, 65, 66, 67, 68], "summary": {"covered_lines": 17, "num_statements": 17, "percent_covered": 100.0, "percent_covered_display": "100", "missing_lines": 0, "excluded_lines": 0}, "missing_lines": [], "excluded_lines": []}, "_plan_status_attrs": {"executed_lines": [73, 74, 75, 77, 78, 79, 90], "summary": {"covered_lines": 7, "num_statements": 7, "percent_covered": 100.0, "percent_covered_display": "100", "missing_lines": 0, "excluded_lines": 0}, "missing_lines": [], "excluded_lines": []}, "_savings_value": {"executed_lines": [104, 105], "summary": {"covered_lines": 2, "num_statements": 2, "percent_covered": 100.0, "percent_covered_display": "100", "missing_lines": 0, "excluded_lines": 0}, "missing_lines": [], "excluded_lines": []}, "_savings_attrs": {"executed_lines": [110, 111, 112, 113, 114, 115], "summary": {"covered_lines": 6, "num_statements": 6, "percent_covered": 100.0, "percent_covered_display": "100", "missing_lines": 0, "excluded_lines": 0}, "missing_lines": [], "excluded_lines": []}, "_decision_value": {"executed_lines": [120, 121], "summary": {"covered_lines": 2, "num_statements": 2, "percent_covered": 100.0, "percent_covered_display": "100", "missing_lines": 0, "excluded_lines": 0}, "missing_lines": [], "excluded_lines": []}, "_decision_attrs": {"executed_lines": [126, 127, 157, 158, 161, 176], "summary": {"covered_lines": 6, "num_statements": 6, "percent_covered": 100.0, "percent_covered_display": "100", "missing_lines": 0, "excluded_lines": 0}, "missing_lines": [], "excluded_lines": []}, "_plan_accuracy_value": {"executed_lines": [186, 187, 188, 189, 190, 191, 192, 193, 194, 195, 197, 198, 199, 200, 202], "summary": {"covered_lines": 15, "num_statements": 16, "percent_covered": 93.75, "percent_covered_display": "94", "missing_lines": 1, "excluded_lines": 0}, "missing_lines": [201], "excluded_lines": []}, "_plan_accuracy_attrs": {"executed_lines": [207, 208, 209, 226], "summary": {"covered_lines": 4, "num_statements": 4, "percent_covered": 100.0, "percent_covered_display": "100", "missing_lines": 0, "excluded_lines": 0}, "missing_lines": [], "excluded_lines": []}, "_battery_efficiency_value": {"executed_lines": [236, 237, 238, 239, 240, 241], "summary": {"covered_lines": 6, "num_statements": 6, "percent_covered": 100.0, "percent_covered_display": "100", "missing_lines": 0, "excluded_lines": 0}, "missing_lines": [], "excluded_lines": []}, "_battery_efficiency_attrs": {"executed_lines": [246, 247, 252, 257, 258], "summary": {"covered_lines": 5, "num_statements": 5, "percent_covered": 100.0, "percent_covered_display": "100", "missing_lines": 0, "excluded_lines": 0}, "missing_lines": [], "excluded_lines": []}, "_optimization_score_value": {"executed_lines": [274, 275, 276, 277, 278, 279, 280, 281, 282, 283], "summary": {"covered_lines": 10, "num_statements": 10, "percent_covered": 100.0, "percent_covered_display": "100", "missing_lines": 0, "excluded_lines": 0}, "missing_lines": [], "excluded_lines": []}, "_optimization_score_attrs": {"executed_lines": [288, 289, 290, 291, 292, 293, 294], "summary": {"covered_lines": 7, "num_statements": 7, "percent_covered": 100.0, "percent_covered_display": "100", "missing_lines": 0, "excluded_lines": 0}, "missing_lines": [], "excluded_lines": []}, "_grid_charge_efficiency_value": {"executed_lines": [305, 306, 307, 308, 309, 310, 311, 312], "summary": {"covered_lines": 8, "num_statements": 8, "percent_covered": 100.0, "percent_covered_display": "100", "missing_lines": 0, "excluded_lines": 0}, "missing_lines": [], "excluded_lines": []}, "_grid_charge_efficiency_attrs": {"executed_lines": [317, 318, 323, 324, 325], "summary": {"covered_lines": 5, "num_statements": 5, "percent_covered": 100.0, "percent_covered_display": "100", "missing_lines": 0, "excluded_lines": 0}, "missing_lines": [], "excluded_lines": []}, "_ellevio_realtime_value": {"executed_lines": [341, 342, 343, 344, 345, 346], "summary": {"covered_lines": 6, "num_statements": 6, "percent_covered": 100.0, "percent_covered_display": "100", "missing_lines": 0, "excluded_lines": 0}, "missing_lines": [], "excluded_lines": []}, "_ellevio_realtime_attrs": {"executed_lines": [351, 352, 353, 354, 355], "summary": {"covered_lines": 5, "num_statements": 5, "percent_covered": 100.0, "percent_covered_display": "100", "missing_lines": 0, "excluded_lines": 0}, "missing_lines": [], "excluded_lines": []}, "_shadow_value": {"executed_lines": [368, 369, 370, 371, 372, 373], "summary": {"covered_lines": 6, "num_statements": 6, "percent_covered": 100.0, "percent_covered_display": "100", "missing_lines": 0, "excluded_lines": 0}, "missing_lines": [], "excluded_lines": []}, "_shadow_attrs": {"executed_lines": [378, 379, 380, 381, 382, 384], "summary": {"covered_lines": 6, "num_statements": 6, "percent_covered": 100.0, "percent_covered_display": "100", "missing_lines": 0, "excluded_lines": 0}, "missing_lines": [], "excluded_lines": []}, "_status_value": {"executed_lines": [411], "summary": {"covered_lines": 1, "num_statements": 1, "percent_covered": 100.0, "percent_covered_display": "100", "missing_lines": 0, "excluded_lines": 0}, "missing_lines": [], "excluded_lines": []}, "_status_attrs": {"executed_lines": [416], "summary": {"covered_lines": 1, "num_statements": 1, "percent_covered": 100.0, "percent_covered_display": "100", "missing_lines": 0, "excluded_lines": 0}, "missing_lines": [], "excluded_lines": []}, "_plan_score_value": {"executed_lines": [421, 422], "summary": {"covered_lines": 2, "num_statements": 2, "percent_covered": 100.0, "percent_covered_display": "100", "missing_lines": 0, "excluded_lines": 0}, "missing_lines": [], "excluded_lines": []}, "_plan_score_attrs": {"executed_lines": [427], "summary": {"covered_lines": 1, "num_statements": 1, "percent_covered": 100.0, "percent_covered_display": "100", "missing_lines": 0, "excluded_lines": 0}, "missing_lines": [], "excluded_lines": []}, "_energy_ledger_value": {"executed_lines": [432, 434, 435, 436, 437, 438, 439], "summary": {"covered_lines": 7, "num_statements": 7, "percent_covered": 100.0, "percent_covered_display": "100", "missing_lines": 0, "excluded_lines": 0}, "missing_lines": [], "excluded_lines": []}, "_energy_ledger_attrs": {"executed_lines": [444, 446, 447], "summary": {"covered_lines": 3, "num_statements": 3, "percent_covered": 100.0, "percent_covered_display": "100", "missing_lines": 0, "excluded_lines": 0}, "missing_lines": [], "excluded_lines": []}, "_daily_insight_value": {"executed_lines": [452, 453, 454, 455, 456, 457, 458], "summary": {"covered_lines": 7, "num_statements": 7, "percent_covered": 100.0, "percent_covered_display": "100", "missing_lines": 0, "excluded_lines": 0}, "missing_lines": [], "excluded_lines": []}, "_daily_insight_attrs": {"executed_lines": [463], "summary": {"covered_lines": 1, "num_statements": 1, "percent_covered": 100.0, "percent_covered_display": "100", "missing_lines": 0, "excluded_lines": 0}, "missing_lines": [], "excluded_lines": []}, "_household_insights_value": {"executed_lines": [468, 469, 470, 471, 472, 473, 474, 475, 476], "summary": {"covered_lines": 9, "num_statements": 9, "percent_covered": 100.0, "percent_covered_display": "100", "missing_lines": 0, "excluded_lines": 0}, "missing_lines": [], "excluded_lines": []}, "_household_insights_attrs": {"executed_lines": [481, 482, 483, 487], "summary": {"covered_lines": 4, "num_statements": 4, "percent_covered": 100.0, "percent_covered_display": "100", "missing_lines": 0, "excluded_lines": 0}, "missing_lines": [], "excluded_lines": []}, "_rules_value": {"executed_lines": [506, 507, 508, 511, 520], "summary": {"covered_lines": 5, "num_statements": 5, "percent_covered": 100.0, "percent_covered_display": "100", "missing_lines": 0, "excluded_lines": 0}, "missing_lines": [], "excluded_lines": []}, "_rules_attrs": {"executed_lines": [526, 527, 530, 601, 602, 604, 605, 606, 607, 608, 610], "summary": {"covered_lines": 11, "num_statements": 11, "percent_covered": 100.0, "percent_covered_display": "100", "missing_lines": 0, "excluded_lines": 0}, "missing_lines": [], "excluded_lines": []}, "_scheduler_last_breach_value": {"executed_lines": [622, 623, 624, 625], "summary": {"covered_lines": 4, "num_statements": 4, "percent_covered": 100.0, "percent_covered_display": "100", "missing_lines": 0, "excluded_lines": 0}, "missing_lines": [], "excluded_lines": []}, "_scheduler_last_breach_attrs": {"executed_lines": [630, 631, 632, 633, 634], "summary": {"covered_lines": 5, "num_statements": 5, "percent_covered": 100.0, "percent_covered_display": "100", "missing_lines": 0, "excluded_lines": 0}, "missing_lines": [], "excluded_lines": []}, "_scheduler_breach_count_value": {"executed_lines": [653], "summary": {"covered_lines": 1, "num_statements": 1, "percent_covered": 100.0, "percent_covered_display": "100", "missing_lines": 0, "excluded_lines": 0}, "missing_lines": [], "excluded_lines": []}, "_scheduler_24h_plan_value": {"executed_lines": [658, 659, 660, 661, 662, 663, 664], "summary": {"covered_lines": 7, "num_statements": 7, "percent_covered": 100.0, "percent_covered_display": "100", "missing_lines": 0, "excluded_lines": 0}, "missing_lines": [], "excluded_lines": []}, "_scheduler_24h_plan_attrs": {"executed_lines": [669, 670, 671, 672, 691], "summary": {"covered_lines": 5, "num_statements": 5, "percent_covered": 100.0, "percent_covered_display": "100", "missing_lines": 0, "excluded_lines": 0}, "missing_lines": [], "excluded_lines": []}, "_scheduler_ev_full_charge_value": {"executed_lines": [705], "summary": {"covered_lines": 1, "num_statements": 1, "percent_covered": 100.0, "percent_covered_display": "100", "missing_lines": 0, "excluded_lines": 0}, "missing_lines": [], "excluded_lines": []}, "_idle_analysis_value": {"executed_lines": [], "summary": {"covered_lines": 0, "num_statements": 4, "percent_covered": 0.0, "percent_covered_display": "0", "missing_lines": 4, "excluded_lines": 0}, "missing_lines": [710, 711, 712, 713], "excluded_lines": []}, "_idle_analysis_attrs": {"executed_lines": [], "summary": {"covered_lines": 0, "num_statements": 4, "percent_covered": 0.0, "percent_covered_display": "0", "missing_lines": 4, "excluded_lines": 0}, "missing_lines": [718, 719, 720, 721], "excluded_lines": []}, "_ml_forecast_value": {"executed_lines": [733, 734, 735, 736], "summary": {"covered_lines": 4, "num_statements": 4, "percent_covered": 100.0, "percent_covered_display": "100", "missing_lines": 0, "excluded_lines": 0}, "missing_lines": [], "excluded_lines": []}, "_ml_forecast_attrs": {"executed_lines": [741, 742, 743, 744], "summary": {"covered_lines": 4, "num_statements": 4, "percent_covered": 100.0, "percent_covered_display": "100", "missing_lines": 0, "excluded_lines": 0}, "missing_lines": [], "excluded_lines": []}, "_appliance_value_factory": {"executed_lines": [1014, 1017], "summary": {"covered_lines": 2, "num_statements": 2, "percent_covered": 100.0, "percent_covered_display": "100", "missing_lines": 0, "excluded_lines": 0}, "missing_lines": [], "excluded_lines": []}, "_appliance_value_factory._value": {"executed_lines": [1015], "summary": {"covered_lines": 1, "num_statements": 1, "percent_covered": 100.0, "percent_covered_display": "100", "missing_lines": 0, "excluded_lines": 0}, "missing_lines": [], "excluded_lines": []}, "_appliance_attrs_factory": {"executed_lines": [1025, 1034], "summary": {"covered_lines": 2, "num_statements": 2, "percent_covered": 100.0, "percent_covered_display": "100", "missing_lines": 0, "excluded_lines": 0}, "missing_lines": [], "excluded_lines": []}, "_appliance_attrs_factory._attrs": {"executed_lines": [1026, 1028, 1029], "summary": {"covered_lines": 3, "num_statements": 3, "percent_covered": 100.0, "percent_covered_display": "100", "missing_lines": 0, "excluded_lines": 0}, "missing_lines": [], "excluded_lines": []}, "_build_appliance_descriptions": {"executed_lines": [1041, 1042, 1043, 1044, 1046, 1047, 1048, 1049, 1063], "summary": {"covered_lines": 9, "num_statements": 9, "percent_covered": 100.0, "percent_covered_display": "100", "missing_lines": 0, "excluded_lines": 0}, "missing_lines": [], "excluded_lines": []}, "async_setup_entry": {"executed_lines": [], "summary": {"covered_lines": 0, "num_statements": 6, "percent_covered": 0.0, "percent_covered_display": "0", "missing_lines": 6, "excluded_lines": 0}, "missing_lines": [1072, 1073, 1076, 1077, 1078, 1080], "excluded_lines": []}, "CarmaboxSensor.__init__": {"executed_lines": [1100, 1101, 1102, 1103, 1104], "summary": {"covered_lines": 5, "num_statements": 5, "percent_covered": 100.0, "percent_covered_display": "100", "missing_lines": 0, "excluded_lines": 0}, "missing_lines": [], "excluded_lines": []}, "CarmaboxSensor.async_added_to_hass": {"executed_lines": [1108, 1109, 1112], "summary": {"covered_lines": 3, "num_statements": 3, "percent_covered": 100.0, "percent_covered_display": "100", "missing_lines": 0, "excluded_lines": 0}, "missing_lines": [], "excluded_lines": []}, "CarmaboxSensor.device_info": {"executed_lines": [1117], "summary": {"covered_lines": 1, "num_statements": 1, "percent_covered": 100.0, "percent_covered_display": "100", "missing_lines": 0, "excluded_lines": 0}, "missing_lines": [], "excluded_lines": []}, "CarmaboxSensor.native_value": {"executed_lines": [1128, 1129, 1130], "summary": {"covered_lines": 3, "num_statements": 3, "percent_covered": 100.0, "percent_covered_display": "100", "missing_lines": 0, "excluded_lines": 0}, "missing_lines": [], "excluded_lines": []}, "CarmaboxSensor.extra_state_attributes": {"executed_lines": [1135, 1136, 1137], "summary": {"covered_lines": 3, "num_statements": 3, "percent_covered": 100.0, "percent_covered_display": "100", "missing_lines": 0, "excluded_lines": 0}, "missing_lines": [], "excluded_lines": []}, "": {"executed_lines": [1, 7, 9, 10, 12, 18, 19, 20, 21, 23, 24, 25, 26, 34, 42, 43, 44, 46, 47, 50, 71, 102, 108, 118, 124, 179, 205, 234, 244, 272, 286, 303, 315, 339, 349, 366, 376, 409, 414, 419, 425, 430, 442, 450, 461, 466, 479, 504, 523, 620, 628, 651, 656, 667, 703, 708, 716, 731, 739, 752, 1011, 1020, 1037, 1066, 1083, 1084, 1090, 1091, 1093, 1106, 1114, 1115, 1125, 1126, 1132, 1133], "summary": {"covered_lines": 72, "num_statements": 72, "percent_covered": 100.0, "percent_covered_display": "100", "missing_lines": 0, "excluded_lines": 5}, "missing_lines": [], "excluded_lines": [34, 35, 37, 38, 39]}}, "classes": {"CarmaboxSensorDescription": {"executed_lines": [], "summary": {"covered_lines": 0, "num_statements": 0, "percent_covered": 100.0, "percent_covered_display": "100", "missing_lines": 0, "excluded_lines": 0}, "missing_lines": [], "excluded_lines": []}, "CarmaboxSensor": {"executed_lines": [1100, 1101, 1102, 1103, 1104, 1108, 1109, 1112, 1117, 1128, 1129, 1130, 1135, 1136, 1137], "summary": {"covered_lines": 15, "num_statements": 15, "percent_covered": 100.0, "percent_covered_display": "100", "missing_lines": 0, "excluded_lines": 0}, "missing_lines": [], "excluded_lines": []}, "": {"executed_lines": [1, 7, 9, 10, 12, 18, 19, 20, 21, 23, 24, 25, 26, 34, 42, 43, 44, 46, 47, 50, 52, 53, 54, 55, 56, 57, 58, 59, 60, 61, 62, 63, 64, 65, 66, 67, 68, 71, 73, 74, 75, 77, 78, 79, 90, 102, 104, 105, 108, 110, 111, 112, 113, 114, 115, 118, 120, 121, 124, 126, 127, 157, 158, 161, 176, 179, 186, 187, 188, 189, 190, 191, 192, 193, 194, 195, 197, 198, 199, 200, 202, 205, 207, 208, 209, 226, 234, 236, 237, 238, 239, 240, 241, 244, 246, 247, 252, 257, 258, 272, 274, 275, 276, 277, 278, 279, 280, 281, 282, 283, 286, 288, 289, 290, 291, 292, 293, 294, 303, 305, 306, 307, 308, 309, 310, 311, 312, 315, 317, 318, 323, 324, 325, 339, 341, 342, 343, 344, 345, 346, 349, 351, 352, 353, 354, 355, 366, 368, 369, 370, 371, 372, 373, 376, 378, 379, 380, 381, 382, 384, 409, 411, 414, 416, 419, 421, 422, 425, 427, 430, 432, 434, 435, 436, 437, 438, 439, 442, 444, 446, 447, 450, 452, 453, 454, 455, 456, 457, 458, 461, 463, 466, 468, 469, 470, 471, 472, 473, 474, 475, 476, 479, 481, 482, 483, 487, 504, 506, 507, 508, 511, 520, 523, 526, 527, 530, 601, 602, 604, 605, 606, 607, 608, 610, 620, 622, 623, 624, 625, 628, 630, 631, 632, 633, 634, 651, 653, 656, 658, 659, 660, 661, 662, 663, 664, 667, 669, 670, 671, 672, 691, 703, 705, 708, 716, 731, 733, 734, 735, 736, 739, 741, 742, 743, 744, 752, 1011, 1014, 1015, 1017, 1020, 1025, 1026, 1028, 1029, 1034, 1037, 1041, 1042, 1043, 1044, 1046, 1047, 1048, 1049, 1063, 1066, 1083, 1084, 1090, 1091, 1093, 1106, 1114, 1115, 1125, 1126, 1132, 1133], "summary": {"covered_lines": 295, "num_statements": 310, "percent_covered": 95.16129032258064, "percent_covered_display": "95", "missing_lines": 15, "excluded_lines": 5}, "missing_lines": [201, 710, 711, 712, 713, 718, 719, 720, 721, 1072, 1073, 1076, 1077, 1078, 1080], "excluded_lines": [34, 35, 37, 38, 39]}}}}, "totals": {"covered_lines": 11936, "num_statements": 12937, "percent_covered": 92.26250289866275, "percent_covered_display": "92", "missing_lines": 1001, "excluded_lines": 91}}