{"meta": {"format": 3, "version": "7.6.8", "timestamp": "2026-03-30T13:21:01.649661", "branch_coverage": false, "show_contexts": false}, "files": {"custom_components/carmabox/__init__.py": {"executed_lines": [1, 8, 10, 11, 12, 13, 14, 16, 17, 18, 23, 26, 32, 38, 40, 41, 45, 46, 48, 51, 98, 107, 125], "summary": {"covered_lines": 22, "num_statements": 68, "percent_covered": 32.35294117647059, "percent_covered_display": "32", "missing_lines": 46, "excluded_lines": 0}, "missing_lines": [33, 34, 43, 53, 55, 56, 58, 59, 60, 63, 64, 65, 67, 69, 70, 71, 72, 73, 74, 75, 76, 77, 78, 79, 84, 85, 88, 89, 90, 91, 92, 94, 95, 100, 101, 102, 103, 104, 117, 118, 119, 120, 121, 122, 127, 128], "excluded_lines": [], "functions": {"async_setup_entry": {"executed_lines": [], "summary": {"covered_lines": 0, "num_statements": 21, "percent_covered": 0.0, "percent_covered_display": "0", "missing_lines": 21, "excluded_lines": 0}, "missing_lines": [53, 55, 56, 58, 59, 60, 63, 64, 65, 67, 69, 70, 84, 85, 88, 89, 90, 91, 92, 94, 95], "excluded_lines": []}, "async_setup_entry._on_cable_change": {"executed_lines": [], "summary": {"covered_lines": 0, "num_statements": 9, "percent_covered": 0.0, "percent_covered_display": "0", "missing_lines": 9, "excluded_lines": 0}, "missing_lines": [71, 72, 73, 74, 75, 76, 77, 78, 79], "excluded_lines": []}, "async_unload_entry": {"executed_lines": [], "summary": {"covered_lines": 0, "num_statements": 5, "percent_covered": 0.0, "percent_covered_display": "0", "missing_lines": 5, "excluded_lines": 0}, "missing_lines": [100, 101, 102, 103, 104], "excluded_lines": []}, "_invalidate_module_cache": {"executed_lines": [], "summary": {"covered_lines": 0, "num_statements": 6, "percent_covered": 0.0, "percent_covered_display": "0", "missing_lines": 6, "excluded_lines": 0}, "missing_lines": [117, 118, 119, 120, 121, 122], "excluded_lines": []}, "_async_options_updated": {"executed_lines": [], "summary": {"covered_lines": 0, "num_statements": 2, "percent_covered": 0.0, "percent_covered_display": "0", "missing_lines": 2, "excluded_lines": 0}, "missing_lines": [127, 128], "excluded_lines": []}, "": {"executed_lines": [1, 8, 10, 11, 12, 13, 14, 16, 17, 18, 23, 26, 32, 38, 40, 41, 45, 46, 48, 51, 98, 107, 125], "summary": {"covered_lines": 22, "num_statements": 25, "percent_covered": 88.0, "percent_covered_display": "88", "missing_lines": 3, "excluded_lines": 0}, "missing_lines": [33, 34, 43], "excluded_lines": []}}, "classes": {"": {"executed_lines": [1, 8, 10, 11, 12, 13, 14, 16, 17, 18, 23, 26, 32, 38, 40, 41, 45, 46, 48, 51, 98, 107, 125], "summary": {"covered_lines": 22, "num_statements": 68, "percent_covered": 32.35294117647059, "percent_covered_display": "32", "missing_lines": 46, "excluded_lines": 0}, "missing_lines": [33, 34, 43, 53, 55, 56, 58, 59, 60, 63, 64, 65, 67, 69, 70, 71, 72, 73, 74, 75, 76, 77, 78, 79, 84, 85, 88, 89, 90, 91, 92, 94, 95, 100, 101, 102, 103, 104, 117, 118, 119, 120, 121, 122, 127, 128], "excluded_lines": []}}}, "custom_components/carmabox/adapters/__init__.py": {"executed_lines": [1, 8, 10, 13, 14, 16, 18, 19, 20, 23, 24, 25, 28, 29, 30, 33, 34, 35, 38, 39, 42, 43, 47, 48, 50, 51, 52, 55, 56, 57, 60, 61, 62, 65, 66, 67, 70, 71, 75, 76, 79, 80, 83, 84, 87, 92, 93, 95, 96, 97, 100, 101, 102, 105, 106, 107, 111, 112, 114, 115, 116, 119, 120, 121, 124, 125, 126, 129, 130, 131, 134, 135, 136, 140, 141, 143, 144, 145, 148, 149, 150, 153, 154, 155, 158, 159, 160], "summary": {"covered_lines": 81, "num_statements": 83, "percent_covered": 97.59036144578313, "percent_covered_display": "98", "missing_lines": 2, "excluded_lines": 0}, "missing_lines": [73, 89], "excluded_lines": [], "functions": {"InverterAdapter.soc": {"executed_lines": [], "summary": {"covered_lines": 0, "num_statements": 0, "percent_covered": 100.0, "percent_covered_display": "100", "missing_lines": 0, "excluded_lines": 0}, "missing_lines": [], "excluded_lines": []}, "InverterAdapter.power_w": {"executed_lines": [], "summary": {"covered_lines": 0, "num_statements": 0, "percent_covered": 100.0, "percent_covered_display": "100", "missing_lines": 0, "excluded_lines": 0}, "missing_lines": [], "excluded_lines": []}, "InverterAdapter.ems_mode": {"executed_lines": [], "summary": {"covered_lines": 0, "num_statements": 0, "percent_covered": 100.0, "percent_covered_display": "100", "missing_lines": 0, "excluded_lines": 0}, "missing_lines": [], "excluded_lines": []}, "InverterAdapter.temperature_c": {"executed_lines": [], "summary": {"covered_lines": 0, "num_statements": 0, "percent_covered": 100.0, "percent_covered_display": "100", "missing_lines": 0, "excluded_lines": 0}, "missing_lines": [], "excluded_lines": []}, "InverterAdapter.set_ems_mode": {"executed_lines": [], "summary": {"covered_lines": 0, "num_statements": 0, "percent_covered": 100.0, "percent_covered_display": "100", "missing_lines": 0, "excluded_lines": 0}, "missing_lines": [], "excluded_lines": []}, "InverterAdapter.set_discharge_limit": {"executed_lines": [], "summary": {"covered_lines": 0, "num_statements": 0, "percent_covered": 100.0, "percent_covered_display": "100", "missing_lines": 0, "excluded_lines": 0}, "missing_lines": [], "excluded_lines": []}, "EVAdapter.status": {"executed_lines": [], "summary": {"covered_lines": 0, "num_statements": 0, "percent_covered": 100.0, "percent_covered_display": "100", "missing_lines": 0, "excluded_lines": 0}, "missing_lines": [], "excluded_lines": []}, "EVAdapter.current_a": {"executed_lines": [], "summary": {"covered_lines": 0, "num_statements": 0, "percent_covered": 100.0, "percent_covered_display": "100", "missing_lines": 0, "excluded_lines": 0}, "missing_lines": [], "excluded_lines": []}, "EVAdapter.power_w": {"executed_lines": [], "summary": {"covered_lines": 0, "num_statements": 0, "percent_covered": 100.0, "percent_covered_display": "100", "missing_lines": 0, "excluded_lines": 0}, "missing_lines": [], "excluded_lines": []}, "EVAdapter.is_charging": {"executed_lines": [], "summary": {"covered_lines": 0, "num_statements": 0, "percent_covered": 100.0, "percent_covered_display": "100", "missing_lines": 0, "excluded_lines": 0}, "missing_lines": [], "excluded_lines": []}, "EVAdapter.cable_locked": {"executed_lines": [], "summary": {"covered_lines": 0, "num_statements": 1, "percent_covered": 0.0, "percent_covered_display": "0", "missing_lines": 1, "excluded_lines": 0}, "missing_lines": [73], "excluded_lines": []}, "EVAdapter.enable": {"executed_lines": [], "summary": {"covered_lines": 0, "num_statements": 0, "percent_covered": 100.0, "percent_covered_display": "100", "missing_lines": 0, "excluded_lines": 0}, "missing_lines": [], "excluded_lines": []}, "EVAdapter.disable": {"executed_lines": [], "summary": {"covered_lines": 0, "num_statements": 0, "percent_covered": 100.0, "percent_covered_display": "100", "missing_lines": 0, "excluded_lines": 0}, "missing_lines": [], "excluded_lines": []}, "EVAdapter.set_current": {"executed_lines": [], "summary": {"covered_lines": 0, "num_statements": 0, "percent_covered": 100.0, "percent_covered_display": "100", "missing_lines": 0, "excluded_lines": 0}, "missing_lines": [], "excluded_lines": []}, "EVAdapter.reset_to_default": {"executed_lines": [], "summary": {"covered_lines": 0, "num_statements": 1, "percent_covered": 0.0, "percent_covered_display": "0", "missing_lines": 1, "excluded_lines": 0}, "missing_lines": [89], "excluded_lines": []}, "PriceAdapter.current_price": {"executed_lines": [], "summary": {"covered_lines": 0, "num_statements": 0, "percent_covered": 100.0, "percent_covered_display": "100", "missing_lines": 0, "excluded_lines": 0}, "missing_lines": [], "excluded_lines": []}, "PriceAdapter.today_prices": {"executed_lines": [], "summary": {"covered_lines": 0, "num_statements": 0, "percent_covered": 100.0, "percent_covered_display": "100", "missing_lines": 0, "excluded_lines": 0}, "missing_lines": [], "excluded_lines": []}, "PriceAdapter.tomorrow_prices": {"executed_lines": [], "summary": {"covered_lines": 0, "num_statements": 0, "percent_covered": 100.0, "percent_covered_display": "100", "missing_lines": 0, "excluded_lines": 0}, "missing_lines": [], "excluded_lines": []}, "PVAdapter.today_kwh": {"executed_lines": [], "summary": {"covered_lines": 0, "num_statements": 0, "percent_covered": 100.0, "percent_covered_display": "100", "missing_lines": 0, "excluded_lines": 0}, "missing_lines": [], "excluded_lines": []}, "PVAdapter.tomorrow_kwh": {"executed_lines": [], "summary": {"covered_lines": 0, "num_statements": 0, "percent_covered": 100.0, "percent_covered_display": "100", "missing_lines": 0, "excluded_lines": 0}, "missing_lines": [], "excluded_lines": []}, "PVAdapter.forecast_daily_3d": {"executed_lines": [], "summary": {"covered_lines": 0, "num_statements": 0, "percent_covered": 100.0, "percent_covered_display": "100", "missing_lines": 0, "excluded_lines": 0}, "missing_lines": [], "excluded_lines": []}, "PVAdapter.today_hourly_kw": {"executed_lines": [], "summary": {"covered_lines": 0, "num_statements": 0, "percent_covered": 100.0, "percent_covered_display": "100", "missing_lines": 0, "excluded_lines": 0}, "missing_lines": [], "excluded_lines": []}, "PVAdapter.tomorrow_hourly_kw": {"executed_lines": [], "summary": {"covered_lines": 0, "num_statements": 0, "percent_covered": 100.0, "percent_covered_display": "100", "missing_lines": 0, "excluded_lines": 0}, "missing_lines": [], "excluded_lines": []}, "WeatherAdapter.temperature_c": {"executed_lines": [], "summary": {"covered_lines": 0, "num_statements": 0, "percent_covered": 100.0, "percent_covered_display": "100", "missing_lines": 0, "excluded_lines": 0}, "missing_lines": [], "excluded_lines": []}, "WeatherAdapter.illuminance_lux": {"executed_lines": [], "summary": {"covered_lines": 0, "num_statements": 0, "percent_covered": 100.0, "percent_covered_display": "100", "missing_lines": 0, "excluded_lines": 0}, "missing_lines": [], "excluded_lines": []}, "WeatherAdapter.wind_speed_ms": {"executed_lines": [], "summary": {"covered_lines": 0, "num_statements": 0, "percent_covered": 100.0, "percent_covered_display": "100", "missing_lines": 0, "excluded_lines": 0}, "missing_lines": [], "excluded_lines": []}, "WeatherAdapter.wind_gust_ms": {"executed_lines": [], "summary": {"covered_lines": 0, "num_statements": 0, "percent_covered": 100.0, "percent_covered_display": "100", "missing_lines": 0, "excluded_lines": 0}, "missing_lines": [], "excluded_lines": []}, "": {"executed_lines": [1, 8, 10, 13, 14, 16, 18, 19, 20, 23, 24, 25, 28, 29, 30, 33, 34, 35, 38, 39, 42, 43, 47, 48, 50, 51, 52, 55, 56, 57, 60, 61, 62, 65, 66, 67, 70, 71, 75, 76, 79, 80, 83, 84, 87, 92, 93, 95, 96, 97, 100, 101, 102, 105, 106, 107, 111, 112, 114, 115, 116, 119, 120, 121, 124, 125, 126, 129, 130, 131, 134, 135, 136, 140, 141, 143, 144, 145, 148, 149, 150, 153, 154, 155, 158, 159, 160], "summary": {"covered_lines": 81, "num_statements": 81, "percent_covered": 100.0, "percent_covered_display": "100", "missing_lines": 0, "excluded_lines": 0}, "missing_lines": [], "excluded_lines": []}}, "classes": {"InverterAdapter": {"executed_lines": [], "summary": {"covered_lines": 0, "num_statements": 0, "percent_covered": 100.0, "percent_covered_display": "100", "missing_lines": 0, "excluded_lines": 0}, "missing_lines": [], "excluded_lines": []}, "EVAdapter": {"executed_lines": [], "summary": {"covered_lines": 0, "num_statements": 2, "percent_covered": 0.0, "percent_covered_display": "0", "missing_lines": 2, "excluded_lines": 0}, "missing_lines": [73, 89], "excluded_lines": []}, "PriceAdapter": {"executed_lines": [], "summary": {"covered_lines": 0, "num_statements": 0, "percent_covered": 100.0, "percent_covered_display": "100", "missing_lines": 0, "excluded_lines": 0}, "missing_lines": [], "excluded_lines": []}, "PVAdapter": {"executed_lines": [], "summary": {"covered_lines": 0, "num_statements": 0, "percent_covered": 100.0, "percent_covered_display": "100", "missing_lines": 0, "excluded_lines": 0}, "missing_lines": [], "excluded_lines": []}, "WeatherAdapter": {"executed_lines": [], "summary": {"covered_lines": 0, "num_statements": 0, "percent_covered": 100.0, "percent_covered_display": "100", "missing_lines": 0, "excluded_lines": 0}, "missing_lines": [], "excluded_lines": []}, "": {"executed_lines": [1, 8, 10, 13, 14, 16, 18, 19, 20, 23, 24, 25, 28, 29, 30, 33, 34, 35, 38, 39, 42, 43, 47, 48, 50, 51, 52, 55, 56, 57, 60, 61, 62, 65, 66, 67, 70, 71, 75, 76, 79, 80, 83, 84, 87, 92, 93, 95, 96, 97, 100, 101, 102, 105, 106, 107, 111, 112, 114, 115, 116, 119, 120, 121, 124, 125, 126, 129, 130, 131, 134, 135, 136, 140, 141, 143, 144, 145, 148, 149, 150, 153, 154, 155, 158, 159, 160], "summary": {"covered_lines": 81, "num_statements": 81, "percent_covered": 100.0, "percent_covered_display": "100", "missing_lines": 0, "excluded_lines": 0}, "missing_lines": [], "excluded_lines": []}}}, "custom_components/carmabox/adapters/easee.py": {"executed_lines": [1, 13, 15, 16, 18, 19, 21, 22, 24, 26, 27, 28, 31, 32, 34, 41, 42, 43, 44, 45, 47, 49, 50, 51, 52, 58, 59, 64, 70, 71, 77, 83, 84, 85, 86, 87, 88, 89, 90, 91, 93, 94, 95, 96, 97, 99, 100, 101, 104, 105, 106, 107, 108, 109, 110, 111, 112, 119, 120, 121, 125, 126, 127, 129, 130, 131, 133, 134, 135, 137, 138, 141, 142, 143, 145, 146, 147, 149, 150, 152, 153, 155, 157, 158, 161, 162, 163, 165, 166, 169, 170, 174, 175, 181, 182, 183, 184, 189, 191, 196, 198, 199, 200, 206, 212, 214, 216, 222, 224, 225, 231, 237, 239], "summary": {"covered_lines": 111, "num_statements": 121, "percent_covered": 91.73553719008264, "percent_covered_display": "92", "missing_lines": 10, "excluded_lines": 0}, "missing_lines": [102, 103, 139, 154, 159, 167, 171, 172, 177, 217], "excluded_lines": [], "functions": {"EaseeAdapter.__init__": {"executed_lines": [41, 42, 43, 44, 45], "summary": {"covered_lines": 5, "num_statements": 5, "percent_covered": 100.0, "percent_covered_display": "100", "missing_lines": 0, "excluded_lines": 0}, "missing_lines": [], "excluded_lines": []}, "EaseeAdapter.ensure_initialized": {"executed_lines": [49, 50, 51, 52, 58, 59, 64, 70, 71, 77], "summary": {"covered_lines": 10, "num_statements": 10, "percent_covered": 100.0, "percent_covered_display": "100", "missing_lines": 0, "excluded_lines": 0}, "missing_lines": [], "excluded_lines": []}, "EaseeAdapter._state": {"executed_lines": [84, 85, 86, 87, 88, 89, 90, 91], "summary": {"covered_lines": 8, "num_statements": 8, "percent_covered": 100.0, "percent_covered_display": "100", "missing_lines": 0, "excluded_lines": 0}, "missing_lines": [], "excluded_lines": []}, "EaseeAdapter._str_state": {"executed_lines": [94, 95, 96, 97], "summary": {"covered_lines": 4, "num_statements": 4, "percent_covered": 100.0, "percent_covered_display": "100", "missing_lines": 0, "excluded_lines": 0}, "missing_lines": [], "excluded_lines": []}, "EaseeAdapter._safe_call": {"executed_lines": [100, 101, 104, 105, 106, 107, 108, 109, 110, 111, 112, 119, 120, 121], "summary": {"covered_lines": 14, "num_statements": 16, "percent_covered": 87.5, "percent_covered_display": "88", "missing_lines": 2, "excluded_lines": 0}, "missing_lines": [102, 103], "excluded_lines": []}, "EaseeAdapter.status": {"executed_lines": [127], "summary": {"covered_lines": 1, "num_statements": 1, "percent_covered": 100.0, "percent_covered_display": "100", "missing_lines": 0, "excluded_lines": 0}, "missing_lines": [], "excluded_lines": []}, "EaseeAdapter.current_a": {"executed_lines": [131], "summary": {"covered_lines": 1, "num_statements": 1, "percent_covered": 100.0, "percent_covered_display": "100", "missing_lines": 0, "excluded_lines": 0}, "missing_lines": [], "excluded_lines": []}, "EaseeAdapter.power_w": {"executed_lines": [135], "summary": {"covered_lines": 1, "num_statements": 1, "percent_covered": 100.0, "percent_covered_display": "100", "missing_lines": 0, "excluded_lines": 0}, "missing_lines": [], "excluded_lines": []}, "EaseeAdapter.power_kw": {"executed_lines": [], "summary": {"covered_lines": 0, "num_statements": 1, "percent_covered": 0.0, "percent_covered_display": "0", "missing_lines": 1, "excluded_lines": 0}, "missing_lines": [139], "excluded_lines": []}, "EaseeAdapter.is_enabled": {"executed_lines": [143], "summary": {"covered_lines": 1, "num_statements": 1, "percent_covered": 100.0, "percent_covered_display": "100", "missing_lines": 0, "excluded_lines": 0}, "missing_lines": [], "excluded_lines": []}, "EaseeAdapter.is_charging": {"executed_lines": [147], "summary": {"covered_lines": 1, "num_statements": 1, "percent_covered": 100.0, "percent_covered_display": "100", "missing_lines": 0, "excluded_lines": 0}, "missing_lines": [], "excluded_lines": []}, "EaseeAdapter.cable_locked": {"executed_lines": [152, 153, 155], "summary": {"covered_lines": 3, "num_statements": 4, "percent_covered": 75.0, "percent_covered_display": "75", "missing_lines": 1, "excluded_lines": 0}, "missing_lines": [154], "excluded_lines": []}, "EaseeAdapter.plug_connected": {"executed_lines": [], "summary": {"covered_lines": 0, "num_statements": 1, "percent_covered": 0.0, "percent_covered_display": "0", "missing_lines": 1, "excluded_lines": 0}, "missing_lines": [159], "excluded_lines": []}, "EaseeAdapter.dynamic_limit_a": {"executed_lines": [163], "summary": {"covered_lines": 1, "num_statements": 1, "percent_covered": 100.0, "percent_covered_display": "100", "missing_lines": 0, "excluded_lines": 0}, "missing_lines": [], "excluded_lines": []}, "EaseeAdapter.reason_for_no_current": {"executed_lines": [], "summary": {"covered_lines": 0, "num_statements": 1, "percent_covered": 0.0, "percent_covered_display": "0", "missing_lines": 1, "excluded_lines": 0}, "missing_lines": [167], "excluded_lines": []}, "EaseeAdapter.phase_count": {"executed_lines": [], "summary": {"covered_lines": 0, "num_statements": 2, "percent_covered": 0.0, "percent_covered_display": "0", "missing_lines": 2, "excluded_lines": 0}, "missing_lines": [171, 172], "excluded_lines": []}, "EaseeAdapter.charging_power_at_amps": {"executed_lines": [], "summary": {"covered_lines": 0, "num_statements": 1, "percent_covered": 0.0, "percent_covered_display": "0", "missing_lines": 1, "excluded_lines": 0}, "missing_lines": [177], "excluded_lines": []}, "EaseeAdapter.enable": {"executed_lines": [182, 183, 184, 189, 191, 196], "summary": {"covered_lines": 6, "num_statements": 6, "percent_covered": 100.0, "percent_covered_display": "100", "missing_lines": 0, "excluded_lines": 0}, "missing_lines": [], "excluded_lines": []}, "EaseeAdapter.disable": {"executed_lines": [199, 200], "summary": {"covered_lines": 2, "num_statements": 2, "percent_covered": 100.0, "percent_covered_display": "100", "missing_lines": 0, "excluded_lines": 0}, "missing_lines": [], "excluded_lines": []}, "EaseeAdapter.set_current": {"executed_lines": [212, 214, 216, 222, 224, 225, 231], "summary": {"covered_lines": 7, "num_statements": 8, "percent_covered": 87.5, "percent_covered_display": "88", "missing_lines": 1, "excluded_lines": 0}, "missing_lines": [217], "excluded_lines": []}, "EaseeAdapter.reset_to_default": {"executed_lines": [239], "summary": {"covered_lines": 1, "num_statements": 1, "percent_covered": 100.0, "percent_covered_display": "100", "missing_lines": 0, "excluded_lines": 0}, "missing_lines": [], "excluded_lines": []}, "": {"executed_lines": [1, 13, 15, 16, 18, 19, 21, 22, 24, 26, 27, 28, 31, 32, 34, 47, 83, 93, 99, 125, 126, 129, 130, 133, 134, 137, 138, 141, 142, 145, 146, 149, 150, 157, 158, 161, 162, 165, 166, 169, 170, 174, 175, 181, 198, 206, 237], "summary": {"covered_lines": 45, "num_statements": 45, "percent_covered": 100.0, "percent_covered_display": "100", "missing_lines": 0, "excluded_lines": 0}, "missing_lines": [], "excluded_lines": []}}, "classes": {"EaseeAdapter": {"executed_lines": [41, 42, 43, 44, 45, 49, 50, 51, 52, 58, 59, 64, 70, 71, 77, 84, 85, 86, 87, 88, 89, 90, 91, 94, 95, 96, 97, 100, 101, 104, 105, 106, 107, 108, 109, 110, 111, 112, 119, 120, 121, 127, 131, 135, 143, 147, 152, 153, 155, 163, 182, 183, 184, 189, 191, 196, 199, 200, 212, 214, 216, 222, 224, 225, 231, 239], "summary": {"covered_lines": 66, "num_statements": 76, "percent_covered": 86.84210526315789, "percent_covered_display": "87", "missing_lines": 10, "excluded_lines": 0}, "missing_lines": [102, 103, 139, 154, 159, 167, 171, 172, 177, 217], "excluded_lines": []}, "": {"executed_lines": [1, 13, 15, 16, 18, 19, 21, 22, 24, 26, 27, 28, 31, 32, 34, 47, 83, 93, 99, 125, 126, 129, 130, 133, 134, 137, 138, 141, 142, 145, 146, 149, 150, 157, 158, 161, 162, 165, 166, 169, 170, 174, 175, 181, 198, 206, 237], "summary": {"covered_lines": 45, "num_statements": 45, "percent_covered": 100.0, "percent_covered_display": "100", "missing_lines": 0, "excluded_lines": 0}, "missing_lines": [], "excluded_lines": []}}}, "custom_components/carmabox/adapters/goodwe.py": {"executed_lines": [1, 6, 8, 9, 11, 12, 14, 16, 18, 21, 22, 28, 41, 42, 43, 45, 47, 48, 49, 50, 51, 52, 53, 55, 57, 58, 59, 60, 62, 64, 66, 70, 71, 72, 73, 74, 75, 82, 83, 84, 93, 94, 103, 104, 105, 109, 110, 112, 114, 115, 117, 119, 120, 122, 124, 125, 127, 129, 130, 132, 133, 138, 149, 151, 154, 155, 164, 177, 185, 186, 187, 192, 194, 195, 203, 204, 205, 213, 215, 217, 219, 220], "summary": {"covered_lines": 80, "num_statements": 88, "percent_covered": 90.9090909090909, "percent_covered_display": "91", "missing_lines": 8, "excluded_lines": 0}, "missing_lines": [67, 68, 152, 153, 178, 183, 193, 214], "excluded_lines": [], "functions": {"GoodWeAdapter.__init__": {"executed_lines": [41, 42, 43], "summary": {"covered_lines": 3, "num_statements": 3, "percent_covered": 100.0, "percent_covered_display": "100", "missing_lines": 0, "excluded_lines": 0}, "missing_lines": [], "excluded_lines": []}, "GoodWeAdapter._state": {"executed_lines": [47, 48, 49, 50, 51, 52, 53], "summary": {"covered_lines": 7, "num_statements": 7, "percent_covered": 100.0, "percent_covered_display": "100", "missing_lines": 0, "excluded_lines": 0}, "missing_lines": [], "excluded_lines": []}, "GoodWeAdapter._str_state": {"executed_lines": [57, 58, 59, 60], "summary": {"covered_lines": 4, "num_statements": 4, "percent_covered": 100.0, "percent_covered_display": "100", "missing_lines": 0, "excluded_lines": 0}, "missing_lines": [], "excluded_lines": []}, "GoodWeAdapter._safe_call": {"executed_lines": [64, 66, 70, 71, 72, 73, 74, 75, 82, 83, 84, 93, 94, 103, 104, 105], "summary": {"covered_lines": 16, "num_statements": 18, "percent_covered": 88.88888888888889, "percent_covered_display": "89", "missing_lines": 2, "excluded_lines": 0}, "missing_lines": [67, 68], "excluded_lines": []}, "GoodWeAdapter.soc": {"executed_lines": [112], "summary": {"covered_lines": 1, "num_statements": 1, "percent_covered": 100.0, "percent_covered_display": "100", "missing_lines": 0, "excluded_lines": 0}, "missing_lines": [], "excluded_lines": []}, "GoodWeAdapter.power_w": {"executed_lines": [117], "summary": {"covered_lines": 1, "num_statements": 1, "percent_covered": 100.0, "percent_covered_display": "100", "missing_lines": 0, "excluded_lines": 0}, "missing_lines": [], "excluded_lines": []}, "GoodWeAdapter.ems_mode": {"executed_lines": [122], "summary": {"covered_lines": 1, "num_statements": 1, "percent_covered": 100.0, "percent_covered_display": "100", "missing_lines": 0, "excluded_lines": 0}, "missing_lines": [], "excluded_lines": []}, "GoodWeAdapter.fast_charging_on": {"executed_lines": [127], "summary": {"covered_lines": 1, "num_statements": 1, "percent_covered": 100.0, "percent_covered_display": "100", "missing_lines": 0, "excluded_lines": 0}, "missing_lines": [], "excluded_lines": []}, "GoodWeAdapter.temperature_c": {"executed_lines": [132, 133], "summary": {"covered_lines": 2, "num_statements": 2, "percent_covered": 100.0, "percent_covered_display": "100", "missing_lines": 0, "excluded_lines": 0}, "missing_lines": [], "excluded_lines": []}, "GoodWeAdapter.set_ems_mode": {"executed_lines": [151, 154, 155], "summary": {"covered_lines": 3, "num_statements": 5, "percent_covered": 60.0, "percent_covered_display": "60", "missing_lines": 2, "excluded_lines": 0}, "missing_lines": [152, 153], "excluded_lines": []}, "GoodWeAdapter.set_fast_charging": {"executed_lines": [177, 185, 186, 187, 192, 194, 195, 203, 204, 205, 213, 215], "summary": {"covered_lines": 12, "num_statements": 16, "percent_covered": 75.0, "percent_covered_display": "75", "missing_lines": 4, "excluded_lines": 0}, "missing_lines": [178, 183, 193, 214], "excluded_lines": []}, "GoodWeAdapter.set_discharge_limit": {"executed_lines": [219, 220], "summary": {"covered_lines": 2, "num_statements": 2, "percent_covered": 100.0, "percent_covered_display": "100", "missing_lines": 0, "excluded_lines": 0}, "missing_lines": [], "excluded_lines": []}, "": {"executed_lines": [1, 6, 8, 9, 11, 12, 14, 16, 18, 21, 22, 28, 45, 55, 62, 109, 110, 114, 115, 119, 120, 124, 125, 129, 130, 138, 149, 164, 217], "summary": {"covered_lines": 27, "num_statements": 27, "percent_covered": 100.0, "percent_covered_display": "100", "missing_lines": 0, "excluded_lines": 0}, "missing_lines": [], "excluded_lines": []}}, "classes": {"GoodWeAdapter": {"executed_lines": [41, 42, 43, 47, 48, 49, 50, 51, 52, 53, 57, 58, 59, 60, 64, 66, 70, 71, 72, 73, 74, 75, 82, 83, 84, 93, 94, 103, 104, 105, 112, 117, 122, 127, 132, 133, 151, 154, 155, 177, 185, 186, 187, 192, 194, 195, 203, 204, 205, 213, 215, 219, 220], "summary": {"covered_lines": 53, "num_statements": 61, "percent_covered": 86.88524590163935, "percent_covered_display": "87", "missing_lines": 8, "excluded_lines": 0}, "missing_lines": [67, 68, 152, 153, 178, 183, 193, 214], "excluded_lines": []}, "": {"executed_lines": [1, 6, 8, 9, 11, 12, 14, 16, 18, 21, 22, 28, 45, 55, 62, 109, 110, 114, 115, 119, 120, 124, 125, 129, 130, 138, 149, 164, 217], "summary": {"covered_lines": 27, "num_statements": 27, "percent_covered": 100.0, "percent_covered_display": "100", "missing_lines": 0, "excluded_lines": 0}, "missing_lines": [], "excluded_lines": []}}}, "custom_components/carmabox/adapters/nordpool.py": {"executed_lines": [1, 6, 8, 9, 11, 13, 15, 18, 19, 26, 34, 35, 36, 38, 40, 41, 42, 43, 45, 46, 48, 49, 50, 51, 53, 54, 55, 56, 57, 58, 59, 61, 62, 64, 65, 66, 67, 68, 69, 70, 72, 73, 78, 79, 80, 81, 82, 83, 84, 86, 87, 89, 90, 91, 92, 93, 94, 95, 96], "summary": {"covered_lines": 57, "num_statements": 57, "percent_covered": 100.0, "percent_covered_display": "100", "missing_lines": 0, "excluded_lines": 0}, "missing_lines": [], "excluded_lines": [], "functions": {"NordpoolAdapter.__init__": {"executed_lines": [34, 35, 36], "summary": {"covered_lines": 3, "num_statements": 3, "percent_covered": 100.0, "percent_covered_display": "100", "missing_lines": 0, "excluded_lines": 0}, "missing_lines": [], "excluded_lines": []}, "NordpoolAdapter._attrs": {"executed_lines": [40, 41, 42, 43], "summary": {"covered_lines": 4, "num_statements": 4, "percent_covered": 100.0, "percent_covered_display": "100", "missing_lines": 0, "excluded_lines": 0}, "missing_lines": [], "excluded_lines": []}, "NordpoolAdapter._to_hourly": {"executed_lines": [48, 49, 50, 51, 53, 54, 55, 56, 57, 58, 59], "summary": {"covered_lines": 11, "num_statements": 11, "percent_covered": 100.0, "percent_covered_display": "100", "missing_lines": 0, "excluded_lines": 0}, "missing_lines": [], "excluded_lines": []}, "NordpoolAdapter.current_price": {"executed_lines": [64, 65, 66, 67, 68, 69, 70], "summary": {"covered_lines": 7, "num_statements": 7, "percent_covered": 100.0, "percent_covered_display": "100", "missing_lines": 0, "excluded_lines": 0}, "missing_lines": [], "excluded_lines": []}, "NordpoolAdapter.today_prices": {"executed_lines": [78, 79, 80, 81, 82, 83, 84], "summary": {"covered_lines": 7, "num_statements": 7, "percent_covered": 100.0, "percent_covered_display": "100", "missing_lines": 0, "excluded_lines": 0}, "missing_lines": [], "excluded_lines": []}, "NordpoolAdapter.tomorrow_prices": {"executed_lines": [89, 90, 91, 92, 93, 94, 95, 96], "summary": {"covered_lines": 8, "num_statements": 8, "percent_covered": 100.0, "percent_covered_display": "100", "missing_lines": 0, "excluded_lines": 0}, "missing_lines": [], "excluded_lines": []}, "": {"executed_lines": [1, 6, 8, 9, 11, 13, 15, 18, 19, 26, 38, 45, 46, 61, 62, 72, 73, 86, 87], "summary": {"covered_lines": 17, "num_statements": 17, "percent_covered": 100.0, "percent_covered_display": "100", "missing_lines": 0, "excluded_lines": 0}, "missing_lines": [], "excluded_lines": []}}, "classes": {"NordpoolAdapter": {"executed_lines": [34, 35, 36, 40, 41, 42, 43, 48, 49, 50, 51, 53, 54, 55, 56, 57, 58, 59, 64, 65, 66, 67, 68, 69, 70, 78, 79, 80, 81, 82, 83, 84, 89, 90, 91, 92, 93, 94, 95, 96], "summary": {"covered_lines": 40, "num_statements": 40, "percent_covered": 100.0, "percent_covered_display": "100", "missing_lines": 0, "excluded_lines": 0}, "missing_lines": [], "excluded_lines": []}, "": {"executed_lines": [1, 6, 8, 9, 11, 13, 15, 18, 19, 26, 38, 45, 46, 61, 62, 72, 73, 86, 87], "summary": {"covered_lines": 17, "num_statements": 17, "percent_covered": 100.0, "percent_covered_display": "100", "missing_lines": 0, "excluded_lines": 0}, "missing_lines": [], "excluded_lines": []}}}, "custom_components/carmabox/adapters/solcast.py": {"executed_lines": [1, 6, 8, 9, 11, 13, 15, 18, 19, 20, 23, 24, 30, 32, 34, 36, 37, 38, 39, 40, 41, 42, 44, 45, 47, 49, 50, 52, 54, 55, 57, 62, 63, 64, 65, 67, 69, 71, 73, 74, 75, 77, 78, 79, 81, 82, 83, 84, 85, 86, 90, 91, 93, 95, 96, 98, 100, 101, 103], "summary": {"covered_lines": 57, "num_statements": 57, "percent_covered": 100.0, "percent_covered_display": "100", "missing_lines": 0, "excluded_lines": 0}, "missing_lines": [], "excluded_lines": [], "functions": {"SolcastAdapter.__init__": {"executed_lines": [32], "summary": {"covered_lines": 1, "num_statements": 1, "percent_covered": 100.0, "percent_covered_display": "100", "missing_lines": 0, "excluded_lines": 0}, "missing_lines": [], "excluded_lines": []}, "SolcastAdapter._float_state": {"executed_lines": [36, 37, 38, 39, 40, 41, 42], "summary": {"covered_lines": 7, "num_statements": 7, "percent_covered": 100.0, "percent_covered_display": "100", "missing_lines": 0, "excluded_lines": 0}, "missing_lines": [], "excluded_lines": []}, "SolcastAdapter.today_kwh": {"executed_lines": [47], "summary": {"covered_lines": 1, "num_statements": 1, "percent_covered": 100.0, "percent_covered_display": "100", "missing_lines": 0, "excluded_lines": 0}, "missing_lines": [], "excluded_lines": []}, "SolcastAdapter.tomorrow_kwh": {"executed_lines": [52], "summary": {"covered_lines": 1, "num_statements": 1, "percent_covered": 100.0, "percent_covered_display": "100", "missing_lines": 0, "excluded_lines": 0}, "missing_lines": [], "excluded_lines": []}, "SolcastAdapter.forecast_daily_3d": {"executed_lines": [57, 62, 63, 64, 65, 67], "summary": {"covered_lines": 6, "num_statements": 6, "percent_covered": 100.0, "percent_covered_display": "100", "missing_lines": 0, "excluded_lines": 0}, "missing_lines": [], "excluded_lines": []}, "SolcastAdapter._parse_hourly": {"executed_lines": [71, 73, 74, 75, 77, 78, 79, 81, 82, 83, 84, 85, 86, 90, 91, 93], "summary": {"covered_lines": 16, "num_statements": 16, "percent_covered": 100.0, "percent_covered_display": "100", "missing_lines": 0, "excluded_lines": 0}, "missing_lines": [], "excluded_lines": []}, "SolcastAdapter.today_hourly_kw": {"executed_lines": [98], "summary": {"covered_lines": 1, "num_statements": 1, "percent_covered": 100.0, "percent_covered_display": "100", "missing_lines": 0, "excluded_lines": 0}, "missing_lines": [], "excluded_lines": []}, "SolcastAdapter.tomorrow_hourly_kw": {"executed_lines": [103], "summary": {"covered_lines": 1, "num_statements": 1, "percent_covered": 100.0, "percent_covered_display": "100", "missing_lines": 0, "excluded_lines": 0}, "missing_lines": [], "excluded_lines": []}, "": {"executed_lines": [1, 6, 8, 9, 11, 13, 15, 18, 19, 20, 23, 24, 30, 34, 44, 45, 49, 50, 54, 55, 69, 95, 96, 100, 101], "summary": {"covered_lines": 23, "num_statements": 23, "percent_covered": 100.0, "percent_covered_display": "100", "missing_lines": 0, "excluded_lines": 0}, "missing_lines": [], "excluded_lines": []}}, "classes": {"SolcastAdapter": {"executed_lines": [32, 36, 37, 38, 39, 40, 41, 42, 47, 52, 57, 62, 63, 64, 65, 67, 71, 73, 74, 75, 77, 78, 79, 81, 82, 83, 84, 85, 86, 90, 91, 93, 98, 103], "summary": {"covered_lines": 34, "num_statements": 34, "percent_covered": 100.0, "percent_covered_display": "100", "missing_lines": 0, "excluded_lines": 0}, "missing_lines": [], "excluded_lines": []}, "": {"executed_lines": [1, 6, 8, 9, 11, 13, 15, 18, 19, 20, 23, 24, 30, 34, 44, 45, 49, 50, 54, 55, 69, 95, 96, 100, 101], "summary": {"covered_lines": 23, "num_statements": 23, "percent_covered": 100.0, "percent_covered_display": "100", "missing_lines": 0, "excluded_lines": 0}, "missing_lines": [], "excluded_lines": []}}}, "custom_components/carmabox/adapters/tempest.py": {"executed_lines": [1, 7, 9, 11, 13, 15, 18, 19, 20, 21, 24, 25, 31, 33, 35, 37, 38, 39, 40, 41, 42, 43, 45, 46, 51, 53, 54, 59, 61, 62, 67, 69, 70, 75], "summary": {"covered_lines": 32, "num_statements": 32, "percent_covered": 100.0, "percent_covered_display": "100", "missing_lines": 0, "excluded_lines": 0}, "missing_lines": [], "excluded_lines": [], "functions": {"TempestAdapter.__init__": {"executed_lines": [33], "summary": {"covered_lines": 1, "num_statements": 1, "percent_covered": 100.0, "percent_covered_display": "100", "missing_lines": 0, "excluded_lines": 0}, "missing_lines": [], "excluded_lines": []}, "TempestAdapter._float_state": {"executed_lines": [37, 38, 39, 40, 41, 42, 43], "summary": {"covered_lines": 7, "num_statements": 7, "percent_covered": 100.0, "percent_covered_display": "100", "missing_lines": 0, "excluded_lines": 0}, "missing_lines": [], "excluded_lines": []}, "TempestAdapter.temperature_c": {"executed_lines": [51], "summary": {"covered_lines": 1, "num_statements": 1, "percent_covered": 100.0, "percent_covered_display": "100", "missing_lines": 0, "excluded_lines": 0}, "missing_lines": [], "excluded_lines": []}, "TempestAdapter.illuminance_lux": {"executed_lines": [59], "summary": {"covered_lines": 1, "num_statements": 1, "percent_covered": 100.0, "percent_covered_display": "100", "missing_lines": 0, "excluded_lines": 0}, "missing_lines": [], "excluded_lines": []}, "TempestAdapter.wind_speed_ms": {"executed_lines": [67], "summary": {"covered_lines": 1, "num_statements": 1, "percent_covered": 100.0, "percent_covered_display": "100", "missing_lines": 0, "excluded_lines": 0}, "missing_lines": [], "excluded_lines": []}, "TempestAdapter.wind_gust_ms": {"executed_lines": [75], "summary": {"covered_lines": 1, "num_statements": 1, "percent_covered": 100.0, "percent_covered_display": "100", "missing_lines": 0, "excluded_lines": 0}, "missing_lines": [], "excluded_lines": []}, "": {"executed_lines": [1, 7, 9, 11, 13, 15, 18, 19, 20, 21, 24, 25, 31, 35, 45, 46, 53, 54, 61, 62, 69, 70], "summary": {"covered_lines": 20, "num_statements": 20, "percent_covered": 100.0, "percent_covered_display": "100", "missing_lines": 0, "excluded_lines": 0}, "missing_lines": [], "excluded_lines": []}}, "classes": {"TempestAdapter": {"executed_lines": [33, 37, 38, 39, 40, 41, 42, 43, 51, 59, 67, 75], "summary": {"covered_lines": 12, "num_statements": 12, "percent_covered": 100.0, "percent_covered_display": "100", "missing_lines": 0, "excluded_lines": 0}, "missing_lines": [], "excluded_lines": []}, "": {"executed_lines": [1, 7, 9, 11, 13, 15, 18, 19, 20, 21, 24, 25, 31, 35, 45, 46, 53, 54, 61, 62, 69, 70], "summary": {"covered_lines": 20, "num_statements": 20, "percent_covered": 100.0, "percent_covered_display": "100", "missing_lines": 0, "excluded_lines": 0}, "missing_lines": [], "excluded_lines": []}}}, "custom_components/carmabox/appliances.py": {"executed_lines": [], "summary": {"covered_lines": 0, "num_statements": 80, "percent_covered": 0.0, "percent_covered_display": "0", "missing_lines": 80, "excluded_lines": 0}, "missing_lines": [7, 9, 10, 11, 13, 15, 22, 25, 26, 29, 30, 31, 32, 33, 34, 35, 36, 38, 39, 41, 43, 45, 52, 53, 55, 63, 69, 71, 72, 73, 74, 75, 78, 79, 80, 83, 84, 87, 90, 91, 92, 93, 94, 96, 104, 105, 108, 114, 115, 116, 117, 118, 119, 121, 122, 123, 124, 125, 126, 128, 129, 132, 133, 136, 137, 139, 140, 141, 144, 146, 148, 149, 150, 151, 158, 159, 160, 161, 162, 164], "excluded_lines": [], "functions": {"Appliance.category_name": {"executed_lines": [], "summary": {"covered_lines": 0, "num_statements": 1, "percent_covered": 0.0, "percent_covered_display": "0", "missing_lines": 1, "excluded_lines": 0}, "missing_lines": [41], "excluded_lines": []}, "Appliance.to_dict": {"executed_lines": [], "summary": {"covered_lines": 0, "num_statements": 1, "percent_covered": 0.0, "percent_covered_display": "0", "missing_lines": 1, "excluded_lines": 0}, "missing_lines": [45], "excluded_lines": []}, "Appliance.from_dict": {"executed_lines": [], "summary": {"covered_lines": 0, "num_statements": 1, "percent_covered": 0.0, "percent_covered_display": "0", "missing_lines": 1, "excluded_lines": 0}, "missing_lines": [55], "excluded_lines": []}, "detect_appliances": {"executed_lines": [], "summary": {"covered_lines": 0, "num_statements": 20, "percent_covered": 0.0, "percent_covered_display": "0", "missing_lines": 20, "excluded_lines": 0}, "missing_lines": [69, 71, 72, 73, 74, 75, 78, 79, 80, 83, 84, 87, 90, 91, 92, 93, 94, 96, 104, 105], "excluded_lines": []}, "update_appliance_states": {"executed_lines": [], "summary": {"covered_lines": 0, "num_statements": 21, "percent_covered": 0.0, "percent_covered_display": "0", "missing_lines": 21, "excluded_lines": 0}, "missing_lines": [114, 115, 116, 117, 118, 119, 121, 122, 123, 124, 125, 126, 128, 129, 132, 133, 136, 137, 139, 140, 141], "excluded_lines": []}, "appliance_summary": {"executed_lines": [], "summary": {"covered_lines": 0, "num_statements": 11, "percent_covered": 0.0, "percent_covered_display": "0", "missing_lines": 11, "excluded_lines": 0}, "missing_lines": [146, 148, 149, 150, 151, 158, 159, 160, 161, 162, 164], "excluded_lines": []}, "": {"executed_lines": [], "summary": {"covered_lines": 0, "num_statements": 25, "percent_covered": 0.0, "percent_covered_display": "0", "missing_lines": 25, "excluded_lines": 0}, "missing_lines": [7, 9, 10, 11, 13, 15, 22, 25, 26, 29, 30, 31, 32, 33, 34, 35, 36, 38, 39, 43, 52, 53, 63, 108, 144], "excluded_lines": []}}, "classes": {"Appliance": {"executed_lines": [], "summary": {"covered_lines": 0, "num_statements": 3, "percent_covered": 0.0, "percent_covered_display": "0", "missing_lines": 3, "excluded_lines": 0}, "missing_lines": [41, 45, 55], "excluded_lines": []}, "": {"executed_lines": [], "summary": {"covered_lines": 0, "num_statements": 77, "percent_covered": 0.0, "percent_covered_display": "0", "missing_lines": 77, "excluded_lines": 0}, "missing_lines": [7, 9, 10, 11, 13, 15, 22, 25, 26, 29, 30, 31, 32, 33, 34, 35, 36, 38, 39, 43, 52, 53, 63, 69, 71, 72, 73, 74, 75, 78, 79, 80, 83, 84, 87, 90, 91, 92, 93, 94, 96, 104, 105, 108, 114, 115, 116, 117, 118, 119, 121, 122, 123, 124, 125, 126, 128, 129, 132, 133, 136, 137, 139, 140, 141, 144, 146, 148, 149, 150, 151, 158, 159, 160, 161, 162, 164], "excluded_lines": []}}}, "custom_components/carmabox/config_flow.py": {"executed_lines": [], "summary": {"covered_lines": 0, "num_statements": 390, "percent_covered": 0.0, "percent_covered_display": "0", "missing_lines": 390, "excluded_lines": 0}, "missing_lines": [8, 10, 11, 13, 14, 20, 22, 47, 50, 57, 64, 71, 77, 96, 119, 122, 125, 127, 129, 130, 131, 133, 136, 137, 140, 142, 143, 150, 152, 156, 158, 162, 163, 165, 166, 167, 168, 169, 170, 171, 172, 173, 175, 182, 184, 185, 186, 188, 190, 207, 209, 210, 211, 214, 215, 216, 217, 218, 219, 220, 221, 222, 224, 226, 244, 248, 249, 250, 252, 265, 269, 270, 271, 274, 275, 276, 277, 278, 279, 282, 284, 321, 325, 327, 328, 329, 330, 331, 332, 340, 341, 344, 346, 348, 349, 352, 353, 354, 356, 358, 362, 375, 383, 384, 385, 386, 387, 389, 390, 393, 394, 397, 402, 403, 404, 405, 406, 407, 409, 411, 413, 417, 418, 421, 422, 423, 424, 425, 426, 427, 429, 430, 431, 433, 434, 435, 437, 438, 441, 442, 443, 444, 446, 447, 448, 449, 450, 453, 454, 455, 456, 457, 458, 460, 461, 463, 471, 473, 474, 475, 476, 477, 478, 479, 480, 481, 482, 484, 486, 487, 488, 489, 490, 491, 492, 494, 496, 497, 498, 499, 500, 501, 504, 505, 506, 507, 509, 515, 575, 580, 581, 582, 583, 585, 587, 592, 595, 597, 606, 611, 616, 617, 619, 621, 622, 623, 624, 629, 632, 639, 640, 641, 642, 643, 644, 645, 646, 649, 650, 651, 652, 654, 655, 656, 657, 658, 659, 661, 662, 663, 666, 667, 668, 671, 676, 681, 682, 683, 684, 685, 686, 687, 688, 690, 691, 692, 694, 695, 696, 699, 700, 701, 704, 706, 707, 708, 710, 711, 712, 713, 715, 717, 723, 724, 725, 726, 727, 728, 730, 732, 733, 734, 735, 736, 737, 738, 739, 741, 743, 744, 745, 746, 747, 748, 749, 750, 751, 752, 753, 754, 756, 757, 758, 759, 761, 762, 764, 765, 766, 767, 769, 780, 781, 783, 784, 785, 786, 787, 788, 789, 792, 793, 794, 799, 800, 801, 802, 805, 806, 807, 808, 810, 812, 818, 819, 820, 822, 823, 825, 826, 827, 828, 829, 830, 832, 837, 838, 839, 841, 842, 843, 844, 848, 849, 850, 851, 853, 855, 861, 862, 864, 865, 870, 871, 872, 874, 876, 884, 886, 887, 889, 890, 891, 903, 904, 906, 907, 917, 919, 920, 921, 922, 923, 924, 932, 933, 940, 948, 950, 951, 952, 954, 957, 963, 965, 967, 969, 971, 973, 975], "excluded_lines": [], "functions": {"CarmaboxConfigFlow.__init__": {"executed_lines": [], "summary": {"covered_lines": 0, "num_statements": 3, "percent_covered": 0.0, "percent_covered_display": "0", "missing_lines": 3, "excluded_lines": 0}, "missing_lines": [129, 130, 131], "excluded_lines": []}, "CarmaboxConfigFlow.async_step_user": {"executed_lines": [], "summary": {"covered_lines": 0, "num_statements": 6, "percent_covered": 0.0, "percent_covered_display": "0", "missing_lines": 6, "excluded_lines": 0}, "missing_lines": [136, 137, 140, 142, 143, 150], "excluded_lines": []}, "CarmaboxConfigFlow.async_step_no_inverter": {"executed_lines": [], "summary": {"covered_lines": 0, "num_statements": 1, "percent_covered": 0.0, "percent_covered_display": "0", "missing_lines": 1, "excluded_lines": 0}, "missing_lines": [156], "excluded_lines": []}, "CarmaboxConfigFlow.async_step_confirm": {"executed_lines": [], "summary": {"covered_lines": 0, "num_statements": 12, "percent_covered": 0.0, "percent_covered_display": "0", "missing_lines": 12, "excluded_lines": 0}, "missing_lines": [162, 163, 165, 166, 167, 168, 169, 170, 171, 172, 173, 175], "excluded_lines": []}, "CarmaboxConfigFlow.async_step_ev": {"executed_lines": [], "summary": {"covered_lines": 0, "num_statements": 5, "percent_covered": 0.0, "percent_covered_display": "0", "missing_lines": 5, "excluded_lines": 0}, "missing_lines": [184, 185, 186, 188, 190], "excluded_lines": []}, "CarmaboxConfigFlow.async_step_grid": {"executed_lines": [], "summary": {"covered_lines": 0, "num_statements": 14, "percent_covered": 0.0, "percent_covered_display": "0", "missing_lines": 14, "excluded_lines": 0}, "missing_lines": [209, 210, 211, 214, 215, 216, 217, 218, 219, 220, 221, 222, 224, 226], "excluded_lines": []}, "CarmaboxConfigFlow.async_step_household": {"executed_lines": [], "summary": {"covered_lines": 0, "num_statements": 4, "percent_covered": 0.0, "percent_covered_display": "0", "missing_lines": 4, "excluded_lines": 0}, "missing_lines": [248, 249, 250, 252], "excluded_lines": []}, "CarmaboxConfigFlow.async_step_household_profile": {"executed_lines": [], "summary": {"covered_lines": 0, "num_statements": 11, "percent_covered": 0.0, "percent_covered_display": "0", "missing_lines": 11, "excluded_lines": 0}, "missing_lines": [269, 270, 271, 274, 275, 276, 277, 278, 279, 282, 284], "excluded_lines": []}, "CarmaboxConfigFlow.async_step_appliances": {"executed_lines": [], "summary": {"covered_lines": 0, "num_statements": 19, "percent_covered": 0.0, "percent_covered_display": "0", "missing_lines": 19, "excluded_lines": 0}, "missing_lines": [325, 327, 328, 329, 330, 331, 332, 340, 341, 344, 346, 348, 349, 352, 353, 354, 356, 358, 362], "excluded_lines": []}, "CarmaboxConfigFlow._detect_appliances": {"executed_lines": [], "summary": {"covered_lines": 0, "num_statements": 18, "percent_covered": 0.0, "percent_covered_display": "0", "missing_lines": 18, "excluded_lines": 0}, "missing_lines": [383, 384, 385, 386, 387, 389, 390, 393, 394, 397, 402, 403, 404, 405, 406, 407, 409, 411], "excluded_lines": []}, "CarmaboxConfigFlow.async_step_summary": {"executed_lines": [], "summary": {"covered_lines": 0, "num_statements": 35, "percent_covered": 0.0, "percent_covered_display": "0", "missing_lines": 35, "excluded_lines": 0}, "missing_lines": [417, 418, 421, 422, 423, 424, 425, 426, 427, 429, 430, 431, 433, 434, 435, 437, 438, 441, 442, 443, 444, 446, 447, 448, 449, 450, 453, 454, 455, 456, 457, 458, 460, 461, 463], "excluded_lines": []}, "CarmaboxConfigFlow._read_soc": {"executed_lines": [], "summary": {"covered_lines": 0, "num_statements": 10, "percent_covered": 0.0, "percent_covered_display": "0", "missing_lines": 10, "excluded_lines": 0}, "missing_lines": [473, 474, 475, 476, 477, 478, 479, 480, 481, 482], "excluded_lines": []}, "CarmaboxConfigFlow._read_ev_status": {"executed_lines": [], "summary": {"covered_lines": 0, "num_statements": 7, "percent_covered": 0.0, "percent_covered_display": "0", "missing_lines": 7, "excluded_lines": 0}, "missing_lines": [486, 487, 488, 489, 490, 491, 492], "excluded_lines": []}, "CarmaboxConfigFlow._read_current_price": {"executed_lines": [], "summary": {"covered_lines": 0, "num_statements": 10, "percent_covered": 0.0, "percent_covered_display": "0", "missing_lines": 10, "excluded_lines": 0}, "missing_lines": [496, 497, 498, 499, 500, 501, 504, 505, 506, 507], "excluded_lines": []}, "CarmaboxConfigFlow._create_entry": {"executed_lines": [], "summary": {"covered_lines": 0, "num_statements": 7, "percent_covered": 0.0, "percent_covered_display": "0", "missing_lines": 7, "excluded_lines": 0}, "missing_lines": [515, 575, 580, 581, 582, 583, 585], "excluded_lines": []}, "CarmaboxConfigFlow._build_entity_mappings": {"executed_lines": [], "summary": {"covered_lines": 0, "num_statements": 66, "percent_covered": 0.0, "percent_covered_display": "0", "missing_lines": 66, "excluded_lines": 0}, "missing_lines": [592, 595, 597, 606, 611, 616, 617, 619, 621, 622, 623, 624, 629, 632, 639, 640, 641, 642, 643, 644, 645, 646, 649, 650, 651, 652, 654, 655, 656, 657, 658, 659, 661, 662, 663, 666, 667, 668, 671, 676, 681, 682, 683, 684, 685, 686, 687, 688, 690, 691, 692, 694, 695, 696, 699, 700, 701, 704, 706, 707, 708, 710, 711, 712, 713, 715], "excluded_lines": []}, "CarmaboxConfigFlow._find_entities": {"executed_lines": [], "summary": {"covered_lines": 0, "num_statements": 6, "percent_covered": 0.0, "percent_covered_display": "0", "missing_lines": 6, "excluded_lines": 0}, "missing_lines": [723, 724, 725, 726, 727, 728], "excluded_lines": []}, "CarmaboxConfigFlow._find_first_entity": {"executed_lines": [], "summary": {"covered_lines": 0, "num_statements": 8, "percent_covered": 0.0, "percent_covered_display": "0", "missing_lines": 8, "excluded_lines": 0}, "missing_lines": [732, 733, 734, 735, 736, 737, 738, 739], "excluded_lines": []}, "CarmaboxConfigFlow._find_ev_soc_entity": {"executed_lines": [], "summary": {"covered_lines": 0, "num_statements": 16, "percent_covered": 0.0, "percent_covered_display": "0", "missing_lines": 16, "excluded_lines": 0}, "missing_lines": [743, 744, 745, 746, 747, 748, 749, 750, 751, 752, 753, 754, 756, 757, 758, 759], "excluded_lines": []}, "CarmaboxConfigFlow._find_by_suffix": {"executed_lines": [], "summary": {"covered_lines": 0, "num_statements": 4, "percent_covered": 0.0, "percent_covered_display": "0", "missing_lines": 4, "excluded_lines": 0}, "missing_lines": [764, 765, 766, 767], "excluded_lines": []}, "CarmaboxConfigFlow._resolve_inverter_device_id": {"executed_lines": [], "summary": {"covered_lines": 0, "num_statements": 21, "percent_covered": 0.0, "percent_covered_display": "0", "missing_lines": 21, "excluded_lines": 0}, "missing_lines": [780, 781, 783, 784, 785, 786, 787, 788, 789, 792, 793, 794, 799, 800, 801, 802, 805, 806, 807, 808, 810], "excluded_lines": []}, "CarmaboxConfigFlow._detect_ev_prefix": {"executed_lines": [], "summary": {"covered_lines": 0, "num_statements": 11, "percent_covered": 0.0, "percent_covered_display": "0", "missing_lines": 11, "excluded_lines": 0}, "missing_lines": [818, 819, 820, 822, 823, 825, 826, 827, 828, 829, 830], "excluded_lines": []}, "CarmaboxConfigFlow._detect_easee_charger_id": {"executed_lines": [], "summary": {"covered_lines": 0, "num_statements": 12, "percent_covered": 0.0, "percent_covered_display": "0", "missing_lines": 12, "excluded_lines": 0}, "missing_lines": [837, 838, 839, 841, 842, 843, 844, 848, 849, 850, 851, 853], "excluded_lines": []}, "CarmaboxConfigFlow._resolve_device_ids": {"executed_lines": [], "summary": {"covered_lines": 0, "num_statements": 7, "percent_covered": 0.0, "percent_covered_display": "0", "missing_lines": 7, "excluded_lines": 0}, "missing_lines": [861, 862, 864, 865, 870, 871, 872], "excluded_lines": []}, "CarmaboxConfigFlow._auto_detect": {"executed_lines": [], "summary": {"covered_lines": 0, "num_statements": 22, "percent_covered": 0.0, "percent_covered_display": "0", "missing_lines": 22, "excluded_lines": 0}, "missing_lines": [876, 884, 886, 887, 889, 890, 891, 903, 904, 906, 907, 917, 919, 920, 921, 922, 923, 924, 932, 933, 940, 948], "excluded_lines": []}, "CarmaboxConfigFlow.async_get_options_flow": {"executed_lines": [], "summary": {"covered_lines": 0, "num_statements": 1, "percent_covered": 0.0, "percent_covered_display": "0", "missing_lines": 1, "excluded_lines": 0}, "missing_lines": [954], "excluded_lines": []}, "CarmaboxOptionsFlow.__init__": {"executed_lines": [], "summary": {"covered_lines": 0, "num_statements": 1, "percent_covered": 0.0, "percent_covered_display": "0", "missing_lines": 1, "excluded_lines": 0}, "missing_lines": [965], "excluded_lines": []}, "CarmaboxOptionsFlow.async_step_init": {"executed_lines": [], "summary": {"covered_lines": 0, "num_statements": 4, "percent_covered": 0.0, "percent_covered_display": "0", "missing_lines": 4, "excluded_lines": 0}, "missing_lines": [969, 971, 973, 975], "excluded_lines": []}, "": {"executed_lines": [], "summary": {"covered_lines": 0, "num_statements": 49, "percent_covered": 0.0, "percent_covered_display": "0", "missing_lines": 49, "excluded_lines": 0}, "missing_lines": [8, 10, 11, 13, 14, 20, 22, 47, 50, 57, 64, 71, 77, 96, 119, 122, 125, 127, 133, 152, 158, 182, 207, 244, 265, 321, 375, 413, 471, 484, 494, 509, 587, 717, 730, 741, 761, 762, 769, 812, 832, 855, 874, 950, 951, 952, 957, 963, 967], "excluded_lines": []}}, "classes": {"CarmaboxConfigFlow": {"executed_lines": [], "summary": {"covered_lines": 0, "num_statements": 336, "percent_covered": 0.0, "percent_covered_display": "0", "missing_lines": 336, "excluded_lines": 0}, "missing_lines": [129, 130, 131, 136, 137, 140, 142, 143, 150, 156, 162, 163, 165, 166, 167, 168, 169, 170, 171, 172, 173, 175, 184, 185, 186, 188, 190, 209, 210, 211, 214, 215, 216, 217, 218, 219, 220, 221, 222, 224, 226, 248, 249, 250, 252, 269, 270, 271, 274, 275, 276, 277, 278, 279, 282, 284, 325, 327, 328, 329, 330, 331, 332, 340, 341, 344, 346, 348, 349, 352, 353, 354, 356, 358, 362, 383, 384, 385, 386, 387, 389, 390, 393, 394, 397, 402, 403, 404, 405, 406, 407, 409, 411, 417, 418, 421, 422, 423, 424, 425, 426, 427, 429, 430, 431, 433, 434, 435, 437, 438, 441, 442, 443, 444, 446, 447, 448, 449, 450, 453, 454, 455, 456, 457, 458, 460, 461, 463, 473, 474, 475, 476, 477, 478, 479, 480, 481, 482, 486, 487, 488, 489, 490, 491, 492, 496, 497, 498, 499, 500, 501, 504, 505, 506, 507, 515, 575, 580, 581, 582, 583, 585, 592, 595, 597, 606, 611, 616, 617, 619, 621, 622, 623, 624, 629, 632, 639, 640, 641, 642, 643, 644, 645, 646, 649, 650, 651, 652, 654, 655, 656, 657, 658, 659, 661, 662, 663, 666, 667, 668, 671, 676, 681, 682, 683, 684, 685, 686, 687, 688, 690, 691, 692, 694, 695, 696, 699, 700, 701, 704, 706, 707, 708, 710, 711, 712, 713, 715, 723, 724, 725, 726, 727, 728, 732, 733, 734, 735, 736, 737, 738, 739, 743, 744, 745, 746, 747, 748, 749, 750, 751, 752, 753, 754, 756, 757, 758, 759, 764, 765, 766, 767, 780, 781, 783, 784, 785, 786, 787, 788, 789, 792, 793, 794, 799, 800, 801, 802, 805, 806, 807, 808, 810, 818, 819, 820, 822, 823, 825, 826, 827, 828, 829, 830, 837, 838, 839, 841, 842, 843, 844, 848, 849, 850, 851, 853, 861, 862, 864, 865, 870, 871, 872, 876, 884, 886, 887, 889, 890, 891, 903, 904, 906, 907, 917, 919, 920, 921, 922, 923, 924, 932, 933, 940, 948, 954], "excluded_lines": []}, "CarmaboxOptionsFlow": {"executed_lines": [], "summary": {"covered_lines": 0, "num_statements": 5, "percent_covered": 0.0, "percent_covered_display": "0", "missing_lines": 5, "excluded_lines": 0}, "missing_lines": [965, 969, 971, 973, 975], "excluded_lines": []}, "": {"executed_lines": [], "summary": {"covered_lines": 0, "num_statements": 49, "percent_covered": 0.0, "percent_covered_display": "0", "missing_lines": 49, "excluded_lines": 0}, "missing_lines": [8, 10, 11, 13, 14, 20, 22, 47, 50, 57, 64, 71, 77, 96, 119, 122, 125, 127, 133, 152, 158, 182, 207, 244, 265, 321, 375, 413, 471, 484, 494, 509, 587, 717, 730, 741, 761, 762, 769, 812, 832, 855, 874, 950, 951, 952, 957, 963, 967], "excluded_lines": []}}}, "custom_components/carmabox/const.py": {"executed_lines": [1, 3, 4, 7, 8, 9, 10, 11, 12, 13, 16, 17, 18, 19, 20, 21, 24, 25, 26, 29, 30, 31, 32, 33, 34, 35, 36, 37, 38, 40, 43, 44, 45, 47, 48, 49, 52, 55, 56, 59, 62, 63, 64, 65, 68, 69, 70, 71, 72, 75, 76, 79, 80, 83, 84, 85, 86, 87, 92, 93, 96, 97, 98, 99, 102, 105, 106, 109, 110, 113, 114, 115, 116, 117, 118, 119, 122, 123, 124, 125, 126, 127, 130, 131, 132, 133, 134, 135, 138, 139, 140, 141, 142, 146, 147, 148, 149, 150, 153, 154, 157, 168, 191, 214, 217, 225, 235, 241, 252, 262, 263, 264, 265, 266, 267, 268, 269, 270, 271, 272, 273, 274, 275, 276, 279, 280, 281, 282, 283, 286, 287, 288, 289, 290], "summary": {"covered_lines": 133, "num_statements": 133, "percent_covered": 100.0, "percent_covered_display": "100", "missing_lines": 0, "excluded_lines": 0}, "missing_lines": [], "excluded_lines": [], "functions": {"": {"executed_lines": [1, 3, 4, 7, 8, 9, 10, 11, 12, 13, 16, 17, 18, 19, 20, 21, 24, 25, 26, 29, 30, 31, 32, 33, 34, 35, 36, 37, 38, 40, 43, 44, 45, 47, 48, 49, 52, 55, 56, 59, 62, 63, 64, 65, 68, 69, 70, 71, 72, 75, 76, 79, 80, 83, 84, 85, 86, 87, 92, 93, 96, 97, 98, 99, 102, 105, 106, 109, 110, 113, 114, 115, 116, 117, 118, 119, 122, 123, 124, 125, 126, 127, 130, 131, 132, 133, 134, 135, 138, 139, 140, 141, 142, 146, 147, 148, 149, 150, 153, 154, 157, 168, 191, 214, 217, 225, 235, 241, 252, 262, 263, 264, 265, 266, 267, 268, 269, 270, 271, 272, 273, 274, 275, 276, 279, 280, 281, 282, 283, 286, 287, 288, 289, 290], "summary": {"covered_lines": 133, "num_statements": 133, "percent_covered": 100.0, "percent_covered_display": "100", "missing_lines": 0, "excluded_lines": 0}, "missing_lines": [], "excluded_lines": []}}, "classes": {"": {"executed_lines": [1, 3, 4, 7, 8, 9, 10, 11, 12, 13, 16, 17, 18, 19, 20, 21, 24, 25, 26, 29, 30, 31, 32, 33, 34, 35, 36, 37, 38, 40, 43, 44, 45, 47, 48, 49, 52, 55, 56, 59, 62, 63, 64, 65, 68, 69, 70, 71, 72, 75, 76, 79, 80, 83, 84, 85, 86, 87, 92, 93, 96, 97, 98, 99, 102, 105, 106, 109, 110, 113, 114, 115, 116, 117, 118, 119, 122, 123, 124, 125, 126, 127, 130, 131, 132, 133, 134, 135, 138, 139, 140, 141, 142, 146, 147, 148, 149, 150, 153, 154, 157, 168, 191, 214, 217, 225, 235, 241, 252, 262, 263, 264, 265, 266, 267, 268, 269, 270, 271, 272, 273, 274, 275, 276, 279, 280, 281, 282, 283, 286, 287, 288, 289, 290], "summary": {"covered_lines": 133, "num_statements": 133, "percent_covered": 100.0, "percent_covered_display": "100", "missing_lines": 0, "excluded_lines": 0}, "missing_lines": [], "excluded_lines": []}}}, "custom_components/carmabox/coordinator.py": {"executed_lines": [1, 12, 14, 15, 16, 17, 18, 19, 20, 22, 25, 27, 28, 29, 30, 31, 36, 37, 38, 39, 40, 41, 42, 82, 83, 84, 85, 86, 87, 96, 97, 98, 99, 104, 105, 106, 118, 125, 127, 128, 129, 130, 131, 133, 134, 136, 137, 140, 141, 143, 144, 147, 148, 151, 152, 154, 155, 156, 157, 158, 159, 162, 163, 166, 167, 169, 487, 489, 491, 500, 502, 503, 504, 547, 548, 555, 578, 580, 581, 588, 595, 597, 598, 599, 604, 606, 608, 620, 625, 627, 629, 631, 633, 634, 635, 636, 637, 638, 639, 641, 642, 643, 644, 645, 646, 648, 654, 655, 656, 657, 658, 667, 669, 670, 671, 672, 673, 674, 676, 729, 731, 733, 734, 736, 737, 738, 739, 740, 741, 745, 765, 767, 769, 770, 772, 773, 774, 778, 792, 872, 874, 875, 905, 906, 911, 912, 913, 915, 929, 942, 944, 946, 947, 949, 950, 951, 955, 957, 959, 960, 961, 963, 965, 966, 967, 976, 1368, 1425, 1427, 1428, 1430, 1431, 1444, 1445, 1446, 1447, 1448, 1449, 1450, 1451, 1452, 1453, 1462, 1557, 1559, 1561, 1562, 1565, 1568, 1569, 1570, 1598, 1599, 1629, 1630, 1631, 1644, 1645, 1646, 1649, 1651, 1666, 1667, 1692, 1694, 1695, 1699, 1700, 1701, 1719, 1720, 1721, 1722, 1724, 1743, 1746, 1749, 1753, 1756, 1760, 1761, 1762, 1764, 1765, 1766, 1771, 1792, 1796, 1797, 1799, 1806, 1808, 1809, 1812, 1813, 1814, 1820, 1823, 1829, 1831, 1834, 1835, 1837, 1848, 1862, 1866, 1867, 1868, 1869, 1870, 1873, 1876, 1878, 1879, 1882, 1884, 1885, 1886, 1887, 1888, 1889, 1890, 1891, 1892, 1893, 1894, 1895, 1897, 1898, 1899, 1907, 1908, 1909, 1914, 1921, 1922, 1929, 1930, 1931, 1932, 1935, 1941, 1946, 1947, 1948, 1949, 1952, 1953, 1954, 1957, 1958, 1959, 1964, 1967, 1970, 1971, 1974, 1975, 1976, 1977, 1979, 2023, 2025, 2026, 2027, 2030, 2031, 2032, 2033, 2034, 2035, 2044, 2045, 2046, 2047, 2049, 2050, 2053, 2054, 2055, 2056, 2059, 2060, 2061, 2068, 2070, 2073, 2074, 2075, 2076, 2077, 2080, 2081, 2082, 2085, 2095, 2097, 2102, 2103, 2105, 2106, 2107, 2116, 2122, 2123, 2124, 2126, 2137, 2138, 2154, 2157, 2160, 2162, 2165, 2166, 2170, 2171, 2172, 2173, 2174, 2186, 2187, 2229, 2230, 2260, 2263, 2264, 2277, 2278, 2289, 2290, 2300, 2303, 2304, 2305, 2306, 2309, 2310, 2311, 2315, 2330, 2332, 2340, 2342, 2345, 2346, 2347, 2357, 2360, 2363, 2366, 2367, 2368, 2372, 2373, 2374, 2381, 2384, 2385, 2388, 2389, 2390, 2391, 2396, 2398, 2401, 2402, 2404, 2407, 2408, 2411, 2414, 2415, 2416, 2418, 2436, 2451, 2453, 2468, 2472, 2473, 2474, 2475, 2476, 2478, 2499, 2509, 2511, 2513, 2515, 2516, 2518, 2525, 2526, 2528, 2529, 2532, 2533, 2534, 2536, 2548, 2549, 2559, 2562, 2565, 2568, 2572, 2580, 2582, 2583, 2585, 2586, 2589, 2590, 2591, 2593, 2604, 2605, 2609, 2617, 2629, 2630, 2632, 2633, 2634, 2635, 2636, 2638, 2639, 2640, 2641, 2642, 2645, 2651, 2652, 2653, 2654, 2658, 2659, 2662, 2665, 2666, 2667, 2670, 2671, 2672, 2673, 2674, 2677, 2678, 2679, 2680, 2683, 2687, 2688, 2697, 2698, 2699, 2701, 2703, 2704, 2708, 2709, 2718, 2719, 2720, 2721, 2722, 2729, 2730, 2731, 2740, 2741, 2742, 2745, 2747, 2748, 2749, 2761, 2762, 2765, 2766, 2767, 2770, 2771, 2772, 2773, 2774, 2775, 2776, 2777, 2778, 2779, 2785, 2786, 2788, 2789, 2790, 2791, 2792, 2793, 2794, 2795, 2796, 2798, 2800, 2801, 2802, 2803, 2806, 2807, 2813, 2814, 2816, 2817, 2818, 2819, 2820, 2821, 2822, 2823, 2824, 2826, 2827, 2828, 2835, 2836, 2837, 2838, 2844, 2845, 2846, 2847, 2850, 2851, 2852, 2853, 2854, 2855, 2858, 2883, 2884, 2885, 2896, 2897, 2898, 2899, 2900, 2901, 2909, 2910, 2911, 2912, 2913, 2914, 2915, 2922, 2925, 2930, 2931, 2934, 2935, 2936, 2937, 2938, 2939, 2940, 2945, 2948, 2984, 2989, 2990, 2991, 2992, 2993, 2995, 2996, 3000, 3009, 3011, 3012, 3013, 3018, 3020, 3029, 3030, 3035, 3039, 3040, 3041, 3042, 3048, 3049, 3050, 3051, 3062, 3066, 3067, 3068, 3070, 3071, 3074, 3075, 3080, 3090, 3091, 3093, 3096, 3101, 3102, 3103, 3104, 3124, 3125, 3129, 3130, 3131, 3140, 3145, 3196, 3197, 3198, 3202, 3205, 3221, 3225, 3232, 3257, 3258, 3259, 3260, 3261, 3262, 3270, 3271, 3272, 3273, 3276, 3277, 3281, 3285, 3286, 3288, 3289, 3290, 3301, 3302, 3303, 3304, 3306, 3312, 3315, 3316, 3318, 3322, 3323, 3377, 3396, 3401, 3404, 3405, 3406, 3407, 3450, 3458, 3464, 3467, 3468, 3470, 3476, 3477, 3510, 3520, 3522, 3525, 3526, 3527, 3528, 3529, 3588, 3604, 3607, 3608, 3609, 3610, 3611, 3612, 3613, 3614, 3615, 3618, 3619, 3622, 3623, 3624, 3625, 3650, 3651, 3695, 3709, 3723, 3799, 3805, 3807, 3808, 4105, 4118, 4119, 4120, 4121, 4123, 4124, 4125, 4127, 4129, 4130, 4133, 4134, 4137, 4145, 4146, 4147, 4148, 4150, 4151, 4152, 4153, 4156, 4168, 4179, 4180, 4181, 4186, 4187, 4225, 4227, 4229, 4230, 4231, 4232, 4237, 4239, 4243, 4274, 4296, 4320, 4322, 4323, 4328, 4340, 4341, 4342, 4343, 4360, 4363, 4365, 4368, 4370, 4372, 4374, 4375, 4385, 4387, 4388, 4389, 4390, 4391, 4392, 4393, 4394, 4396, 4397, 4402, 4405, 4406, 4407, 4408, 4409, 4410, 4411, 4418, 4433, 4434, 4435, 4438, 4441, 4443, 4444, 4446, 4448, 4450, 4451, 4453, 4454, 4455, 4456, 4457, 4461, 4462, 4463, 4464, 4467, 4468, 4469, 4471, 4477, 4478, 4479, 4487, 4488, 4489, 4490, 4491, 4492, 4494, 4495, 4497, 4500, 4502, 4508, 4511, 4516, 4519, 4520, 4528, 4535, 4536, 4709, 4753, 4754, 4887, 4889, 4891, 4892, 4895, 4898, 4899, 4911, 4913, 4914, 4915, 4916, 4917, 4918, 4919, 4920, 4921, 4924, 4930, 4955, 4957, 4958, 4959, 4966, 4968, 4969, 4971, 4972, 4973, 4974, 4975, 4978, 4979, 4980, 4981, 4982, 4983, 4985, 4986, 4988, 4990, 4994, 4999, 5001, 5003, 5005, 5007, 5008, 5009, 5010, 5011, 5012, 5014, 5016, 5017, 5027, 5029, 5033, 5036, 5037, 5038, 5039, 5041, 5042, 5044, 5045, 5046, 5047, 5048, 5049, 5051, 5052, 5060, 5070, 5071, 5075, 5076, 5080, 5081, 5087, 5173, 5181, 5188, 5189, 5190, 5191, 5196, 5197, 5200, 5201, 5202, 5203, 5204, 5224, 5226, 5227, 5228, 5229, 5232, 5233, 5236, 5240, 5241, 5244, 5245, 5246, 5249, 5250, 5254, 5258, 5262, 5263, 5266, 5271, 5274, 5276, 5279, 5288, 5290, 5291, 5307, 5320, 5323, 5324, 5327, 5329, 5330, 5331, 5333, 5334, 5337, 5338, 5339, 5340, 5342, 5347, 5348, 5349, 5350, 5351, 5356, 5357, 5358, 5361, 5362, 5363, 5369, 5371, 5372, 5377, 5378, 5380, 5382, 5399, 5400, 5408, 5409, 5410, 5413, 5421, 5424, 5429, 5430, 5434, 5435, 5436, 5437, 5438, 5447, 5450, 5453, 5456, 5457, 5460, 5461, 5462, 5463, 5464, 5465, 5467, 5498, 5504, 5505, 5506, 5515, 5516, 5517, 5520, 5521, 5522, 5523, 5524, 5538, 5539, 5543, 5544, 5545, 5546, 5553, 5559, 5560, 5570, 5572, 5574, 5575, 5576, 5579, 5584, 5585, 5593, 5594, 5603, 5606, 5607, 5614, 5620, 5623, 5634, 5636, 5637, 5640, 5641, 5642, 5643, 5672, 5689, 5690, 5691, 5692, 5693, 5700, 5701, 5718, 5719, 5720, 5721, 5753, 5754, 5853, 5855, 5858, 5861, 5862, 5865, 5866, 5867, 5872, 5873, 5876, 5877, 5885, 5886, 5891, 5892, 5893, 5896, 5897, 5902, 5910, 5912, 5915, 5917, 5922, 5924, 5933, 5935, 5940, 5942, 5952, 5953, 5954, 5955, 5956, 5957, 5964, 5965, 5977, 5978, 5986, 5987, 5988, 5989, 5990, 5992, 6000, 6002, 6004, 6005, 6006, 6007, 6008, 6009, 6015, 6017, 6034, 6042, 6058, 6059, 6060, 6061, 6062, 6064, 6065, 6067, 6070, 6080, 6086, 6090, 6093, 6094, 6095, 6096, 6097, 6099, 6100, 6101, 6102, 6103, 6105, 6106, 6107, 6108, 6109, 6110, 6112, 6113, 6114, 6116, 6117, 6118, 6119, 6121, 6124, 6126, 6127, 6129, 6132, 6133, 6134, 6135, 6136, 6137, 6140, 6141, 6142, 6143, 6144, 6145, 6146, 6147, 6150, 6151, 6152, 6154, 6157, 6158, 6159, 6160, 6161, 6162, 6167, 6168, 6170, 6171, 6172, 6174, 6176, 6281, 6287, 6288, 6290, 6292, 6293, 6294, 6295, 6296, 6298, 6299, 6300, 6301, 6302, 6304, 6305, 6307, 6308, 6309, 6310, 6311, 6313, 6317, 6318, 6319, 6324, 6325, 6326, 6328, 6329, 6330, 6332, 6334, 6340, 6344, 6349, 6352, 6353, 6354, 6355, 6356, 6358, 6359, 6360, 6361, 6362, 6364, 6365, 6372, 6373, 6374, 6375, 6379, 6380, 6381, 6382, 6388, 6395, 6397, 6405, 6406, 6407, 6411, 6412, 6413, 6414, 6416, 6417, 6418, 6419, 6424, 6425, 6426, 6427, 6430, 6431, 6437, 6440, 6441, 6442, 6443, 6444, 6445, 6447, 6448, 6449, 6450, 6452, 6454, 6458, 6459, 6460, 6461, 6462, 6463, 6464, 6465, 6467, 6468, 6469, 6471, 6472, 6473, 6477, 6478, 6479, 6480, 6485, 6487, 6488, 6489, 6490, 6491, 6492, 6497, 6500, 6513, 6514, 6515, 6516, 6518], "summary": {"covered_lines": 1355, "num_statements": 3047, "percent_covered": 44.46997046275025, "percent_covered_display": "44", "missing_lines": 1692, "excluded_lines": 0}, "missing_lines": [23, 171, 177, 180, 182, 185, 186, 187, 188, 190, 191, 192, 193, 194, 195, 197, 198, 199, 200, 201, 202, 203, 205, 206, 207, 208, 209, 210, 211, 212, 213, 214, 215, 216, 217, 219, 221, 230, 233, 234, 235, 238, 239, 240, 242, 243, 244, 245, 247, 248, 251, 252, 254, 255, 261, 262, 263, 267, 268, 269, 270, 271, 276, 279, 280, 281, 282, 283, 284, 287, 288, 289, 290, 291, 292, 293, 300, 301, 302, 304, 305, 306, 307, 308, 311, 312, 313, 314, 315, 316, 317, 319, 322, 323, 326, 329, 330, 331, 334, 335, 336, 339, 342, 343, 344, 347, 348, 351, 352, 353, 356, 357, 360, 361, 364, 367, 368, 371, 374, 375, 378, 379, 380, 383, 384, 387, 388, 389, 392, 393, 394, 396, 397, 400, 406, 407, 408, 409, 410, 411, 414, 415, 417, 418, 432, 433, 434, 435, 442, 445, 447, 449, 452, 453, 454, 455, 460, 462, 463, 464, 465, 466, 467, 469, 470, 475, 476, 479, 480, 481, 482, 484, 485, 505, 507, 508, 509, 511, 512, 514, 515, 517, 526, 527, 528, 529, 530, 533, 534, 536, 543, 544, 545, 550, 551, 552, 553, 561, 562, 564, 565, 568, 569, 574, 576, 582, 583, 584, 585, 586, 590, 592, 593, 600, 601, 602, 603, 609, 610, 613, 614, 615, 616, 617, 618, 621, 622, 623, 624, 659, 660, 661, 662, 663, 664, 665, 678, 679, 680, 681, 685, 686, 687, 688, 689, 690, 691, 692, 697, 698, 701, 706, 707, 708, 710, 711, 712, 713, 714, 715, 717, 718, 719, 720, 726, 727, 735, 742, 743, 747, 748, 749, 750, 751, 758, 759, 760, 761, 762, 763, 771, 775, 776, 780, 781, 782, 783, 784, 789, 790, 794, 795, 796, 798, 799, 801, 818, 819, 820, 821, 822, 824, 825, 827, 829, 831, 832, 837, 841, 842, 843, 845, 846, 847, 848, 849, 850, 851, 852, 853, 858, 869, 870, 907, 917, 918, 919, 920, 921, 926, 927, 931, 933, 934, 935, 936, 937, 938, 939, 940, 948, 952, 953, 962, 968, 969, 970, 971, 972, 973, 974, 982, 986, 992, 998, 999, 1000, 1003, 1004, 1005, 1006, 1017, 1018, 1019, 1020, 1024, 1041, 1043, 1044, 1050, 1052, 1062, 1064, 1065, 1066, 1067, 1068, 1070, 1074, 1076, 1077, 1078, 1079, 1080, 1082, 1090, 1091, 1092, 1094, 1095, 1096, 1097, 1099, 1100, 1101, 1102, 1103, 1110, 1111, 1112, 1113, 1116, 1118, 1119, 1121, 1124, 1125, 1126, 1127, 1129, 1130, 1131, 1133, 1134, 1135, 1136, 1138, 1145, 1146, 1151, 1152, 1153, 1154, 1157, 1158, 1159, 1160, 1161, 1162, 1163, 1179, 1183, 1184, 1185, 1186, 1187, 1188, 1198, 1201, 1202, 1203, 1206, 1207, 1208, 1209, 1210, 1211, 1212, 1213, 1214, 1217, 1224, 1225, 1228, 1229, 1230, 1231, 1233, 1234, 1235, 1237, 1238, 1240, 1241, 1243, 1257, 1269, 1272, 1275, 1276, 1277, 1278, 1279, 1281, 1282, 1283, 1284, 1285, 1286, 1287, 1288, 1300, 1301, 1302, 1308, 1309, 1310, 1311, 1313, 1317, 1318, 1319, 1322, 1323, 1325, 1327, 1328, 1330, 1332, 1333, 1339, 1340, 1342, 1343, 1344, 1345, 1346, 1347, 1353, 1356, 1357, 1359, 1364, 1365, 1366, 1370, 1372, 1373, 1375, 1377, 1378, 1392, 1393, 1396, 1409, 1410, 1423, 1429, 1432, 1433, 1438, 1439, 1454, 1455, 1456, 1457, 1458, 1459, 1460, 1468, 1469, 1470, 1471, 1472, 1473, 1474, 1478, 1479, 1480, 1482, 1483, 1484, 1485, 1489, 1490, 1491, 1493, 1494, 1495, 1496, 1498, 1499, 1500, 1501, 1502, 1507, 1508, 1509, 1512, 1513, 1514, 1515, 1518, 1530, 1531, 1532, 1533, 1538, 1540, 1541, 1542, 1543, 1548, 1550, 1551, 1571, 1572, 1573, 1574, 1575, 1576, 1581, 1582, 1583, 1585, 1647, 1669, 1671, 1702, 1704, 1705, 1706, 1707, 1711, 1712, 1713, 1714, 1715, 1716, 1717, 1718, 1725, 1726, 1727, 1732, 1739, 1740, 1744, 1745, 1747, 1748, 1750, 1751, 1754, 1755, 1757, 1758, 1763, 1767, 1768, 1772, 1775, 1776, 1777, 1778, 1779, 1781, 1785, 1786, 1787, 1790, 1791, 1807, 1815, 1816, 1817, 1838, 1842, 1846, 1849, 1856, 1860, 1863, 1864, 1881, 1911, 1912, 1923, 1924, 1926, 1927, 2108, 2109, 2117, 2175, 2176, 2177, 2192, 2193, 2194, 2198, 2199, 2200, 2201, 2203, 2204, 2205, 2213, 2215, 2216, 2217, 2225, 2226, 2235, 2236, 2238, 2239, 2240, 2241, 2242, 2245, 2246, 2247, 2248, 2249, 2250, 2251, 2252, 2257, 2258, 2269, 2270, 2272, 2273, 2274, 2275, 2312, 2313, 2317, 2318, 2319, 2320, 2323, 2324, 2326, 2327, 2331, 2339, 2341, 2343, 2379, 2380, 2530, 2563, 2564, 2566, 2567, 2569, 2570, 2587, 2606, 2607, 2700, 2702, 2723, 2724, 2725, 2727, 2728, 2746, 2841, 2859, 2860, 2863, 2864, 2871, 2872, 2873, 2874, 2875, 2876, 2877, 2878, 2879, 2880, 2881, 2941, 2942, 2943, 2954, 2958, 2961, 2962, 2965, 2966, 2973, 2998, 2999, 3072, 3073, 3076, 3077, 3081, 3092, 3146, 3147, 3148, 3149, 3150, 3151, 3152, 3154, 3155, 3156, 3157, 3158, 3163, 3164, 3173, 3174, 3178, 3179, 3180, 3189, 3190, 3191, 3206, 3207, 3208, 3209, 3210, 3211, 3212, 3214, 3215, 3216, 3233, 3234, 3235, 3239, 3240, 3241, 3242, 3243, 3313, 3319, 3320, 3321, 3325, 3326, 3327, 3329, 3330, 3331, 3332, 3334, 3335, 3336, 3337, 3340, 3341, 3344, 3345, 3348, 3349, 3351, 3352, 3353, 3354, 3356, 3357, 3358, 3361, 3366, 3369, 3370, 3371, 3379, 3380, 3381, 3383, 3384, 3385, 3386, 3387, 3388, 3393, 3394, 3402, 3409, 3410, 3411, 3413, 3416, 3417, 3418, 3419, 3420, 3422, 3423, 3425, 3428, 3429, 3430, 3431, 3434, 3435, 3436, 3437, 3438, 3443, 3446, 3447, 3448, 3452, 3453, 3454, 3455, 3456, 3465, 3471, 3472, 3473, 3474, 3475, 3479, 3480, 3481, 3483, 3486, 3487, 3488, 3489, 3490, 3493, 3494, 3495, 3496, 3499, 3500, 3501, 3502, 3503, 3506, 3507, 3508, 3523, 3532, 3533, 3536, 3537, 3540, 3542, 3543, 3545, 3546, 3549, 3550, 3553, 3554, 3557, 3558, 3559, 3560, 3561, 3570, 3571, 3572, 3573, 3582, 3584, 3585, 3586, 3605, 3631, 3638, 3639, 3640, 3641, 3646, 3657, 3658, 3659, 3668, 3674, 3676, 3677, 3678, 3679, 3688, 3689, 3690, 3691, 3692, 3702, 3706, 3715, 3734, 3741, 3742, 3743, 3744, 3746, 3747, 3749, 3750, 3751, 3753, 3755, 3756, 3758, 3759, 3762, 3763, 3768, 3771, 3772, 3777, 3780, 3781, 3782, 3783, 3788, 3791, 3797, 3810, 3811, 3812, 3815, 3816, 3817, 3818, 3821, 3822, 3823, 3824, 3825, 3826, 3834, 3835, 3836, 3837, 3839, 3840, 3842, 3843, 3844, 3845, 3846, 3847, 3848, 3849, 3850, 3863, 3864, 3869, 3870, 3871, 3872, 3876, 3877, 3878, 3883, 3884, 3885, 3886, 3887, 3889, 3894, 3895, 3896, 3897, 3898, 3899, 3900, 3901, 3908, 3909, 3914, 3915, 3916, 3917, 3918, 3920, 3921, 3923, 3928, 3930, 3931, 3937, 3938, 3939, 3940, 3945, 3946, 3949, 3950, 3951, 3952, 3957, 3958, 3961, 3962, 3963, 3964, 3965, 3966, 3969, 3971, 3974, 3977, 3985, 3990, 3991, 3992, 3994, 3995, 3996, 3997, 4004, 4005, 4006, 4008, 4010, 4011, 4012, 4013, 4015, 4020, 4021, 4022, 4024, 4025, 4026, 4029, 4030, 4031, 4032, 4033, 4036, 4037, 4038, 4039, 4044, 4046, 4048, 4049, 4050, 4056, 4057, 4059, 4060, 4061, 4062, 4063, 4064, 4065, 4066, 4067, 4068, 4070, 4071, 4072, 4078, 4079, 4082, 4083, 4084, 4085, 4086, 4087, 4088, 4090, 4091, 4093, 4094, 4095, 4096, 4098, 4099, 4102, 4103, 4126, 4128, 4138, 4143, 4157, 4158, 4163, 4164, 4170, 4171, 4175, 4176, 4190, 4191, 4192, 4196, 4197, 4200, 4201, 4202, 4205, 4206, 4207, 4211, 4212, 4219, 4223, 4228, 4240, 4241, 4245, 4246, 4247, 4248, 4249, 4250, 4251, 4252, 4253, 4255, 4256, 4264, 4265, 4266, 4267, 4268, 4269, 4270, 4272, 4276, 4277, 4278, 4279, 4280, 4282, 4283, 4291, 4292, 4294, 4298, 4299, 4300, 4301, 4302, 4303, 4304, 4306, 4307, 4315, 4316, 4318, 4412, 4413, 4415, 4419, 4420, 4421, 4422, 4423, 4424, 4426, 4428, 4430, 4436, 4465, 4503, 4505, 4506, 4512, 4513, 4514, 4521, 4522, 4523, 4524, 4525, 4526, 4542, 4545, 4546, 4548, 4549, 4551, 4552, 4553, 4554, 4557, 4558, 4559, 4560, 4561, 4562, 4564, 4565, 4566, 4567, 4568, 4569, 4570, 4571, 4572, 4575, 4576, 4577, 4579, 4580, 4582, 4583, 4584, 4585, 4586, 4587, 4596, 4597, 4598, 4601, 4602, 4605, 4608, 4609, 4624, 4625, 4639, 4640, 4641, 4642, 4643, 4660, 4665, 4666, 4678, 4711, 4712, 4714, 4719, 4720, 4722, 4723, 4725, 4726, 4727, 4728, 4729, 4730, 4731, 4732, 4733, 4734, 4735, 4736, 4737, 4738, 4740, 4741, 4742, 4743, 4744, 4745, 4746, 4747, 4748, 4749, 4751, 4762, 4763, 4764, 4765, 4766, 4767, 4768, 4769, 4771, 4841, 4863, 4864, 4865, 4866, 4867, 4868, 4869, 4870, 4871, 4873, 4874, 4875, 4876, 4877, 4879, 4893, 4900, 4901, 4902, 4903, 4904, 4905, 4907, 4908, 4909, 4925, 4932, 4933, 4934, 4935, 4937, 4939, 4940, 4941, 4942, 4943, 4944, 4952, 4953, 4960, 4961, 4962, 4963, 4964, 5018, 5019, 5020, 5026, 5030, 5031, 5053, 5054, 5061, 5062, 5063, 5073, 5078, 5083, 5084, 5085, 5099, 5100, 5101, 5103, 5105, 5106, 5119, 5120, 5131, 5132, 5133, 5134, 5135, 5150, 5151, 5152, 5153, 5154, 5155, 5156, 5157, 5158, 5159, 5160, 5161, 5163, 5164, 5165, 5166, 5175, 5206, 5207, 5208, 5209, 5211, 5212, 5213, 5214, 5215, 5216, 5222, 5234, 5235, 5237, 5238, 5255, 5260, 5285, 5286, 5292, 5293, 5297, 5298, 5302, 5303, 5305, 5325, 5341, 5352, 5353, 5354, 5355, 5379, 5381, 5383, 5384, 5391, 5392, 5393, 5394, 5395, 5396, 5507, 5508, 5509, 5510, 5511, 5512, 5540, 5586, 5587, 5588, 5589, 5590, 5595, 5596, 5597, 5598, 5599, 5600, 5604, 5608, 5609, 5610, 5611, 5615, 5616, 5617, 5618, 5619, 5621, 5644, 5645, 5646, 5647, 5648, 5649, 5650, 5651, 5662, 5668, 5669, 5673, 5674, 5675, 5676, 5677, 5682, 5702, 5703, 5704, 5705, 5706, 5707, 5708, 5709, 5710, 5711, 5722, 5723, 5724, 5726, 5728, 5736, 5737, 5738, 5743, 5744, 5745, 5751, 5769, 5770, 5771, 5772, 5773, 5774, 5775, 5776, 5777, 5778, 5779, 5780, 5781, 5792, 5793, 5794, 5795, 5798, 5799, 5800, 5801, 5802, 5804, 5805, 5806, 5809, 5810, 5811, 5812, 5813, 5814, 5815, 5816, 5817, 5820, 5823, 5824, 5825, 5827, 5829, 5830, 5831, 5832, 5833, 5834, 5837, 5838, 5839, 5850, 5851, 5859, 5863, 5903, 5904, 5913, 5919, 5920, 5943, 5950, 5966, 5974, 5975, 5976, 6125, 6182, 6184, 6185, 6186, 6187, 6188, 6191, 6192, 6193, 6194, 6195, 6197, 6198, 6199, 6200, 6201, 6203, 6204, 6205, 6206, 6207, 6208, 6210, 6211, 6212, 6214, 6215, 6216, 6217, 6219, 6221, 6222, 6223, 6224, 6226, 6229, 6230, 6231, 6232, 6233, 6234, 6235, 6236, 6240, 6243, 6244, 6245, 6246, 6247, 6248, 6249, 6250, 6253, 6254, 6255, 6257, 6260, 6261, 6264, 6265, 6266, 6267, 6272, 6273, 6275, 6276, 6277, 6279, 6314, 6383, 6389, 6420, 6433, 6434, 6435, 6436, 6501, 6502, 6503, 6504, 6505, 6510, 6511], "excluded_lines": [], "functions": {"CarmaboxCoordinator.__init__": {"executed_lines": [], "summary": {"covered_lines": 0, "num_statements": 172, "percent_covered": 0.0, "percent_covered_display": "0", "missing_lines": 172, "excluded_lines": 0}, "missing_lines": [171, 177, 180, 182, 185, 186, 187, 188, 190, 191, 192, 193, 194, 195, 197, 198, 199, 200, 201, 202, 203, 205, 206, 207, 208, 209, 210, 211, 212, 213, 214, 215, 216, 217, 219, 221, 230, 233, 234, 235, 238, 239, 240, 242, 243, 244, 245, 247, 248, 251, 252, 254, 255, 261, 262, 263, 267, 268, 269, 270, 271, 276, 279, 280, 281, 282, 283, 284, 287, 288, 289, 290, 291, 292, 293, 300, 301, 302, 304, 305, 306, 307, 308, 311, 312, 313, 314, 315, 316, 317, 319, 322, 323, 326, 329, 330, 331, 334, 335, 336, 339, 342, 343, 344, 347, 348, 351, 352, 353, 356, 357, 360, 361, 364, 367, 368, 371, 374, 375, 378, 379, 380, 383, 384, 387, 388, 389, 392, 393, 394, 396, 397, 400, 406, 407, 408, 409, 410, 411, 414, 415, 417, 418, 432, 433, 434, 435, 442, 445, 447, 449, 452, 453, 454, 455, 460, 462, 463, 464, 465, 466, 467, 469, 470, 475, 476, 479, 480, 481, 482, 484, 485], "excluded_lines": []}, "CarmaboxCoordinator._has_feature": {"executed_lines": [489], "summary": {"covered_lines": 1, "num_statements": 1, "percent_covered": 100.0, "percent_covered_display": "100", "missing_lines": 0, "excluded_lines": 0}, "missing_lines": [], "excluded_lines": []}, "CarmaboxCoordinator._check_license": {"executed_lines": [500, 502, 503, 504], "summary": {"covered_lines": 4, "num_statements": 24, "percent_covered": 16.666666666666668, "percent_covered_display": "17", "missing_lines": 20, "excluded_lines": 0}, "missing_lines": [505, 507, 508, 509, 511, 512, 514, 515, 517, 526, 527, 528, 529, 530, 533, 534, 536, 543, 544, 545], "excluded_lines": []}, "CarmaboxCoordinator.cable_locked_entity": {"executed_lines": [], "summary": {"covered_lines": 0, "num_statements": 4, "percent_covered": 0.0, "percent_covered_display": "0", "missing_lines": 4, "excluded_lines": 0}, "missing_lines": [550, 551, 552, 553], "excluded_lines": []}, "CarmaboxCoordinator.on_ev_cable_connected": {"executed_lines": [], "summary": {"covered_lines": 0, "num_statements": 8, "percent_covered": 0.0, "percent_covered_display": "0", "missing_lines": 8, "excluded_lines": 0}, "missing_lines": [561, 562, 564, 565, 568, 569, 574, 576], "excluded_lines": []}, "CarmaboxCoordinator._days_since_full_charge": {"executed_lines": [580, 581], "summary": {"covered_lines": 2, "num_statements": 7, "percent_covered": 28.571428571428573, "percent_covered_display": "29", "missing_lines": 5, "excluded_lines": 0}, "missing_lines": [582, 583, 584, 585, 586], "excluded_lines": []}, "CarmaboxCoordinator._ellevio_weight": {"executed_lines": [], "summary": {"covered_lines": 0, "num_statements": 3, "percent_covered": 0.0, "percent_covered_display": "0", "missing_lines": 3, "excluded_lines": 0}, "missing_lines": [590, 592, 593], "excluded_lines": []}, "CarmaboxCoordinator._read_cell_temp": {"executed_lines": [597, 598, 599, 604], "summary": {"covered_lines": 4, "num_statements": 8, "percent_covered": 50.0, "percent_covered_display": "50", "missing_lines": 4, "excluded_lines": 0}, "missing_lines": [600, 601, 602, 603], "excluded_lines": []}, "CarmaboxCoordinator._detect_miner_entity": {"executed_lines": [608, 620, 625], "summary": {"covered_lines": 3, "num_statements": 15, "percent_covered": 20.0, "percent_covered_display": "20", "missing_lines": 12, "excluded_lines": 0}, "missing_lines": [609, 610, 613, 614, 615, 616, 617, 618, 621, 622, 623, 624], "excluded_lines": []}, "CarmaboxCoordinator._get_entity": {"executed_lines": [629], "summary": {"covered_lines": 1, "num_statements": 1, "percent_covered": 100.0, "percent_covered_display": "100", "missing_lines": 0, "excluded_lines": 0}, "missing_lines": [], "excluded_lines": []}, "CarmaboxCoordinator._read_float": {"executed_lines": [633, 634, 635, 636, 637, 638, 639, 641, 642, 643, 644, 645, 646], "summary": {"covered_lines": 13, "num_statements": 13, "percent_covered": 100.0, "percent_covered_display": "100", "missing_lines": 0, "excluded_lines": 0}, "missing_lines": [], "excluded_lines": []}, "CarmaboxCoordinator._read_float_or_none": {"executed_lines": [654, 655, 656, 657, 658], "summary": {"covered_lines": 5, "num_statements": 12, "percent_covered": 41.666666666666664, "percent_covered_display": "42", "missing_lines": 7, "excluded_lines": 0}, "missing_lines": [659, 660, 661, 662, 663, 664, 665], "excluded_lines": []}, "CarmaboxCoordinator._read_str": {"executed_lines": [669, 670, 671, 672, 673, 674], "summary": {"covered_lines": 6, "num_statements": 6, "percent_covered": 100.0, "percent_covered_display": "100", "missing_lines": 0, "excluded_lines": 0}, "missing_lines": [], "excluded_lines": []}, "CarmaboxCoordinator._async_restore_savings": {"executed_lines": [], "summary": {"covered_lines": 0, "num_statements": 30, "percent_covered": 0.0, "percent_covered_display": "0", "missing_lines": 30, "excluded_lines": 0}, "missing_lines": [678, 679, 680, 681, 685, 686, 687, 688, 689, 690, 691, 692, 697, 698, 701, 706, 707, 708, 710, 711, 712, 713, 714, 715, 717, 718, 719, 720, 726, 727], "excluded_lines": []}, "CarmaboxCoordinator._async_save_savings": {"executed_lines": [731, 733, 734, 736, 737, 738, 739, 740, 741], "summary": {"covered_lines": 9, "num_statements": 12, "percent_covered": 75.0, "percent_covered_display": "75", "missing_lines": 3, "excluded_lines": 0}, "missing_lines": [735, 742, 743], "excluded_lines": []}, "CarmaboxCoordinator._async_restore_consumption": {"executed_lines": [], "summary": {"covered_lines": 0, "num_statements": 11, "percent_covered": 0.0, "percent_covered_display": "0", "missing_lines": 11, "excluded_lines": 0}, "missing_lines": [747, 748, 749, 750, 751, 758, 759, 760, 761, 762, 763], "excluded_lines": []}, "CarmaboxCoordinator._async_save_consumption": {"executed_lines": [767, 769, 770, 772, 773, 774], "summary": {"covered_lines": 6, "num_statements":
[...]
c": {"executed_lines": [], "summary": {"covered_lines": 0, "num_statements": 9, "percent_covered": 0.0, "percent_covered_display": "0", "missing_lines": 9, "excluded_lines": 0}, "missing_lines": [67, 68, 69, 70, 71, 72, 73, 74, 75], "excluded_lines": []}, "SafetyGuardRepairFlow._get_placeholders": {"executed_lines": [], "summary": {"covered_lines": 0, "num_statements": 5, "percent_covered": 0.0, "percent_covered_display": "0", "missing_lines": 5, "excluded_lines": 0}, "missing_lines": [79, 80, 81, 82, 83], "excluded_lines": []}, "async_create_fix_flow": {"executed_lines": [], "summary": {"covered_lines": 0, "num_statements": 3, "percent_covered": 0.0, "percent_covered_display": "0", "missing_lines": 3, "excluded_lines": 0}, "missing_lines": [94, 95, 96], "excluded_lines": []}, "raise_safety_guard_issue": {"executed_lines": [104], "summary": {"covered_lines": 1, "num_statements": 1, "percent_covered": 100.0, "percent_covered_display": "100", "missing_lines": 0, "excluded_lines": 0}, "missing_lines": [], "excluded_lines": []}, "raise_hub_offline_issue": {"executed_lines": [118], "summary": {"covered_lines": 1, "num_statements": 1, "percent_covered": 100.0, "percent_covered_display": "100", "missing_lines": 0, "excluded_lines": 0}, "missing_lines": [], "excluded_lines": []}, "clear_issue": {"executed_lines": [132], "summary": {"covered_lines": 1, "num_statements": 1, "percent_covered": 100.0, "percent_covered_display": "100", "missing_lines": 0, "excluded_lines": 0}, "missing_lines": [], "excluded_lines": []}, "": {"executed_lines": [1, 8, 10, 11, 13, 14, 16, 18, 21, 22, 24, 25, 26, 27, 29, 30, 32, 39, 65, 77, 85, 86, 88, 102, 116, 130], "summary": {"covered_lines": 23, "num_statements": 25, "percent_covered": 92.0, "percent_covered_display": "92", "missing_lines": 2, "excluded_lines": 0}, "missing_lines": [98, 99], "excluded_lines": []}}, "classes": {"SafetyGuardRepairFlow": {"executed_lines": [], "summary": {"covered_lines": 0, "num_statements": 21, "percent_covered": 0.0, "percent_covered_display": "0", "missing_lines": 21, "excluded_lines": 0}, "missing_lines": [37, 44, 45, 46, 47, 48, 50, 67, 68, 69, 70, 71, 72, 73, 74, 75, 79, 80, 81, 82, 83], "excluded_lines": []}, "HubOfflineRepairFlow": {"executed_lines": [], "summary": {"covered_lines": 0, "num_statements": 0, "percent_covered": 100.0, "percent_covered_display": "100", "missing_lines": 0, "excluded_lines": 0}, "missing_lines": [], "excluded_lines": []}, "": {"executed_lines": [1, 8, 10, 11, 13, 14, 16, 18, 21, 22, 24, 25, 26, 27, 29, 30, 32, 39, 65, 77, 85, 86, 88, 102, 104, 116, 118, 130, 132], "summary": {"covered_lines": 26, "num_statements": 31, "percent_covered": 83.87096774193549, "percent_covered_display": "84", "missing_lines": 5, "excluded_lines": 0}, "missing_lines": [94, 95, 96, 98, 99], "excluded_lines": []}}}, "custom_components/carmabox/sensor.py": {"executed_lines": [1, 7, 9, 10, 11, 13, 19, 20, 21, 22, 23, 24, 26, 27, 28, 37, 38, 39, 41, 42, 45, 47, 48, 49, 50, 51, 52, 53, 54, 55, 56, 57, 59, 61, 62, 63, 66, 68, 69, 70, 72, 73, 85, 97, 99, 100, 103, 105, 106, 107, 108, 109, 110, 113, 115, 116, 119, 121, 122, 152, 156, 171, 174, 181, 182, 183, 184, 185, 186, 187, 188, 189, 190, 192, 193, 194, 195, 197, 200, 202, 203, 204, 221, 229, 239, 267, 281, 298, 310, 334, 344, 361, 371, 404, 406, 409, 411, 414, 416, 417, 420, 422, 425, 437, 445, 456, 461, 474, 499, 518, 615, 623, 646, 651, 662, 698, 703, 965, 968, 969, 971, 974, 979, 980, 982, 983, 988, 991, 995, 996, 997, 998, 1000, 1001, 1002, 1003, 1017, 1020, 1037, 1038, 1040, 1041, 1043, 1050, 1051, 1052, 1053, 1055, 1056, 1058, 1066, 1067, 1069, 1071, 1072, 1074, 1075, 1076], "summary": {"covered_lines": 155, "num_statements": 300, "percent_covered": 51.666666666666664, "percent_covered_display": "52", "missing_lines": 145, "excluded_lines": 0}, "missing_lines": [58, 60, 74, 153, 196, 231, 232, 233, 234, 235, 236, 241, 242, 247, 252, 253, 269, 270, 271, 272, 273, 274, 275, 276, 277, 278, 283, 284, 285, 286, 287, 288, 289, 300, 301, 302, 303, 304, 305, 306, 307, 312, 313, 318, 319, 320, 336, 337, 338, 339, 340, 341, 346, 347, 348, 349, 350, 363, 364, 365, 366, 367, 368, 373, 374, 375, 376, 377, 379, 427, 429, 430, 431, 432, 433, 434, 439, 441, 442, 447, 448, 449, 450, 451, 452, 453, 458, 463, 464, 465, 466, 467, 468, 469, 470, 471, 476, 477, 478, 482, 501, 502, 503, 506, 515, 521, 522, 525, 596, 597, 599, 600, 601, 602, 603, 605, 617, 618, 619, 620, 625, 626, 627, 628, 629, 648, 653, 654, 655, 656, 657, 658, 659, 664, 665, 666, 667, 686, 700, 1026, 1027, 1030, 1031, 1032, 1034], "excluded_lines": [], "functions": {"_plan_status_value": {"executed_lines": [47, 48, 49, 50, 51, 52, 53, 54, 55, 56, 57, 59, 61, 62, 63], "summary": {"covered_lines": 15, "num_statements": 17, "percent_covered": 88.23529411764706, "percent_covered_display": "88", "missing_lines": 2, "excluded_lines": 0}, "missing_lines": [58, 60], "excluded_lines": []}, "_plan_status_attrs": {"executed_lines": [68, 69, 70, 72, 73, 85], "summary": {"covered_lines": 6, "num_statements": 7, "percent_covered": 85.71428571428571, "percent_covered_display": "86", "missing_lines": 1, "excluded_lines": 0}, "missing_lines": [74], "excluded_lines": []}, "_savings_value": {"executed_lines": [99, 100], "summary": {"covered_lines": 2, "num_statements": 2, "percent_covered": 100.0, "percent_covered_display": "100", "missing_lines": 0, "excluded_lines": 0}, "missing_lines": [], "excluded_lines": []}, "_savings_attrs": {"executed_lines": [105, 106, 107, 108, 109, 110], "summary": {"covered_lines": 6, "num_statements": 6, "percent_covered": 100.0, "percent_covered_display": "100", "missing_lines": 0, "excluded_lines": 0}, "missing_lines": [], "excluded_lines": []}, "_decision_value": {"executed_lines": [115, 116], "summary": {"covered_lines": 2, "num_statements": 2, "percent_covered": 100.0, "percent_covered_display": "100", "missing_lines": 0, "excluded_lines": 0}, "missing_lines": [], "excluded_lines": []}, "_decision_attrs": {"executed_lines": [121, 122, 152, 156, 171], "summary": {"covered_lines": 5, "num_statements": 6, "percent_covered": 83.33333333333333, "percent_covered_display": "83", "missing_lines": 1, "excluded_lines": 0}, "missing_lines": [153], "excluded_lines": []}, "_plan_accuracy_value": {"executed_lines": [181, 182, 183, 184, 185, 186, 187, 188, 189, 190, 192, 193, 194, 195, 197], "summary": {"covered_lines": 15, "num_statements": 16, "percent_covered": 93.75, "percent_covered_display": "94", "missing_lines": 1, "excluded_lines": 0}, "missing_lines": [196], "excluded_lines": []}, "_plan_accuracy_attrs": {"executed_lines": [202, 203, 204, 221], "summary": {"covered_lines": 4, "num_statements": 4, "percent_covered": 100.0, "percent_covered_display": "100", "missing_lines": 0, "excluded_lines": 0}, "missing_lines": [], "excluded_lines": []}, "_battery_efficiency_value": {"executed_lines": [], "summary": {"covered_lines": 0, "num_statements": 6, "percent_covered": 0.0, "percent_covered_display": "0", "missing_lines": 6, "excluded_lines": 0}, "missing_lines": [231, 232, 233, 234, 235, 236], "excluded_lines": []}, "_battery_efficiency_attrs": {"executed_lines": [], "summary": {"covered_lines": 0, "num_statements": 5, "percent_covered": 0.0, "percent_covered_display": "0", "missing_lines": 5, "excluded_lines": 0}, "missing_lines": [241, 242, 247, 252, 253], "excluded_lines": []}, "_optimization_score_value": {"executed_lines": [], "summary": {"covered_lines": 0, "num_statements": 10, "percent_covered": 0.0, "percent_covered_display": "0", "missing_lines": 10, "excluded_lines": 0}, "missing_lines": [269, 270, 271, 272, 273, 274, 275, 276, 277, 278], "excluded_lines": []}, "_optimization_score_attrs": {"executed_lines": [], "summary": {"covered_lines": 0, "num_statements": 7, "percent_covered": 0.0, "percent_covered_display": "0", "missing_lines": 7, "excluded_lines": 0}, "missing_lines": [283, 284, 285, 286, 287, 288, 289], "excluded_lines": []}, "_grid_charge_efficiency_value": {"executed_lines": [], "summary": {"covered_lines": 0, "num_statements": 8, "percent_covered": 0.0, "percent_covered_display": "0", "missing_lines": 8, "excluded_lines": 0}, "missing_lines": [300, 301, 302, 303, 304, 305, 306, 307], "excluded_lines": []}, "_grid_charge_efficiency_attrs": {"executed_lines": [], "summary": {"covered_lines": 0, "num_statements": 5, "percent_covered": 0.0, "percent_covered_display": "0", "missing_lines": 5, "excluded_lines": 0}, "missing_lines": [312, 313, 318, 319, 320], "excluded_lines": []}, "_ellevio_realtime_value": {"executed_lines": [], "summary": {"covered_lines": 0, "num_statements": 6, "percent_covered": 0.0, "percent_covered_display": "0", "missing_lines": 6, "excluded_lines": 0}, "missing_lines": [336, 337, 338, 339, 340, 341], "excluded_lines": []}, "_ellevio_realtime_attrs": {"executed_lines": [], "summary": {"covered_lines": 0, "num_statements": 5, "percent_covered": 0.0, "percent_covered_display": "0", "missing_lines": 5, "excluded_lines": 0}, "missing_lines": [346, 347, 348, 349, 350], "excluded_lines": []}, "_shadow_value": {"executed_lines": [], "summary": {"covered_lines": 0, "num_statements": 6, "percent_covered": 0.0, "percent_covered_display": "0", "missing_lines": 6, "excluded_lines": 0}, "missing_lines": [363, 364, 365, 366, 367, 368], "excluded_lines": []}, "_shadow_attrs": {"executed_lines": [], "summary": {"covered_lines": 0, "num_statements": 6, "percent_covered": 0.0, "percent_covered_display": "0", "missing_lines": 6, "excluded_lines": 0}, "missing_lines": [373, 374, 375, 376, 377, 379], "excluded_lines": []}, "_status_value": {"executed_lines": [406], "summary": {"covered_lines": 1, "num_statements": 1, "percent_covered": 100.0, "percent_covered_display": "100", "missing_lines": 0, "excluded_lines": 0}, "missing_lines": [], "excluded_lines": []}, "_status_attrs": {"executed_lines": [411], "summary": {"covered_lines": 1, "num_statements": 1, "percent_covered": 100.0, "percent_covered_display": "100", "missing_lines": 0, "excluded_lines": 0}, "missing_lines": [], "excluded_lines": []}, "_plan_score_value": {"executed_lines": [416, 417], "summary": {"covered_lines": 2, "num_statements": 2, "percent_covered": 100.0, "percent_covered_display": "100", "missing_lines": 0, "excluded_lines": 0}, "missing_lines": [], "excluded_lines": []}, "_plan_score_attrs": {"executed_lines": [422], "summary": {"covered_lines": 1, "num_statements": 1, "percent_covered": 100.0, "percent_covered_display": "100", "missing_lines": 0, "excluded_lines": 0}, "missing_lines": [], "excluded_lines": []}, "_energy_ledger_value": {"executed_lines": [], "summary": {"covered_lines": 0, "num_statements": 7, "percent_covered": 0.0, "percent_covered_display": "0", "missing_lines": 7, "excluded_lines": 0}, "missing_lines": [427, 429, 430, 431, 432, 433, 434], "excluded_lines": []}, "_energy_ledger_attrs": {"executed_lines": [], "summary": {"covered_lines": 0, "num_statements": 3, "percent_covered": 0.0, "percent_covered_display": "0", "missing_lines": 3, "excluded_lines": 0}, "missing_lines": [439, 441, 442], "excluded_lines": []}, "_daily_insight_value": {"executed_lines": [], "summary": {"covered_lines": 0, "num_statements": 7, "percent_covered": 0.0, "percent_covered_display": "0", "missing_lines": 7, "excluded_lines": 0}, "missing_lines": [447, 448, 449, 450, 451, 452, 453], "excluded_lines": []}, "_daily_insight_attrs": {"executed_lines": [], "summary": {"covered_lines": 0, "num_statements": 1, "percent_covered": 0.0, "percent_covered_display": "0", "missing_lines": 1, "excluded_lines": 0}, "missing_lines": [458], "excluded_lines": []}, "_household_insights_value": {"executed_lines": [], "summary": {"covered_lines": 0, "num_statements": 9, "percent_covered": 0.0, "percent_covered_display": "0", "missing_lines": 9, "excluded_lines": 0}, "missing_lines": [463, 464, 465, 466, 467, 468, 469, 470, 471], "excluded_lines": []}, "_household_insights_attrs": {"executed_lines": [], "summary": {"covered_lines": 0, "num_statements": 4, "percent_covered": 0.0, "percent_covered_display": "0", "missing_lines": 4, "excluded_lines": 0}, "missing_lines": [476, 477, 478, 482], "excluded_lines": []}, "_rules_value": {"executed_lines": [], "summary": {"covered_lines": 0, "num_statements": 5, "percent_covered": 0.0, "percent_covered_display": "0", "missing_lines": 5, "excluded_lines": 0}, "missing_lines": [501, 502, 503, 506, 515], "excluded_lines": []}, "_rules_attrs": {"executed_lines": [], "summary": {"covered_lines": 0, "num_statements": 11, "percent_covered": 0.0, "percent_covered_display": "0", "missing_lines": 11, "excluded_lines": 0}, "missing_lines": [521, 522, 525, 596, 597, 599, 600, 601, 602, 603, 605], "excluded_lines": []}, "_scheduler_last_breach_value": {"executed_lines": [], "summary": {"covered_lines": 0, "num_statements": 4, "percent_covered": 0.0, "percent_covered_display": "0", "missing_lines": 4, "excluded_lines": 0}, "missing_lines": [617, 618, 619, 620], "excluded_lines": []}, "_scheduler_last_breach_attrs": {"executed_lines": [], "summary": {"covered_lines": 0, "num_statements": 5, "percent_covered": 0.0, "percent_covered_display": "0", "missing_lines": 5, "excluded_lines": 0}, "missing_lines": [625, 626, 627, 628, 629], "excluded_lines": []}, "_scheduler_breach_count_value": {"executed_lines": [], "summary": {"covered_lines": 0, "num_statements": 1, "percent_covered": 0.0, "percent_covered_display": "0", "missing_lines": 1, "excluded_lines": 0}, "missing_lines": [648], "excluded_lines": []}, "_scheduler_24h_plan_value": {"executed_lines": [], "summary": {"covered_lines": 0, "num_statements": 7, "percent_covered": 0.0, "percent_covered_display": "0", "missing_lines": 7, "excluded_lines": 0}, "missing_lines": [653, 654, 655, 656, 657, 658, 659], "excluded_lines": []}, "_scheduler_24h_plan_attrs": {"executed_lines": [], "summary": {"covered_lines": 0, "num_statements": 5, "percent_covered": 0.0, "percent_covered_display": "0", "missing_lines": 5, "excluded_lines": 0}, "missing_lines": [664, 665, 666, 667, 686], "excluded_lines": []}, "_scheduler_ev_full_charge_value": {"executed_lines": [], "summary": {"covered_lines": 0, "num_statements": 1, "percent_covered": 0.0, "percent_covered_display": "0", "missing_lines": 1, "excluded_lines": 0}, "missing_lines": [700], "excluded_lines": []}, "_appliance_value_factory": {"executed_lines": [968, 971], "summary": {"covered_lines": 2, "num_statements": 2, "percent_covered": 100.0, "percent_covered_display": "100", "missing_lines": 0, "excluded_lines": 0}, "missing_lines": [], "excluded_lines": []}, "_appliance_value_factory._value": {"executed_lines": [969], "summary": {"covered_lines": 1, "num_statements": 1, "percent_covered": 100.0, "percent_covered_display": "100", "missing_lines": 0, "excluded_lines": 0}, "missing_lines": [], "excluded_lines": []}, "_appliance_attrs_factory": {"executed_lines": [979, 988], "summary": {"covered_lines": 2, "num_statements": 2, "percent_covered": 100.0, "percent_covered_display": "100", "missing_lines": 0, "excluded_lines": 0}, "missing_lines": [], "excluded_lines": []}, "_appliance_attrs_factory._attrs": {"executed_lines": [980, 982, 983], "summary": {"covered_lines": 3, "num_statements": 3, "percent_covered": 100.0, "percent_covered_display": "100", "missing_lines": 0, "excluded_lines": 0}, "missing_lines": [], "excluded_lines": []}, "_build_appliance_descriptions": {"executed_lines": [995, 996, 997, 998, 1000, 1001, 1002, 1003, 1017], "summary": {"covered_lines": 9, "num_statements": 9, "percent_covered": 100.0, "percent_covered_display": "100", "missing_lines": 0, "excluded_lines": 0}, "missing_lines": [], "excluded_lines": []}, "async_setup_entry": {"executed_lines": [], "summary": {"covered_lines": 0, "num_statements": 6, "percent_covered": 0.0, "percent_covered_display": "0", "missing_lines": 6, "excluded_lines": 0}, "missing_lines": [1026, 1027, 1030, 1031, 1032, 1034], "excluded_lines": []}, "CarmaboxSensor.__init__": {"executed_lines": [1050, 1051, 1052, 1053], "summary": {"covered_lines": 4, "num_statements": 4, "percent_covered": 100.0, "percent_covered_display": "100", "missing_lines": 0, "excluded_lines": 0}, "missing_lines": [], "excluded_lines": []}, "CarmaboxSensor.device_info": {"executed_lines": [1058], "summary": {"covered_lines": 1, "num_statements": 1, "percent_covered": 100.0, "percent_covered_display": "100", "missing_lines": 0, "excluded_lines": 0}, "missing_lines": [], "excluded_lines": []}, "CarmaboxSensor.native_value": {"executed_lines": [1069], "summary": {"covered_lines": 1, "num_statements": 1, "percent_covered": 100.0, "percent_covered_display": "100", "missing_lines": 0, "excluded_lines": 0}, "missing_lines": [], "excluded_lines": []}, "CarmaboxSensor.extra_state_attributes": {"executed_lines": [1074, 1075, 1076], "summary": {"covered_lines": 3, "num_statements": 3, "percent_covered": 100.0, "percent_covered_display": "100", "missing_lines": 0, "excluded_lines": 0}, "missing_lines": [], "excluded_lines": []}, "": {"executed_lines": [1, 7, 9, 10, 11, 13, 19, 20, 21, 22, 23, 24, 26, 27, 28, 37, 38, 39, 41, 42, 45, 66, 97, 103, 113, 119, 174, 200, 229, 239, 267, 281, 298, 310, 334, 344, 361, 371, 404, 409, 414, 420, 425, 437, 445, 456, 461, 474, 499, 518, 615, 623, 646, 651, 662, 698, 703, 965, 974, 991, 1020, 1037, 1038, 1040, 1041, 1043, 1055, 1056, 1066, 1067, 1071, 1072], "summary": {"covered_lines": 69, "num_statements": 69, "percent_covered": 100.0, "percent_covered_display": "100", "missing_lines": 0, "excluded_lines": 0}, "missing_lines": [], "excluded_lines": []}}, "classes": {"CarmaboxSensorDescription": {"executed_lines": [], "summary": {"covered_lines": 0, "num_statements": 0, "percent_covered": 100.0, "percent_covered_display": "100", "missing_lines": 0, "excluded_lines": 0}, "missing_lines": [], "excluded_lines": []}, "CarmaboxSensor": {"executed_lines": [1050, 1051, 1052, 1053, 1058, 1069, 1074, 1075, 1076], "summary": {"covered_lines": 9, "num_statements": 9, "percent_covered": 100.0, "percent_covered_display": "100", "missing_lines": 0, "excluded_lines": 0}, "missing_lines": [], "excluded_lines": []}, "": {"executed_lines": [1, 7, 9, 10, 11, 13, 19, 20, 21, 22, 23, 24, 26, 27, 28, 37, 38, 39, 41, 42, 45, 47, 48, 49, 50, 51, 52, 53, 54, 55, 56, 57, 59, 61, 62, 63, 66, 68, 69, 70, 72, 73, 85, 97, 99, 100, 103, 105, 106, 107, 108, 109, 110, 113, 115, 116, 119, 121, 122, 152, 156, 171, 174, 181, 182, 183, 184, 185, 186, 187, 188, 189, 190, 192, 193, 194, 195, 197, 200, 202, 203, 204, 221, 229, 239, 267, 281, 298, 310, 334, 344, 361, 371, 404, 406, 409, 411, 414, 416, 417, 420, 422, 425, 437, 445, 456, 461, 474, 499, 518, 615, 623, 646, 651, 662, 698, 703, 965, 968, 969, 971, 974, 979, 980, 982, 983, 988, 991, 995, 996, 997, 998, 1000, 1001, 1002, 1003, 1017, 1020, 1037, 1038, 1040, 1041, 1043, 1055, 1056, 1066, 1067, 1071, 1072], "summary": {"covered_lines": 146, "num_statements": 291, "percent_covered": 50.171821305841924, "percent_covered_display": "50", "missing_lines": 145, "excluded_lines": 0}, "missing_lines": [58, 60, 74, 153, 196, 231, 232, 233, 234, 235, 236, 241, 242, 247, 252, 253, 269, 270, 271, 272, 273, 274, 275, 276, 277, 278, 283, 284, 285, 286, 287, 288, 289, 300, 301, 302, 303, 304, 305, 306, 307, 312, 313, 318, 319, 320, 336, 337, 338, 339, 340, 341, 346, 347, 348, 349, 350, 363, 364, 365, 366, 367, 368, 373, 374, 375, 376, 377, 379, 427, 429, 430, 431, 432, 433, 434, 439, 441, 442, 447, 448, 449, 450, 451, 452, 453, 458, 463, 464, 465, 466, 467, 468, 469, 470, 471, 476, 477, 478, 482, 501, 502, 503, 506, 515, 521, 522, 525, 596, 597, 599, 600, 601, 602, 603, 605, 617, 618, 619, 620, 625, 626, 627, 628, 629, 648, 653, 654, 655, 656, 657, 658, 659, 664, 665, 666, 667, 686, 700, 1026, 1027, 1030, 1031, 1032, 1034], "excluded_lines": []}}}}, "totals": {"covered_lines": 6569, "num_statements": 9791, "percent_covered": 67.0922275559187, "percent_covered_display": "67", "missing_lines": 3222, "excluded_lines": 0}}